
*** Running vivado
    with args -log design_1_xfft_0_0.vds -m64 -product Vivado -mode batch -messageDb vivado.pb -notrace -source design_1_xfft_0_0.tcl


****** Vivado v2019.1 (64-bit)
  **** SW Build 2552052 on Fri May 24 14:47:09 MDT 2019
  **** IP Build 2548770 on Fri May 24 18:01:18 MDT 2019
    ** Copyright 1986-2019 Xilinx, Inc. All Rights Reserved.

source design_1_xfft_0_0.tcl -notrace
Command: synth_design -top design_1_xfft_0_0 -part xc7z020clg484-1 -mode out_of_context
Starting synth_design
Attempting to get a license for feature 'Synthesis' and/or device 'xc7z020'
INFO: [Common 17-349] Got license for feature 'Synthesis' and/or device 'xc7z020'
INFO: [Device 21-403] Loading part xc7z020clg484-1
INFO: Launching helper process for spawning children vivado processes
INFO: Helper process launched with PID 32845 
---------------------------------------------------------------------------------
Starting RTL Elaboration : Time (s): cpu = 00:00:03 ; elapsed = 00:00:11 . Memory (MB): peak = 1783.949 ; gain = 154.719 ; free physical = 445 ; free virtual = 6190
---------------------------------------------------------------------------------
INFO: [Synth 8-638] synthesizing module 'design_1_xfft_0_0' [/home/adi/repo/notes/sem3/ELD2024_LAB/lab9_256/lab9_256.srcs/sources_1/bd/design_1/ip/design_1_xfft_0_0/synth/design_1_xfft_0_0.vhd:83]
	Parameter C_XDEVICEFAMILY bound to: zynq - type: string 
	Parameter C_S_AXIS_CONFIG_TDATA_WIDTH bound to: 16 - type: integer 
	Parameter C_S_AXIS_DATA_TDATA_WIDTH bound to: 64 - type: integer 
	Parameter C_M_AXIS_DATA_TDATA_WIDTH bound to: 64 - type: integer 
	Parameter C_M_AXIS_DATA_TUSER_WIDTH bound to: 1 - type: integer 
	Parameter C_M_AXIS_STATUS_TDATA_WIDTH bound to: 1 - type: integer 
	Parameter C_THROTTLE_SCHEME bound to: 1 - type: integer 
	Parameter C_CHANNELS bound to: 1 - type: integer 
	Parameter C_NFFT_MAX bound to: 8 - type: integer 
	Parameter C_ARCH bound to: 1 - type: integer 
	Parameter C_HAS_NFFT bound to: 0 - type: integer 
	Parameter C_USE_FLT_PT bound to: 1 - type: integer 
	Parameter C_INPUT_WIDTH bound to: 32 - type: integer 
	Parameter C_TWIDDLE_WIDTH bound to: 24 - type: integer 
	Parameter C_OUTPUT_WIDTH bound to: 32 - type: integer 
	Parameter C_HAS_SCALING bound to: 1 - type: integer 
	Parameter C_HAS_BFP bound to: 0 - type: integer 
	Parameter C_HAS_ROUNDING bound to: 0 - type: integer 
	Parameter C_HAS_ACLKEN bound to: 0 - type: integer 
	Parameter C_HAS_ARESETN bound to: 1 - type: integer 
	Parameter C_HAS_OVFLO bound to: 0 - type: integer 
	Parameter C_HAS_NATURAL_INPUT bound to: 1 - type: integer 
	Parameter C_HAS_NATURAL_OUTPUT bound to: 1 - type: integer 
	Parameter C_HAS_CYCLIC_PREFIX bound to: 0 - type: integer 
	Parameter C_HAS_XK_INDEX bound to: 0 - type: integer 
	Parameter C_DATA_MEM_TYPE bound to: 1 - type: integer 
	Parameter C_TWIDDLE_MEM_TYPE bound to: 1 - type: integer 
	Parameter C_BRAM_STAGES bound to: 1 - type: integer 
	Parameter C_REORDER_MEM_TYPE bound to: 1 - type: integer 
	Parameter C_USE_HYBRID_RAM bound to: 0 - type: integer 
	Parameter C_OPTIMIZE_GOAL bound to: 0 - type: integer 
	Parameter C_CMPY_TYPE bound to: 1 - type: integer 
	Parameter C_BFLY_TYPE bound to: 0 - type: integer 
INFO: [Synth 8-3491] module 'xfft_v9_1_2' declared at '/home/adi/repo/notes/sem3/ELD2024_LAB/lab9_256/lab9_256.srcs/sources_1/bd/design_1/ipshared/3c11/hdl/xfft_v9_1_vh_rfs.vhd:103134' bound to instance 'U0' of component 'xfft_v9_1_2' [/home/adi/repo/notes/sem3/ELD2024_LAB/lab9_256/lab9_256.srcs/sources_1/bd/design_1/ip/design_1_xfft_0_0/synth/design_1_xfft_0_0.vhd:204]
WARNING: [Synth 8-5858] RAM adel30_reg from Abstract Data Type (record/struct) for this pattern/configuration is not supported. This will most likely be implemented in registers
WARNING: [Synth 8-5858] RAM bdel_reg from Abstract Data Type (record/struct) for this pattern/configuration is not supported. This will most likely be implemented in registers
WARNING: [Synth 8-5858] RAM sub_reg from Abstract Data Type (record/struct) for this pattern/configuration is not supported. This will most likely be implemented in registers
INFO: [Synth 8-256] done synthesizing module 'design_1_xfft_0_0' (86#1) [/home/adi/repo/notes/sem3/ELD2024_LAB/lab9_256/lab9_256.srcs/sources_1/bd/design_1/ip/design_1_xfft_0_0/synth/design_1_xfft_0_0.vhd:83]
WARNING: [Synth 8-3331] design c_shift_ram_v12_0_13_legacy__parameterized19 has unconnected port a[3]
WARNING: [Synth 8-3331] design c_shift_ram_v12_0_13_legacy__parameterized19 has unconnected port a[2]
WARNING: [Synth 8-3331] design c_shift_ram_v12_0_13_legacy__parameterized19 has unconnected port a[1]
WARNING: [Synth 8-3331] design c_shift_ram_v12_0_13_legacy__parameterized19 has unconnected port a[0]
WARNING: [Synth 8-3331] design c_shift_ram_v12_0_13_legacy__parameterized19 has unconnected port aclr
WARNING: [Synth 8-3331] design c_shift_ram_v12_0_13_legacy__parameterized19 has unconnected port aset
WARNING: [Synth 8-3331] design c_shift_ram_v12_0_13_legacy__parameterized19 has unconnected port ainit
WARNING: [Synth 8-3331] design c_shift_ram_v12_0_13_legacy__parameterized19 has unconnected port sclr
WARNING: [Synth 8-3331] design c_shift_ram_v12_0_13_legacy__parameterized19 has unconnected port sset
WARNING: [Synth 8-3331] design c_shift_ram_v12_0_13_legacy__parameterized19 has unconnected port sinit
WARNING: [Synth 8-3331] design shift_ram__parameterized38 has unconnected port D[15]
WARNING: [Synth 8-3331] design shift_ram__parameterized38 has unconnected port D[14]
WARNING: [Synth 8-3331] design shift_ram__parameterized38 has unconnected port D[13]
WARNING: [Synth 8-3331] design shift_ram__parameterized38 has unconnected port D[12]
WARNING: [Synth 8-3331] design shift_ram__parameterized38 has unconnected port D[11]
WARNING: [Synth 8-3331] design shift_ram__parameterized38 has unconnected port D[10]
WARNING: [Synth 8-3331] design shift_ram__parameterized38 has unconnected port D[9]
WARNING: [Synth 8-3331] design shift_ram__parameterized38 has unconnected port D[8]
WARNING: [Synth 8-3331] design shift_ram__parameterized38 has unconnected port D[7]
WARNING: [Synth 8-3331] design shift_ram__parameterized38 has unconnected port D[6]
WARNING: [Synth 8-3331] design shift_ram__parameterized38 has unconnected port D[5]
WARNING: [Synth 8-3331] design shift_ram__parameterized38 has unconnected port D[4]
WARNING: [Synth 8-3331] design shift_ram__parameterized38 has unconnected port D[3]
WARNING: [Synth 8-3331] design shift_ram__parameterized38 has unconnected port D[2]
WARNING: [Synth 8-3331] design shift_ram__parameterized38 has unconnected port D[1]
WARNING: [Synth 8-3331] design shift_ram__parameterized38 has unconnected port D[0]
WARNING: [Synth 8-3331] design shift_ram__parameterized38 has unconnected port COMBI_SCLR
WARNING: [Synth 8-3331] design shift_ram__parameterized38 has unconnected port DEPTHx2
WARNING: [Synth 8-3331] design shift_ram__parameterized40 has unconnected port D1
WARNING: [Synth 8-3331] design shift_ram__parameterized40 has unconnected port COMBI_SCLR
WARNING: [Synth 8-3331] design shift_ram__parameterized40 has unconnected port DEPTHx2
WARNING: [Synth 8-3331] design fp_shift_ram_clr_op__parameterized0 has unconnected port EXTRA_CLR
WARNING: [Synth 8-3331] design fp_shift_ram_clr_op__parameterized0 has unconnected port EXTRA_CLR_BLANK
WARNING: [Synth 8-3331] design c_shift_ram_v12_0_13_legacy__parameterized1 has unconnected port a[4]
WARNING: [Synth 8-3331] design c_shift_ram_v12_0_13_legacy__parameterized1 has unconnected port a[3]
WARNING: [Synth 8-3331] design c_shift_ram_v12_0_13_legacy__parameterized1 has unconnected port a[2]
WARNING: [Synth 8-3331] design c_shift_ram_v12_0_13_legacy__parameterized1 has unconnected port a[1]
WARNING: [Synth 8-3331] design c_shift_ram_v12_0_13_legacy__parameterized1 has unconnected port a[0]
WARNING: [Synth 8-3331] design c_shift_ram_v12_0_13_legacy__parameterized1 has unconnected port aclr
WARNING: [Synth 8-3331] design c_shift_ram_v12_0_13_legacy__parameterized1 has unconnected port aset
WARNING: [Synth 8-3331] design c_shift_ram_v12_0_13_legacy__parameterized1 has unconnected port ainit
WARNING: [Synth 8-3331] design c_shift_ram_v12_0_13_legacy__parameterized1 has unconnected port sclr
WARNING: [Synth 8-3331] design c_shift_ram_v12_0_13_legacy__parameterized1 has unconnected port sset
WARNING: [Synth 8-3331] design c_shift_ram_v12_0_13_legacy__parameterized1 has unconnected port sinit
WARNING: [Synth 8-3331] design shift_ram__parameterized39 has unconnected port D[15]
WARNING: [Synth 8-3331] design shift_ram__parameterized39 has unconnected port D[14]
WARNING: [Synth 8-3331] design shift_ram__parameterized39 has unconnected port D[13]
WARNING: [Synth 8-3331] design shift_ram__parameterized39 has unconnected port D[12]
WARNING: [Synth 8-3331] design shift_ram__parameterized39 has unconnected port D[11]
WARNING: [Synth 8-3331] design shift_ram__parameterized39 has unconnected port D[10]
WARNING: [Synth 8-3331] design shift_ram__parameterized39 has unconnected port D[9]
WARNING: [Synth 8-3331] design shift_ram__parameterized39 has unconnected port D[8]
WARNING: [Synth 8-3331] design shift_ram__parameterized39 has unconnected port D[7]
WARNING: [Synth 8-3331] design shift_ram__parameterized39 has unconnected port D[6]
WARNING: [Synth 8-3331] design shift_ram__parameterized39 has unconnected port D[5]
WARNING: [Synth 8-3331] design shift_ram__parameterized39 has unconnected port D[4]
WARNING: [Synth 8-3331] design shift_ram__parameterized39 has unconnected port D[3]
WARNING: [Synth 8-3331] design shift_ram__parameterized39 has unconnected port D[2]
WARNING: [Synth 8-3331] design shift_ram__parameterized39 has unconnected port D[1]
WARNING: [Synth 8-3331] design shift_ram__parameterized39 has unconnected port D[0]
WARNING: [Synth 8-3331] design shift_ram__parameterized39 has unconnected port COMBI_SCLR
WARNING: [Synth 8-3331] design shift_ram__parameterized39 has unconnected port DEPTHx2
WARNING: [Synth 8-3331] design fp_shift_ram_clr_op has unconnected port EXTRA_CLR
WARNING: [Synth 8-3331] design fp_shift_ram_clr_op has unconnected port EXTRA_CLR_BLANK
WARNING: [Synth 8-3331] design c_reg_fd_v12_0_6_viv__parameterized6 has unconnected port AINIT
WARNING: [Synth 8-3331] design c_reg_fd_v12_0_6_viv__parameterized6 has unconnected port ACLR
WARNING: [Synth 8-3331] design c_reg_fd_v12_0_6_viv__parameterized6 has unconnected port ASET
WARNING: [Synth 8-3331] design c_reg_fd_v12_0_6_viv__parameterized6 has unconnected port SINIT
WARNING: [Synth 8-3331] design c_reg_fd_v12_0_6_viv__parameterized6 has unconnected port SSET
WARNING: [Synth 8-3331] design c_addsub_v12_0_13_lut6_legacy__parameterized29 has unconnected port add
WARNING: [Synth 8-3331] design c_addsub_v12_0_13_lut6_legacy__parameterized29 has unconnected port c_in
WARNING: [Synth 8-3331] design c_addsub_v12_0_13_lut6_legacy__parameterized29 has unconnected port bypass
WARNING: [Synth 8-3331] design c_addsub_v12_0_13_lut6_legacy__parameterized29 has unconnected port sset
WARNING: [Synth 8-3331] design c_addsub_v12_0_13_lut6_legacy__parameterized29 has unconnected port sinit
WARNING: [Synth 8-3331] design c_addsub_v12_0_13_legacy__parameterized29 has unconnected port c_in
WARNING: [Synth 8-3331] design c_addsub_v12_0_13_legacy__parameterized29 has unconnected port b_in
WARNING: [Synth 8-3331] design c_addsub_v12_0_13_legacy__parameterized29 has unconnected port a_signed
WARNING: [Synth 8-3331] design c_addsub_v12_0_13_legacy__parameterized29 has unconnected port b_signed
WARNING: [Synth 8-3331] design c_addsub_v12_0_13_viv__parameterized15 has unconnected port C_IN
WARNING: [Synth 8-3331] design c_reg_fd_v12_0_6_viv has unconnected port AINIT
WARNING: [Synth 8-3331] design c_reg_fd_v12_0_6_viv has unconnected port ACLR
WARNING: [Synth 8-3331] design c_reg_fd_v12_0_6_viv has unconnected port ASET
WARNING: [Synth 8-3331] design c_reg_fd_v12_0_6_viv has unconnected port SINIT
WARNING: [Synth 8-3331] design c_reg_fd_v12_0_6_viv has unconnected port SSET
WARNING: [Synth 8-3331] design c_shift_ram_v12_0_13_legacy has unconnected port a[3]
WARNING: [Synth 8-3331] design c_shift_ram_v12_0_13_legacy has unconnected port a[2]
WARNING: [Synth 8-3331] design c_shift_ram_v12_0_13_legacy has unconnected port a[1]
WARNING: [Synth 8-3331] design c_shift_ram_v12_0_13_legacy has unconnected port a[0]
WARNING: [Synth 8-3331] design shift_ram__parameterized0 has unconnected port D[15]
WARNING: [Synth 8-3331] design shift_ram__parameterized0 has unconnected port D[14]
WARNING: [Synth 8-3331] design shift_ram__parameterized0 has unconnected port D[13]
WARNING: [Synth 8-3331] design shift_ram__parameterized0 has unconnected port D[12]
WARNING: [Synth 8-3331] design shift_ram__parameterized0 has unconnected port D[11]
WARNING: [Synth 8-3331] design shift_ram__parameterized0 has unconnected port D[10]
WARNING: [Synth 8-3331] design shift_ram__parameterized0 has unconnected port D[9]
WARNING: [Synth 8-3331] design shift_ram__parameterized0 has unconnected port D[8]
WARNING: [Synth 8-3331] design shift_ram__parameterized0 has unconnected port D[7]
WARNING: [Synth 8-3331] design shift_ram__parameterized0 has unconnected port D[6]
WARNING: [Synth 8-3331] design shift_ram__parameterized0 has unconnected port D[5]
WARNING: [Synth 8-3331] design shift_ram__parameterized0 has unconnected port D[4]
INFO: [Common 17-14] Message 'Synth 8-3331' appears 100 times and further instances of the messages will be disabled. Use the Tcl command set_msg_config to change the current settings.
---------------------------------------------------------------------------------
Finished RTL Elaboration : Time (s): cpu = 00:00:37 ; elapsed = 00:00:53 . Memory (MB): peak = 2437.637 ; gain = 808.406 ; free physical = 1464 ; free virtual = 6807
---------------------------------------------------------------------------------

Report Check Netlist: 
+------+------------------+-------+---------+-------+------------------+
|      |Item              |Errors |Warnings |Status |Description       |
+------+------------------+-------+---------+-------+------------------+
|1     |multi_driven_nets |      0|        0|Passed |Multi driven nets |
+------+------------------+-------+---------+-------+------------------+
---------------------------------------------------------------------------------
Start Handling Custom Attributes
---------------------------------------------------------------------------------
---------------------------------------------------------------------------------
Finished Handling Custom Attributes : Time (s): cpu = 00:00:38 ; elapsed = 00:00:53 . Memory (MB): peak = 2437.637 ; gain = 808.406 ; free physical = 1533 ; free virtual = 6875
---------------------------------------------------------------------------------
---------------------------------------------------------------------------------
Finished RTL Optimization Phase 1 : Time (s): cpu = 00:00:38 ; elapsed = 00:00:53 . Memory (MB): peak = 2437.637 ; gain = 808.406 ; free physical = 1533 ; free virtual = 6875
---------------------------------------------------------------------------------
INFO: [Netlist 29-17] Analyzing 1932 Unisim elements for replacement
INFO: [Netlist 29-28] Unisim Transformation completed in 0 CPU seconds
INFO: [Project 1-570] Preparing netlist for logic optimization

Processing XDC Constraints
Initializing timing engine
Parsing XDC File [/home/adi/repo/notes/sem3/ELD2024_LAB/lab9_256/lab9_256.srcs/sources_1/bd/design_1/ip/design_1_xfft_0_0/design_1_xfft_0_0_ooc.xdc] for cell 'U0'
Finished Parsing XDC File [/home/adi/repo/notes/sem3/ELD2024_LAB/lab9_256/lab9_256.srcs/sources_1/bd/design_1/ip/design_1_xfft_0_0/design_1_xfft_0_0_ooc.xdc] for cell 'U0'
Parsing XDC File [/home/adi/repo/notes/sem3/ELD2024_LAB/lab9_256/lab9_256.runs/design_1_xfft_0_0_synth_1/dont_touch.xdc]
Finished Parsing XDC File [/home/adi/repo/notes/sem3/ELD2024_LAB/lab9_256/lab9_256.runs/design_1_xfft_0_0_synth_1/dont_touch.xdc]
Completed Processing XDC Constraints

Netlist sorting complete. Time (s): cpu = 00:00:00 ; elapsed = 00:00:00 . Memory (MB): peak = 2522.449 ; gain = 0.000 ; free physical = 1425 ; free virtual = 6768
INFO: [Project 1-111] Unisim Transformation Summary:
  A total of 91 instances were transformed.
  FDE => FDRE: 91 instances

Constraint Validation Runtime : Time (s): cpu = 00:00:00.20 ; elapsed = 00:00:00.12 . Memory (MB): peak = 2522.449 ; gain = 0.000 ; free physical = 1418 ; free virtual = 6762
---------------------------------------------------------------------------------
Finished Constraint Validation : Time (s): cpu = 00:00:43 ; elapsed = 00:00:59 . Memory (MB): peak = 2522.449 ; gain = 893.219 ; free physical = 1536 ; free virtual = 6880
---------------------------------------------------------------------------------
---------------------------------------------------------------------------------
Start Loading Part and Timing Information
---------------------------------------------------------------------------------
Loading part: xc7z020clg484-1
---------------------------------------------------------------------------------
Finished Loading Part and Timing Information : Time (s): cpu = 00:00:43 ; elapsed = 00:00:59 . Memory (MB): peak = 2522.449 ; gain = 893.219 ; free physical = 1536 ; free virtual = 6880
---------------------------------------------------------------------------------
---------------------------------------------------------------------------------
Start Applying 'set_property' XDC Constraints
---------------------------------------------------------------------------------
Applied set_property DONT_TOUCH = true for U0. (constraint file  /home/adi/repo/notes/sem3/ELD2024_LAB/lab9_256/lab9_256.runs/design_1_xfft_0_0_synth_1/dont_touch.xdc, line 9).
---------------------------------------------------------------------------------
Finished applying 'set_property' XDC Constraints : Time (s): cpu = 00:00:43 ; elapsed = 00:00:59 . Memory (MB): peak = 2522.449 ; gain = 893.219 ; free physical = 1536 ; free virtual = 6880
---------------------------------------------------------------------------------
INFO: [Synth 8-7031] Trying to map ROM "half_sincos_table" into Block RAM due to explicit "ram_style" or "rom_style" specification
INFO: [Synth 8-7031] Trying to map ROM "half_sincos_table" into Block RAM due to explicit "ram_style" or "rom_style" specification
---------------------------------------------------------------------------------
Finished RTL Optimization Phase 2 : Time (s): cpu = 00:00:45 ; elapsed = 00:01:03 . Memory (MB): peak = 2522.449 ; gain = 893.219 ; free physical = 1525 ; free virtual = 6873
---------------------------------------------------------------------------------
INFO: [Synth 8-223] decloning instance 'U0/i_synth/xfft_inst/floating_point.xfft_inst/get_block_max_exp/gen_start_dly' (shift_ram__parameterized1) to 'U0/i_synth/xfft_inst/floating_point.xfft_inst/get_block_max_exp/gen_fwd_inv_we_out'
INFO: [Synth 8-223] decloning instance 'fp_convert_to_block_fp:/fpo/DELAY_DIVIDE_BY_ZERO' (delay__parameterized13) to 'fp_convert_to_block_fp:/fpo/DELAY_ACCUM_OVERFLOW'
INFO: [Synth 8-223] decloning instance 'fp_convert_to_block_fp:/fpo/DELAY_DIVIDE_BY_ZERO' (delay__parameterized13) to 'fp_convert_to_block_fp:/fpo/DELAY_ACCUM_INPUT_OVERFLOW'
INFO: [Synth 8-223] decloning instance 'U0/i_synth/xfft_inst/floating_point.xfft_inst/fft/non_floating_point.arch_b.xfft_inst/control/delay_line4_for_rfd' (shift_ram__parameterized11) to 'U0/i_synth/xfft_inst/floating_point.xfft_inst/fft/non_floating_point.arch_b.xfft_inst/control/has_bfp.delay_rfd_for_scale_select'
INFO: [Synth 8-223] decloning instance 'fp_convert_to_fp:/fpo/DELAY_INVALID_OP' (delay__parameterized13) to 'fp_convert_to_fp:/fpo/DELAY_DIVIDE_BY_ZERO'
INFO: [Synth 8-223] decloning instance 'fp_convert_to_fp:/fpo/DELAY_INVALID_OP' (delay__parameterized13) to 'fp_convert_to_fp:/fpo/DELAY_OVERFLOW'
INFO: [Synth 8-223] decloning instance 'fp_convert_to_fp:/fpo/DELAY_INVALID_OP' (delay__parameterized13) to 'fp_convert_to_fp:/fpo/DELAY_UNDERFLOW'
INFO: [Synth 8-223] decloning instance 'fp_convert_to_fp:/fpo/DELAY_INVALID_OP' (delay__parameterized13) to 'fp_convert_to_fp:/fpo/DELAY_ACCUM_OVERFLOW'
INFO: [Synth 8-223] decloning instance 'fp_convert_to_fp:/fpo/DELAY_INVALID_OP' (delay__parameterized13) to 'fp_convert_to_fp:/fpo/DELAY_ACCUM_INPUT_OVERFLOW'
INFO: [Synth 8-223] decloning instance 'fp_convert_to_fp:/fpo/FIX_TO_FLT_OP.SPD.OP/ROUND/EXTRA_LSB_BIT_DEL' (delay__parameterized13) to 'fp_convert_to_fp:/fpo/FIX_TO_FLT_OP.SPD.OP/ROUND/EXTRA_LSB_RND1_DEL'
INFO: [Synth 8-223] decloning instance 'fp_convert_to_fp:/fpo/FIX_TO_FLT_OP.SPD.OP/ROUND/EXP_INC_DELAY' (delay__parameterized13) to 'fp_convert_to_fp:/fpo/FIX_TO_FLT_OP.SPD.OP/ROUND/EXP_INC_RND1_DELAY'

Report RTL Partitions: 
+-+--------------+------------+----------+
| |RTL Partition |Replication |Instances |
+-+--------------+------------+----------+
+-+--------------+------------+----------+
---------------------------------------------------------------------------------
Start RTL Component Statistics 
---------------------------------------------------------------------------------
---------------------------------------------------------------------------------
Finished RTL Component Statistics 
---------------------------------------------------------------------------------
---------------------------------------------------------------------------------
Start RTL Hierarchical Component Statistics 
---------------------------------------------------------------------------------
---------------------------------------------------------------------------------
Finished RTL Hierarchical Component Statistics
---------------------------------------------------------------------------------
---------------------------------------------------------------------------------
Start Part Resource Summary
---------------------------------------------------------------------------------
Part Resources:
DSPs: 220 (col length:60)
BRAMs: 280 (col length: RAMB18 60 RAMB36 30)
---------------------------------------------------------------------------------
Finished Part Resource Summary
---------------------------------------------------------------------------------
---------------------------------------------------------------------------------
Start Cross Boundary and Area Optimization
---------------------------------------------------------------------------------
Warning: Parallel synthesis criteria is not met 
INFO: [Synth 8-3332] Sequential element (xfft_inst/floating_point.xfft_inst/fft/non_floating_point.arch_b.xfft_inst/single_channel.datapath/pe/scaler_gen.scaler_0r/scale_mux/four_inputs.use_lut6.no_lut_sclr.four_to_one_mux[37].latency1.reg) is unused and will be removed from module xfft_v9_1_2_viv.
INFO: [Synth 8-3332] Sequential element (xfft_inst/floating_point.xfft_inst/fft/non_floating_point.arch_b.xfft_inst/single_channel.datapath/pe/scaler_gen.scaler_0r/scale_mux/four_inputs.use_lut6.no_lut_sclr.four_to_one_mux[36].latency1.reg) is unused and will be removed from module xfft_v9_1_2_viv.
INFO: [Synth 8-3332] Sequential element (xfft_inst/floating_point.xfft_inst/fft/non_floating_point.arch_b.xfft_inst/single_channel.datapath/pe/scaler_gen.scaler_0r/scale_mux/four_inputs.use_lut6.no_lut_sclr.four_to_one_mux[35].latency1.reg) is unused and will be removed from module xfft_v9_1_2_viv.
INFO: [Synth 8-3332] Sequential element (xfft_inst/floating_point.xfft_inst/fft/non_floating_point.arch_b.xfft_inst/single_channel.datapath/pe/scaler_gen.scaler_0r/scale_mux/four_inputs.use_lut6.no_lut_sclr.four_to_one_mux[5].latency1.reg) is unused and will be removed from module xfft_v9_1_2_viv.
INFO: [Synth 8-3332] Sequential element (xfft_inst/floating_point.xfft_inst/fft/non_floating_point.arch_b.xfft_inst/single_channel.datapath/pe/scaler_gen.scaler_0r/scale_mux/four_inputs.use_lut6.no_lut_sclr.four_to_one_mux[4].latency1.reg) is unused and will be removed from module xfft_v9_1_2_viv.
INFO: [Synth 8-3332] Sequential element (xfft_inst/floating_point.xfft_inst/fft/non_floating_point.arch_b.xfft_inst/single_channel.datapath/pe/scaler_gen.scaler_0r/scale_mux/four_inputs.use_lut6.no_lut_sclr.four_to_one_mux[3].latency1.reg) is unused and will be removed from module xfft_v9_1_2_viv.
INFO: [Synth 8-3332] Sequential element (xfft_inst/floating_point.xfft_inst/fft/non_floating_point.arch_b.xfft_inst/single_channel.datapath/pe/scaler_gen.scaler_0r/scale_mux/four_inputs.use_lut6.no_lut_sclr.four_to_one_mux[2].latency1.reg) is unused and will be removed from module xfft_v9_1_2_viv.
INFO: [Synth 8-3332] Sequential element (xfft_inst/floating_point.xfft_inst/fft/non_floating_point.arch_b.xfft_inst/single_channel.datapath/pe/scaler_gen.scaler_0r/scale_mux/four_inputs.use_lut6.no_lut_sclr.four_to_one_mux[1].latency1.reg) is unused and will be removed from module xfft_v9_1_2_viv.
INFO: [Synth 8-3332] Sequential element (xfft_inst/floating_point.xfft_inst/fft/non_floating_point.arch_b.xfft_inst/single_channel.datapath/pe/scaler_gen.scaler_0r/scale_mux/four_inputs.use_lut6.no_lut_sclr.four_to_one_mux[0].latency1.reg) is unused and will be removed from module xfft_v9_1_2_viv.
INFO: [Synth 8-3332] Sequential element (xfft_inst/floating_point.xfft_inst/fft/non_floating_point.arch_b.xfft_inst/single_channel.datapath/pe/scaler_gen.scaler_0i/scale_mux/four_inputs.use_lut6.no_lut_sclr.four_to_one_mux[37].latency1.reg) is unused and will be removed from module xfft_v9_1_2_viv.
INFO: [Synth 8-3332] Sequential element (xfft_inst/floating_point.xfft_inst/fft/non_floating_point.arch_b.xfft_inst/single_channel.datapath/pe/scaler_gen.scaler_0i/scale_mux/four_inputs.use_lut6.no_lut_sclr.four_to_one_mux[36].latency1.reg) is unused and will be removed from module xfft_v9_1_2_viv.
INFO: [Synth 8-3332] Sequential element (xfft_inst/floating_point.xfft_inst/fft/non_floating_point.arch_b.xfft_inst/single_channel.datapath/pe/scaler_gen.scaler_0i/scale_mux/four_inputs.use_lut6.no_lut_sclr.four_to_one_mux[35].latency1.reg) is unused and will be removed from module xfft_v9_1_2_viv.
INFO: [Synth 8-3332] Sequential element (xfft_inst/floating_point.xfft_inst/fft/non_floating_point.arch_b.xfft_inst/single_channel.datapath/pe/scaler_gen.scaler_0i/scale_mux/four_inputs.use_lut6.no_lut_sclr.four_to_one_mux[5].latency1.reg) is unused and will be removed from module xfft_v9_1_2_viv.
INFO: [Synth 8-3332] Sequential element (xfft_inst/floating_point.xfft_inst/fft/non_floating_point.arch_b.xfft_inst/single_channel.datapath/pe/scaler_gen.scaler_0i/scale_mux/four_inputs.use_lut6.no_lut_sclr.four_to_one_mux[4].latency1.reg) is unused and will be removed from module xfft_v9_1_2_viv.
INFO: [Synth 8-3332] Sequential element (xfft_inst/floating_point.xfft_inst/fft/non_floating_point.arch_b.xfft_inst/single_channel.datapath/pe/scaler_gen.scaler_0i/scale_mux/four_inputs.use_lut6.no_lut_sclr.four_to_one_mux[3].latency1.reg) is unused and will be removed from module xfft_v9_1_2_viv.
INFO: [Synth 8-3332] Sequential element (xfft_inst/floating_point.xfft_inst/fft/non_floating_point.arch_b.xfft_inst/single_channel.datapath/pe/scaler_gen.scaler_0i/scale_mux/four_inputs.use_lut6.no_lut_sclr.four_to_one_mux[2].latency1.reg) is unused and will be removed from module xfft_v9_1_2_viv.
INFO: [Synth 8-3332] Sequential element (xfft_inst/floating_point.xfft_inst/fft/non_floating_point.arch_b.xfft_inst/single_channel.datapath/pe/scaler_gen.scaler_0i/scale_mux/four_inputs.use_lut6.no_lut_sclr.four_to_one_mux[1].latency1.reg) is unused and will be removed from module xfft_v9_1_2_viv.
INFO: [Synth 8-3332] Sequential element (xfft_inst/floating_point.xfft_inst/fft/non_floating_point.arch_b.xfft_inst/single_channel.datapath/pe/scaler_gen.scaler_0i/scale_mux/four_inputs.use_lut6.no_lut_sclr.four_to_one_mux[0].latency1.reg) is unused and will be removed from module xfft_v9_1_2_viv.
INFO: [Synth 8-3332] Sequential element (xfft_inst/floating_point.xfft_inst/fft/non_floating_point.arch_b.xfft_inst/single_channel.datapath/pe/scaler_gen.scaler_1r/scale_mux/four_inputs.use_lut6.no_lut_sclr.four_to_one_mux[37].latency1.reg) is unused and will be removed from module xfft_v9_1_2_viv.
INFO: [Synth 8-3332] Sequential element (xfft_inst/floating_point.xfft_inst/fft/non_floating_point.arch_b.xfft_inst/single_channel.datapath/pe/scaler_gen.scaler_1r/scale_mux/four_inputs.use_lut6.no_lut_sclr.four_to_one_mux[36].latency1.reg) is unused and will be removed from module xfft_v9_1_2_viv.
INFO: [Synth 8-3332] Sequential element (xfft_inst/floating_point.xfft_inst/fft/non_floating_point.arch_b.xfft_inst/single_channel.datapath/pe/scaler_gen.scaler_1r/scale_mux/four_inputs.use_lut6.no_lut_sclr.four_to_one_mux[35].latency1.reg) is unused and will be removed from module xfft_v9_1_2_viv.
INFO: [Synth 8-3332] Sequential element (xfft_inst/floating_point.xfft_inst/fft/non_floating_point.arch_b.xfft_inst/single_channel.datapath/pe/scaler_gen.scaler_1r/scale_mux/four_inputs.use_lut6.no_lut_sclr.four_to_one_mux[5].latency1.reg) is unused and will be removed from module xfft_v9_1_2_viv.
INFO: [Synth 8-3332] Sequential element (xfft_inst/floating_point.xfft_inst/fft/non_floating_point.arch_b.xfft_inst/single_channel.datapath/pe/scaler_gen.scaler_1r/scale_mux/four_inputs.use_lut6.no_lut_sclr.four_to_one_mux[4].latency1.reg) is unused and will be removed from module xfft_v9_1_2_viv.
INFO: [Synth 8-3332] Sequential element (xfft_inst/floating_point.xfft_inst/fft/non_floating_point.arch_b.xfft_inst/single_channel.datapath/pe/scaler_gen.scaler_1r/scale_mux/four_inputs.use_lut6.no_lut_sclr.four_to_one_mux[3].latency1.reg) is unused and will be removed from module xfft_v9_1_2_viv.
INFO: [Synth 8-3332] Sequential element (xfft_inst/floating_point.xfft_inst/fft/non_floating_point.arch_b.xfft_inst/single_channel.datapath/pe/scaler_gen.scaler_1r/scale_mux/four_inputs.use_lut6.no_lut_sclr.four_to_one_mux[2].latency1.reg) is unused and will be removed from module xfft_v9_1_2_viv.
INFO: [Synth 8-3332] Sequential element (xfft_inst/floating_point.xfft_inst/fft/non_floating_point.arch_b.xfft_inst/single_channel.datapath/pe/scaler_gen.scaler_1r/scale_mux/four_inputs.use_lut6.no_lut_sclr.four_to_one_mux[1].latency1.reg) is unused and will be removed from module xfft_v9_1_2_viv.
INFO: [Synth 8-3332] Sequential element (xfft_inst/floating_point.xfft_inst/fft/non_floating_point.arch_b.xfft_inst/single_channel.datapath/pe/scaler_gen.scaler_1r/scale_mux/four_inputs.use_lut6.no_lut_sclr.four_to_one_mux[0].latency1.reg) is unused and will be removed from module xfft_v9_1_2_viv.
INFO: [Synth 8-3332] Sequential element (xfft_inst/floating_point.xfft_inst/fft/non_floating_point.arch_b.xfft_inst/single_channel.datapath/pe/scaler_gen.scaler_1i/scale_mux/four_inputs.use_lut6.no_lut_sclr.four_to_one_mux[37].latency1.reg) is unused and will be removed from module xfft_v9_1_2_viv.
INFO: [Synth 8-3332] Sequential element (xfft_inst/floating_point.xfft_inst/fft/non_floating_point.arch_b.xfft_inst/single_channel.datapath/pe/scaler_gen.scaler_1i/scale_mux/four_inputs.use_lut6.no_lut_sclr.four_to_one_mux[36].latency1.reg) is unused and will be removed from module xfft_v9_1_2_viv.
INFO: [Synth 8-3332] Sequential element (xfft_inst/floating_point.xfft_inst/fft/non_floating_point.arch_b.xfft_inst/single_channel.datapath/pe/scaler_gen.scaler_1i/scale_mux/four_inputs.use_lut6.no_lut_sclr.four_to_one_mux[35].latency1.reg) is unused and will be removed from module xfft_v9_1_2_viv.
INFO: [Synth 8-3332] Sequential element (xfft_inst/floating_point.xfft_inst/fft/non_floating_point.arch_b.xfft_inst/single_channel.datapath/pe/scaler_gen.scaler_1i/scale_mux/four_inputs.use_lut6.no_lut_sclr.four_to_one_mux[5].latency1.reg) is unused and will be removed from module xfft_v9_1_2_viv.
INFO: [Synth 8-3332] Sequential element (xfft_inst/floating_point.xfft_inst/fft/non_floating_point.arch_b.xfft_inst/single_channel.datapath/pe/scaler_gen.scaler_1i/scale_mux/four_inputs.use_lut6.no_lut_sclr.four_to_one_mux[4].latency1.reg) is unused and will be removed from module xfft_v9_1_2_viv.
INFO: [Synth 8-3332] Sequential element (xfft_inst/floating_point.xfft_inst/fft/non_floating_point.arch_b.xfft_inst/single_channel.datapath/pe/scaler_gen.scaler_1i/scale_mux/four_inputs.use_lut6.no_lut_sclr.four_to_one_mux[3].latency1.reg) is unused and will be removed from module xfft_v9_1_2_viv.
INFO: [Synth 8-3332] Sequential element (xfft_inst/floating_point.xfft_inst/fft/non_floating_point.arch_b.xfft_inst/single_channel.datapath/pe/scaler_gen.scaler_1i/scale_mux/four_inputs.use_lut6.no_lut_sclr.four_to_one_mux[2].latency1.reg) is unused and will be removed from module xfft_v9_1_2_viv.
INFO: [Synth 8-3332] Sequential element (xfft_inst/floating_point.xfft_inst/fft/non_floating_point.arch_b.xfft_inst/single_channel.datapath/pe/scaler_gen.scaler_1i/scale_mux/four_inputs.use_lut6.no_lut_sclr.four_to_one_mux[1].latency1.reg) is unused and will be removed from module xfft_v9_1_2_viv.
INFO: [Synth 8-3332] Sequential element (xfft_inst/floating_point.xfft_inst/fft/non_floating_point.arch_b.xfft_inst/single_channel.datapath/pe/scaler_gen.scaler_1i/scale_mux/four_inputs.use_lut6.no_lut_sclr.four_to_one_mux[0].latency1.reg) is unused and will be removed from module xfft_v9_1_2_viv.
INFO: [Synth 8-3332] Sequential element (xfft_inst/floating_point.xfft_inst/fft/non_floating_point.arch_b.xfft_inst/single_channel.datapath/pe/scaler_gen.scaler_2r/scale_mux/four_inputs.use_lut6.no_lut_sclr.four_to_one_mux[37].latency1.reg) is unused and will be removed from module xfft_v9_1_2_viv.
INFO: [Synth 8-3332] Sequential element (xfft_inst/floating_point.xfft_inst/fft/non_floating_point.arch_b.xfft_inst/single_channel.datapath/pe/scaler_gen.scaler_2r/scale_mux/four_inputs.use_lut6.no_lut_sclr.four_to_one_mux[36].latency1.reg) is unused and will be removed from module xfft_v9_1_2_viv.
INFO: [Synth 8-3332] Sequential element (xfft_inst/floating_point.xfft_inst/fft/non_floating_point.arch_b.xfft_inst/single_channel.datapath/pe/scaler_gen.scaler_2r/scale_mux/four_inputs.use_lut6.no_lut_sclr.four_to_one_mux[35].latency1.reg) is unused and will be removed from module xfft_v9_1_2_viv.
INFO: [Synth 8-3332] Sequential element (xfft_inst/floating_point.xfft_inst/fft/non_floating_point.arch_b.xfft_inst/single_channel.datapath/pe/scaler_gen.scaler_2r/scale_mux/four_inputs.use_lut6.no_lut_sclr.four_to_one_mux[5].latency1.reg) is unused and will be removed from module xfft_v9_1_2_viv.
INFO: [Synth 8-3332] Sequential element (xfft_inst/floating_point.xfft_inst/fft/non_floating_point.arch_b.xfft_inst/single_channel.datapath/pe/scaler_gen.scaler_2r/scale_mux/four_inputs.use_lut6.no_lut_sclr.four_to_one_mux[4].latency1.reg) is unused and will be removed from module xfft_v9_1_2_viv.
INFO: [Synth 8-3332] Sequential element (xfft_inst/floating_point.xfft_inst/fft/non_floating_point.arch_b.xfft_inst/single_channel.datapath/pe/scaler_gen.scaler_2r/scale_mux/four_inputs.use_lut6.no_lut_sclr.four_to_one_mux[3].latency1.reg) is unused and will be removed from module xfft_v9_1_2_viv.
INFO: [Synth 8-3332] Sequential element (xfft_inst/floating_point.xfft_inst/fft/non_floating_point.arch_b.xfft_inst/single_channel.datapath/pe/scaler_gen.scaler_2r/scale_mux/four_inputs.use_lut6.no_lut_sclr.four_to_one_mux[2].latency1.reg) is unused and will be removed from module xfft_v9_1_2_viv.
INFO: [Synth 8-3332] Sequential element (xfft_inst/floating_point.xfft_inst/fft/non_floating_point.arch_b.xfft_inst/single_channel.datapath/pe/scaler_gen.scaler_2r/scale_mux/four_inputs.use_lut6.no_lut_sclr.four_to_one_mux[1].latency1.reg) is unused and will be removed from module xfft_v9_1_2_viv.
INFO: [Synth 8-3332] Sequential element (xfft_inst/floating_point.xfft_inst/fft/non_floating_point.arch_b.xfft_inst/single_channel.datapath/pe/scaler_gen.scaler_2r/scale_mux/four_inputs.use_lut6.no_lut_sclr.four_to_one_mux[0].latency1.reg) is unused and will be removed from module xfft_v9_1_2_viv.
INFO: [Synth 8-3332] Sequential element (xfft_inst/floating_point.xfft_inst/fft/non_floating_point.arch_b.xfft_inst/single_channel.datapath/pe/scaler_gen.scaler_2i/scale_mux/four_inputs.use_lut6.no_lut_sclr.four_to_one_mux[37].latency1.reg) is unused and will be removed from module xfft_v9_1_2_viv.
INFO: [Synth 8-3332] Sequential element (xfft_inst/floating_point.xfft_inst/fft/non_floating_point.arch_b.xfft_inst/single_channel.datapath/pe/scaler_gen.scaler_2i/scale_mux/four_inputs.use_lut6.no_lut_sclr.four_to_one_mux[36].latency1.reg) is unused and will be removed from module xfft_v9_1_2_viv.
INFO: [Synth 8-3332] Sequential element (xfft_inst/floating_point.xfft_inst/fft/non_floating_point.arch_b.xfft_inst/single_channel.datapath/pe/scaler_gen.scaler_2i/scale_mux/four_inputs.use_lut6.no_lut_sclr.four_to_one_mux[35].latency1.reg) is unused and will be removed from module xfft_v9_1_2_viv.
INFO: [Synth 8-3332] Sequential element (xfft_inst/floating_point.xfft_inst/fft/non_floating_point.arch_b.xfft_inst/single_channel.datapath/pe/scaler_gen.scaler_2i/scale_mux/four_inputs.use_lut6.no_lut_sclr.four_to_one_mux[5].latency1.reg) is unused and will be removed from module xfft_v9_1_2_viv.
INFO: [Synth 8-3332] Sequential element (xfft_inst/floating_point.xfft_inst/fft/non_floating_point.arch_b.xfft_inst/single_channel.datapath/pe/scaler_gen.scaler_2i/scale_mux/four_inputs.use_lut6.no_lut_sclr.four_to_one_mux[4].latency1.reg) is unused and will be removed from module xfft_v9_1_2_viv.
INFO: [Synth 8-3332] Sequential element (xfft_inst/floating_point.xfft_inst/fft/non_floating_point.arch_b.xfft_inst/single_channel.datapath/pe/scaler_gen.scaler_2i/scale_mux/four_inputs.use_lut6.no_lut_sclr.four_to_one_mux[3].latency1.reg) is unused and will be removed from module xfft_v9_1_2_viv.
INFO: [Synth 8-3332] Sequential element (xfft_inst/floating_point.xfft_inst/fft/non_floating_point.arch_b.xfft_inst/single_channel.datapath/pe/scaler_gen.scaler_2i/scale_mux/four_inputs.use_lut6.no_lut_sclr.four_to_one_mux[2].latency1.reg) is unused and will be removed from module xfft_v9_1_2_viv.
INFO: [Synth 8-3332] Sequential element (xfft_inst/floating_point.xfft_inst/fft/non_floating_point.arch_b.xfft_inst/single_channel.datapath/pe/scaler_gen.scaler_2i/scale_mux/four_inputs.use_lut6.no_lut_sclr.four_to_one_mux[1].latency1.reg) is unused and will be removed from module xfft_v9_1_2_viv.
INFO: [Synth 8-3332] Sequential element (xfft_inst/floating_point.xfft_inst/fft/non_floating_point.arch_b.xfft_inst/single_channel.datapath/pe/scaler_gen.scaler_2i/scale_mux/four_inputs.use_lut6.no_lut_sclr.four_to_one_mux[0].latency1.reg) is unused and will be removed from module xfft_v9_1_2_viv.
INFO: [Synth 8-3332] Sequential element (xfft_inst/floating_point.xfft_inst/fft/non_floating_point.arch_b.xfft_inst/single_channel.datapath/pe/scaler_gen.scaler_3r/scale_mux/four_inputs.use_lut6.no_lut_sclr.four_to_one_mux[37].latency1.reg) is unused and will be removed from module xfft_v9_1_2_viv.
INFO: [Synth 8-3332] Sequential element (xfft_inst/floating_point.xfft_inst/fft/non_floating_point.arch_b.xfft_inst/single_channel.datapath/pe/scaler_gen.scaler_3r/scale_mux/four_inputs.use_lut6.no_lut_sclr.four_to_one_mux[36].latency1.reg) is unused and will be removed from module xfft_v9_1_2_viv.
INFO: [Synth 8-3332] Sequential element (xfft_inst/floating_point.xfft_inst/fft/non_floating_point.arch_b.xfft_inst/single_channel.datapath/pe/scaler_gen.scaler_3r/scale_mux/four_inputs.use_lut6.no_lut_sclr.four_to_one_mux[35].latency1.reg) is unused and will be removed from module xfft_v9_1_2_viv.
INFO: [Synth 8-3332] Sequential element (xfft_inst/floating_point.xfft_inst/fft/non_floating_point.arch_b.xfft_inst/single_channel.datapath/pe/scaler_gen.scaler_3r/scale_mux/four_inputs.use_lut6.no_lut_sclr.four_to_one_mux[5].latency1.reg) is unused and will be removed from module xfft_v9_1_2_viv.
INFO: [Synth 8-3332] Sequential element (xfft_inst/floating_point.xfft_inst/fft/non_floating_point.arch_b.xfft_inst/single_channel.datapath/pe/scaler_gen.scaler_3r/scale_mux/four_inputs.use_lut6.no_lut_sclr.four_to_one_mux[4].latency1.reg) is unused and will be removed from module xfft_v9_1_2_viv.
INFO: [Synth 8-3332] Sequential element (xfft_inst/floating_point.xfft_inst/fft/non_floating_point.arch_b.xfft_inst/single_channel.datapath/pe/scaler_gen.scaler_3r/scale_mux/four_inputs.use_lut6.no_lut_sclr.four_to_one_mux[3].latency1.reg) is unused and will be removed from module xfft_v9_1_2_viv.
INFO: [Synth 8-3332] Sequential element (xfft_inst/floating_point.xfft_inst/fft/non_floating_point.arch_b.xfft_inst/single_channel.datapath/pe/scaler_gen.scaler_3r/scale_mux/four_inputs.use_lut6.no_lut_sclr.four_to_one_mux[2].latency1.reg) is unused and will be removed from module xfft_v9_1_2_viv.
INFO: [Synth 8-3332] Sequential element (xfft_inst/floating_point.xfft_inst/fft/non_floating_point.arch_b.xfft_inst/single_channel.datapath/pe/scaler_gen.scaler_3r/scale_mux/four_inputs.use_lut6.no_lut_sclr.four_to_one_mux[1].latency1.reg) is unused and will be removed from module xfft_v9_1_2_viv.
INFO: [Synth 8-3332] Sequential element (xfft_inst/floating_point.xfft_inst/fft/non_floating_point.arch_b.xfft_inst/single_channel.datapath/pe/scaler_gen.scaler_3r/scale_mux/four_inputs.use_lut6.no_lut_sclr.four_to_one_mux[0].latency1.reg) is unused and will be removed from module xfft_v9_1_2_viv.
INFO: [Synth 8-3332] Sequential element (xfft_inst/floating_point.xfft_inst/fft/non_floating_point.arch_b.xfft_inst/single_channel.datapath/pe/scaler_gen.scaler_3i/scale_mux/four_inputs.use_lut6.no_lut_sclr.four_to_one_mux[37].latency1.reg) is unused and will be removed from module xfft_v9_1_2_viv.
INFO: [Synth 8-3332] Sequential element (xfft_inst/floating_point.xfft_inst/fft/non_floating_point.arch_b.xfft_inst/single_channel.datapath/pe/scaler_gen.scaler_3i/scale_mux/four_inputs.use_lut6.no_lut_sclr.four_to_one_mux[36].latency1.reg) is unused and will be removed from module xfft_v9_1_2_viv.
INFO: [Synth 8-3332] Sequential element (xfft_inst/floating_point.xfft_inst/fft/non_floating_point.arch_b.xfft_inst/single_channel.datapath/pe/scaler_gen.scaler_3i/scale_mux/four_inputs.use_lut6.no_lut_sclr.four_to_one_mux[35].latency1.reg) is unused and will be removed from module xfft_v9_1_2_viv.
INFO: [Synth 8-3332] Sequential element (xfft_inst/floating_point.xfft_inst/fft/non_floating_point.arch_b.xfft_inst/single_channel.datapath/pe/scaler_gen.scaler_3i/scale_mux/four_inputs.use_lut6.no_lut_sclr.four_to_one_mux[5].latency1.reg) is unused and will be removed from module xfft_v9_1_2_viv.
INFO: [Synth 8-3332] Sequential element (xfft_inst/floating_point.xfft_inst/fft/non_floating_point.arch_b.xfft_inst/single_channel.datapath/pe/scaler_gen.scaler_3i/scale_mux/four_inputs.use_lut6.no_lut_sclr.four_to_one_mux[4].latency1.reg) is unused and will be removed from module xfft_v9_1_2_viv.
INFO: [Synth 8-3332] Sequential element (xfft_inst/floating_point.xfft_inst/fft/non_floating_point.arch_b.xfft_inst/single_channel.datapath/pe/scaler_gen.scaler_3i/scale_mux/four_inputs.use_lut6.no_lut_sclr.four_to_one_mux[3].latency1.reg) is unused and will be removed from module xfft_v9_1_2_viv.
INFO: [Synth 8-3332] Sequential element (xfft_inst/floating_point.xfft_inst/fft/non_floating_point.arch_b.xfft_inst/single_channel.datapath/pe/scaler_gen.scaler_3i/scale_mux/four_inputs.use_lut6.no_lut_sclr.four_to_one_mux[2].latency1.reg) is unused and will be removed from module xfft_v9_1_2_viv.
INFO: [Synth 8-3332] Sequential element (xfft_inst/floating_point.xfft_inst/fft/non_floating_point.arch_b.xfft_inst/single_channel.datapath/pe/scaler_gen.scaler_3i/scale_mux/four_inputs.use_lut6.no_lut_sclr.four_to_one_mux[1].latency1.reg) is unused and will be removed from module xfft_v9_1_2_viv.
INFO: [Synth 8-3332] Sequential element (xfft_inst/floating_point.xfft_inst/fft/non_floating_point.arch_b.xfft_inst/single_channel.datapath/pe/scaler_gen.scaler_3i/scale_mux/four_inputs.use_lut6.no_lut_sclr.four_to_one_mux[0].latency1.reg) is unused and will be removed from module xfft_v9_1_2_viv.
INFO: [Synth 8-3333] propagating constant 0 across sequential element (U0/i_synth/\xfft_inst/floating_point.xfft_inst/fft/non_floating_point.arch_b.xfft_inst/control/twiddle_address_generator/N_MAX_P4.p4/p2_last_rk_vec_reg[0] )
INFO: [Synth 8-3333] propagating constant 0 across sequential element (U0/i_synth/\xfft_inst/floating_point.xfft_inst/fft/non_floating_point.arch_b.xfft_inst/control/twiddle_address_generator/N_MAX_P4.p4/nor_gate[0].pre_tw2_reg[0] )
INFO: [Synth 8-3333] propagating constant 0 across sequential element (U0/i_synth/\xfft_inst/floating_point.xfft_inst/fft/non_floating_point.arch_b.xfft_inst/single_channel.datapath/pe/mult_gen.Mult1/i_cmpy/four_mult_structure.use_dsp.i_dsp/re_im/use_DSP48.qDSP[1].appDSP[0].bppDSP[0].u_l[0].dynamic_sub.subtract_delay_re0/d1.dout_i_reg[0] )
INFO: [Synth 8-3886] merging instance 'U0/i_synth/xfft_inst/floating_point.xfft_inst/fft/non_floating_point.arch_b.xfft_inst/single_channel.datapath/pe/mult_gen.Mult1/i_cmpy/four_mult_structure.use_dsp.i_dsp/re_im/use_DSP48.qDSP[1].appDSP[0].bppDSP[0].u_l[0].dynamic_sub.subtract_delay_im0/d1.dout_i_reg[0]' (FDE) to 'U0/i_synth/xfft_inst/floating_point.xfft_inst/fft/non_floating_point.arch_b.xfft_inst/single_channel.datapath/pe/mult_gen.Mult2/i_cmpy/four_mult_structure.use_dsp.i_dsp/re_im/use_DSP48.qDSP[1].appDSP[0].bppDSP[0].u_l[0].dynamic_sub.subtract_delay_im0/d1.dout_i_reg[0]'
INFO: [Synth 8-3886] merging instance 'U0/i_synth/xfft_inst/floating_point.xfft_inst/fft/non_floating_point.arch_b.xfft_inst/single_channel.datapath/pe/mult_gen.Mult2/i_cmpy/four_mult_structure.use_dsp.i_dsp/re_im/use_DSP48.qDSP[0].appDSP[0].bppDSP[0].u_l[0].dynamic_sub.subtract_delay_im0/d1.dout_i_reg[0]' (FDE) to 'U0/i_synth/xfft_inst/floating_point.xfft_inst/fft/non_floating_point.arch_b.xfft_inst/single_channel.datapath/pe/mult_gen.Mult2/i_cmpy/four_mult_structure.use_dsp.i_dsp/re_im/use_DSP48.qDSP[1].appDSP[0].bppDSP[0].u_l[0].dynamic_sub.subtract_delay_im0/d1.dout_i_reg[0]'
INFO: [Synth 8-3333] propagating constant 0 across sequential element (U0/i_synth/\xfft_inst/floating_point.xfft_inst/fft/non_floating_point.arch_b.xfft_inst/single_channel.datapath/pe/mult_gen.Mult2/i_cmpy/four_mult_structure.use_dsp.i_dsp/re_im/use_DSP48.qDSP[0].appDSP[0].bppDSP[0].u_l[0].dynamic_sub.subtract_delay_re0/d1.dout_i_reg[0] )
INFO: [Synth 8-3886] merging instance 'U0/i_synth/xfft_inst/floating_point.xfft_inst/fft/non_floating_point.arch_b.xfft_inst/single_channel.datapath/pe/mult_gen.Mult3/i_cmpy/four_mult_structure.use_dsp.i_dsp/re_im/use_DSP48.qDSP[0].appDSP[0].bppDSP[0].u_l[0].dynamic_sub.subtract_delay_im0/d1.dout_i_reg[0]' (FDE) to 'U0/i_synth/xfft_inst/floating_point.xfft_inst/fft/non_floating_point.arch_b.xfft_inst/single_channel.datapath/pe/mult_gen.Mult3/i_cmpy/four_mult_structure.use_dsp.i_dsp/re_im/use_DSP48.qDSP[1].appDSP[0].bppDSP[0].u_l[0].dynamic_sub.subtract_delay_im0/d1.dout_i_reg[0]'
INFO: [Synth 8-3886] merging instance 'U0/i_synth/xfft_inst/floating_point.xfft_inst/fft/non_floating_point.arch_b.xfft_inst/single_channel.datapath/pe/mult_gen.Mult3/i_cmpy/four_mult_structure.use_dsp.i_dsp/re_im/use_DSP48.qDSP[0].appDSP[0].bppDSP[0].u_l[0].dynamic_sub.subtract_delay_re0/d1.dout_i_reg[0]' (FDE) to 'U0/i_synth/xfft_inst/floating_point.xfft_inst/fft/non_floating_point.arch_b.xfft_inst/single_channel.datapath/pe/mult_gen.Mult3/i_cmpy/four_mult_structure.use_dsp.i_dsp/re_im/use_DSP48.qDSP[1].appDSP[0].bppDSP[0].u_l[0].dynamic_sub.subtract_delay_re0/d1.dout_i_reg[0]'
INFO: [Synth 8-3886] merging instance 'U0/i_synth/xfft_inst/floating_point.xfft_inst/fft/non_floating_point.arch_b.xfft_inst/single_channel.datapath/pe/mult_gen.Mult1/i_cmpy/four_mult_structure.use_dsp.i_dsp/re_im/use_DSP48.qDSP[0].appDSP[0].bppDSP[0].u_l[0].dynamic_sub.subtract_delay_im0/d1.dout_i_reg[0]' (FDE) to 'U0/i_synth/xfft_inst/floating_point.xfft_inst/fft/non_floating_point.arch_b.xfft_inst/single_channel.datapath/pe/mult_gen.Mult2/i_cmpy/four_mult_structure.use_dsp.i_dsp/re_im/use_DSP48.qDSP[1].appDSP[0].bppDSP[0].u_l[0].dynamic_sub.subtract_delay_im0/d1.dout_i_reg[0]'
INFO: [Synth 8-3333] propagating constant 0 across sequential element (U0/i_synth/\xfft_inst/floating_point.xfft_inst/fft/non_floating_point.arch_b.xfft_inst/single_channel.datapath/pe/mult_gen.Mult1/i_cmpy/four_mult_structure.use_dsp.i_dsp/re_im/use_DSP48.qDSP[0].appDSP[0].bppDSP[0].u_l[0].dynamic_sub.subtract_delay_re0/d1.dout_i_reg[0] )
INFO: [Synth 8-3333] propagating constant 0 across sequential element (U0/i_synth/\xfft_inst/floating_point.xfft_inst/fft/non_floating_point.arch_b.xfft_inst/single_channel.datapath/pe/mult_gen.Mult2/i_cmpy/four_mult_structure.use_dsp.i_dsp/re_im/use_DSP48.qDSP[1].appDSP[0].bppDSP[0].u_l[0].dynamic_sub.subtract_delay_re0/d1.dout_i_reg[0] )
INFO: [Synth 8-3886] merging instance 'U0/i_synth/xfft_inst/floating_point.xfft_inst/fft/non_floating_point.arch_b.xfft_inst/single_channel.datapath/pe/mult_gen.Mult1/i_cmpy/four_mult_structure.use_dsp.i_dsp/re_im/use_DSP48.qDSP[1].appDSP[0].bppDSP[0].u_l[0].dynamic_sub.subtract_delay_im1/d1.dout_i_reg[0]' (FDE) to 'U0/i_synth/xfft_inst/floating_point.xfft_inst/fft/non_floating_point.arch_b.xfft_inst/single_channel.datapath/pe/mult_gen.Mult1/i_cmpy/four_mult_structure.use_dsp.i_dsp/re_im/use_DSP48.qDSP[0].appDSP[0].bppDSP[0].u_l[0].dynamic_sub.subtract_delay_im1/d1.dout_i_reg[0]'
INFO: [Synth 8-3886] merging instance 'U0/i_synth/xfft_inst/floating_point.xfft_inst/fft/non_floating_point.arch_b.xfft_inst/single_channel.datapath/pe/mult_gen.Mult2/i_cmpy/four_mult_structure.use_dsp.i_dsp/re_im/use_DSP48.qDSP[0].appDSP[0].bppDSP[0].u_l[0].dynamic_sub.subtract_delay_im1/d1.dout_i_reg[0]' (FDE) to 'U0/i_synth/xfft_inst/floating_point.xfft_inst/fft/non_floating_point.arch_b.xfft_inst/single_channel.datapath/pe/mult_gen.Mult1/i_cmpy/four_mult_structure.use_dsp.i_dsp/re_im/use_DSP48.qDSP[0].appDSP[0].bppDSP[0].u_l[0].dynamic_sub.subtract_delay_im1/d1.dout_i_reg[0]'
INFO: [Synth 8-3886] merging instance 'U0/i_synth/xfft_inst/floating_point.xfft_inst/fft/non_floating_point.arch_b.xfft_inst/single_channel.datapath/pe/mult_gen.Mult3/i_cmpy/four_mult_structure.use_dsp.i_dsp/re_im/use_DSP48.qDSP[0].appDSP[0].bppDSP[0].u_l[0].dynamic_sub.subtract_delay_im1/d1.dout_i_reg[0]' (FDE) to 'U0/i_synth/xfft_inst/floating_point.xfft_inst/fft/non_floating_point.arch_b.xfft_inst/single_channel.datapath/pe/mult_gen.Mult3/i_cmpy/four_mult_structure.use_dsp.i_dsp/re_im/use_DSP48.qDSP[1].appDSP[0].bppDSP[0].u_l[0].dynamic_sub.subtract_delay_im1/d1.dout_i_reg[0]'
INFO: [Synth 8-3886] merging instance 'U0/i_synth/xfft_inst/floating_point.xfft_inst/fft/non_floating_point.arch_b.xfft_inst/single_channel.datapath/pe/mult_gen.Mult3/i_cmpy/four_mult_structure.use_dsp.i_dsp/re_im/use_DSP48.qDSP[0].appDSP[0].bppDSP[0].u_l[0].dynamic_sub.subtract_delay_re1/d1.dout_i_reg[0]' (FDE) to 'U0/i_synth/xfft_inst/floating_point.xfft_inst/fft/non_floating_point.arch_b.xfft_inst/single_channel.datapath/pe/mult_gen.Mult3/i_cmpy/four_mult_structure.use_dsp.i_dsp/re_im/use_DSP48.qDSP[1].appDSP[0].bppDSP[0].u_l[0].dynamic_sub.subtract_delay_re1/d1.dout_i_reg[0]'
INFO: [Synth 8-3886] merging instance 'U0/i_synth/xfft_inst/floating_point.xfft_inst/fft/non_floating_point.arch_b.xfft_inst/single_channel.datapath/pe/mult_gen.Mult1/i_cmpy/four_mult_structure.use_dsp.i_dsp/re_im/use_DSP48.qDSP[0].appDSP[0].bppDSP[0].u_l[0].dynamic_sub.subtract_delay_im1/d1.dout_i_reg[0]' (FDE) to 'U0/i_synth/xfft_inst/floating_point.xfft_inst/fft/non_floating_point.arch_b.xfft_inst/single_channel.datapath/pe/mult_gen.Mult2/i_cmpy/four_mult_structure.use_dsp.i_dsp/re_im/use_DSP48.qDSP[1].appDSP[0].bppDSP[0].u_l[0].dynamic_sub.subtract_delay_im1/d1.dout_i_reg[0]'
INFO: [Synth 8-3886] merging instance 'U0/i_synth/xfft_inst/floating_point.xfft_inst/fft/non_floating_point.arch_b.xfft_inst/single_channel.datapath/pe/mult_gen.Mult1/i_cmpy/four_mult_structure.use_dsp.i_dsp/re_im/use_DSP48.qDSP[1].appDSP[0].bppDSP[1].u_l[0].dynamic_sub.subtract_delay_im0/d1.dout_i_reg[0]' (FDE) to 'U0/i_synth/xfft_inst/floating_point.xfft_inst/fft/non_floating_point.arch_b.xfft_inst/single_channel.datapath/pe/mult_gen.Mult1/i_cmpy/four_mult_structure.use_dsp.i_dsp/re_im/use_DSP48.qDSP[0].appDSP[0].bppDSP[1].u_l[0].dynamic_sub.subtract_delay_im0/d1.dout_i_reg[0]'
INFO: [Synth 8-3886] merging instance 'U0/i_synth/xfft_inst/floating_point.xfft_inst/fft/non_floating_point.arch_b.xfft_inst/single_channel.datapath/pe/mult_gen.Mult2/i_cmpy/four_mult_structure.use_dsp.i_dsp/re_im/use_DSP48.qDSP[0].appDSP[0].bppDSP[1].u_l[0].dynamic_sub.subtract_delay_im0/d1.dout_i_reg[0]' (FDE) to 'U0/i_synth/xfft_inst/floating_point.xfft_inst/fft/non_floating_point.arch_b.xfft_inst/single_channel.datapath/pe/mult_gen.Mult1/i_cmpy/four_mult_structure.use_dsp.i_dsp/re_im/use_DSP48.qDSP[0].appDSP[0].bppDSP[1].u_l[0].dynamic_sub.subtract_delay_im0/d1.dout_i_reg[0]'
INFO: [Synth 8-3886] merging instance 'U0/i_synth/xfft_inst/floating_point.xfft_inst/fft/non_floating_point.arch_b.xfft_inst/single_channel.datapath/pe/mult_gen.Mult3/i_cmpy/four_mult_structure.use_dsp.i_dsp/re_im/use_DSP48.qDSP[0].appDSP[0].bppDSP[1].u_l[0].dynamic_sub.subtract_delay_im0/d1.dout_i_reg[0]' (FDE) to 'U0/i_synth/xfft_inst/floating_point.xfft_inst/fft/non_floating_point.arch_b.xfft_inst/single_channel.datapath/pe/mult_gen.Mult3/i_cmpy/four_mult_structure.use_dsp.i_dsp/re_im/use_DSP48.qDSP[1].appDSP[0].bppDSP[1].u_l[0].dynamic_sub.subtract_delay_im0/d1.dout_i_reg[0]'
INFO: [Synth 8-3886] merging instance 'U0/i_synth/xfft_inst/floating_point.xfft_inst/fft/non_floating_point.arch_b.xfft_inst/single_channel.datapath/pe/mult_gen.Mult3/i_cmpy/four_mult_structure.use_dsp.i_dsp/re_im/use_DSP48.qDSP[0].appDSP[0].bppDSP[1].u_l[0].dynamic_sub.subtract_delay_re0/d1.dout_i_reg[0]' (FDE) to 'U0/i_synth/xfft_inst/floating_point.xfft_inst/fft/non_floating_point.arch_b.xfft_inst/single_channel.datapath/pe/mult_gen.Mult3/i_cmpy/four_mult_structure.use_dsp.i_dsp/re_im/use_DSP48.qDSP[1].appDSP[0].bppDSP[1].u_l[0].dynamic_sub.subtract_delay_re0/d1.dout_i_reg[0]'
INFO: [Synth 8-3886] merging instance 'U0/i_synth/xfft_inst/floating_point.xfft_inst/fft/non_floating_point.arch_b.xfft_inst/single_channel.datapath/pe/mult_gen.Mult1/i_cmpy/four_mult_structure.use_dsp.i_dsp/re_im/use_DSP48.qDSP[0].appDSP[0].bppDSP[1].u_l[0].dynamic_sub.subtract_delay_im0/d1.dout_i_reg[0]' (FDE) to 'U0/i_synth/xfft_inst/floating_point.xfft_inst/fft/non_floating_point.arch_b.xfft_inst/single_channel.datapath/pe/mult_gen.Mult2/i_cmpy/four_mult_structure.use_dsp.i_dsp/re_im/use_DSP48.qDSP[1].appDSP[0].bppDSP[1].u_l[0].dynamic_sub.subtract_delay_im0/d1.dout_i_reg[0]'
INFO: [Synth 8-3886] merging instance 'U0/i_synth/xfft_inst/floating_point.xfft_inst/fft/non_floating_point.arch_b.xfft_inst/single_channel.datapath/pe/mult_gen.Mult1/i_cmpy/four_mult_structure.use_dsp.i_dsp/re_im/use_DSP48.qDSP[1].appDSP[0].bppDSP[1].u_l[0].dynamic_sub.subtract_delay_im1/d1.dout_i_reg[0]' (FDE) to 'U0/i_synth/xfft_inst/floating_point.xfft_inst/fft/non_floating_point.arch_b.xfft_inst/single_channel.datapath/pe/mult_gen.Mult2/i_cmpy/four_mult_structure.use_dsp.i_dsp/re_im/use_DSP48.qDSP[1].appDSP[0].bppDSP[1].u_l[0].dynamic_sub.subtract_delay_im1/d1.dout_i_reg[0]'
INFO: [Synth 8-3333] propagating constant 0 across sequential element (U0/i_synth/\xfft_inst/floating_point.xfft_inst/fft/non_floating_point.arch_b.xfft_inst/control/processing_address_generator/n1.n_128_d_reg[0] )
INFO: [Synth 8-3333] propagating constant 0 across sequential element (U0/i_synth/\xfft_inst/floating_point.xfft_inst/fft/non_floating_point.arch_b.xfft_inst/control/processing_address_generator/bypass_reg[0] )
INFO: [Synth 8-3886] merging instance 'U0/i_synth/xfft_inst/floating_point.xfft_inst/fft/non_floating_point.arch_b.xfft_inst/control/control/IN_WR_ADDR_reg[0]' (FDE) to 'U0/i_synth/xfft_inst/floating_point.xfft_inst/fft/non_floating_point.arch_b.xfft_inst/control/control/dig_rev_reg[0]'
INFO: [Synth 8-3886] merging instance 'U0/i_synth/xfft_inst/floating_point.xfft_inst/fft/non_floating_point.arch_b.xfft_inst/control/control/IN_WR_ADDR_reg[1]' (FDE) to 'U0/i_synth/xfft_inst/floating_point.xfft_inst/fft/non_floating_point.arch_b.xfft_inst/control/control/dig_rev_reg[1]'
INFO: [Synth 8-3886] merging instance 'U0/i_synth/xfft_inst/floating_point.xfft_inst/fft/non_floating_point.arch_b.xfft_inst/control/control/IN_WR_ADDR_reg[2]' (FDE) to 'U0/i_synth/xfft_inst/floating_point.xfft_inst/fft/non_floating_point.arch_b.xfft_inst/control/control/dig_rev_reg[2]'
INFO: [Synth 8-3886] merging instance 'U0/i_synth/xfft_inst/floating_point.xfft_inst/fft/non_floating_point.arch_b.xfft_inst/control/control/IN_WR_ADDR_reg[3]' (FDE) to 'U0/i_synth/xfft_inst/floating_point.xfft_inst/fft/non_floating_point.arch_b.xfft_inst/control/control/dig_rev_reg[3]'
INFO: [Synth 8-3886] merging instance 'U0/i_synth/xfft_inst/floating_point.xfft_inst/fft/non_floating_point.arch_b.xfft_inst/control/control/IN_WR_ADDR_reg[4]' (FDE) to 'U0/i_synth/xfft_inst/floating_point.xfft_inst/fft/non_floating_point.arch_b.xfft_inst/control/control/dig_rev_reg[4]'
INFO: [Synth 8-3886] merging instance 'U0/i_synth/xfft_inst/floating_point.xfft_inst/fft/non_floating_point.arch_b.xfft_inst/control/control/IN_WR_ADDR_reg[5]' (FDE) to 'U0/i_synth/xfft_inst/floating_point.xfft_inst/fft/non_floating_point.arch_b.xfft_inst/control/control/dig_rev_reg[5]'
INFO: [Synth 8-3886] merging instance 'U0/i_synth/xfft_inst/floating_point.xfft_inst/real_to_bfp/fpo/FLT_TO_FIX_OP.SPD.OP/ALIGN_Z_D/MUX_LOOP[0].DEL_Z_D/i_pipe/opt_has_pipe.first_q_reg[6]' (FDE) to 'U0/i_synth/xfft_inst/floating_point.xfft_inst/real_to_bfp/fpo/FLT_TO_FIX_OP.SPD.OP/ALIGN_Z_D/MUX_LOOP[0].DEL_Z_D/i_pipe/opt_has_pipe.first_q_reg[7]'
INFO: [Synth 8-3886] merging instance 'U0/i_synth/xfft_inst/floating_point.xfft_inst/real_to_bfp/fpo/FLT_TO_FIX_OP.SPD.OP/ALIGN_Z_D/MUX_LOOP[0].DEL_Z_D/i_pipe/opt_has_pipe.first_q_reg[7]' (FDE) to 'U0/i_synth/xfft_inst/floating_point.xfft_inst/real_to_bfp/fpo/FLT_TO_FIX_OP.SPD.OP/ALIGN_Z_D/MUX_LOOP[1].DEL_Z_D/i_pipe/opt_has_pipe.first_q_reg[3]'
INFO: [Synth 8-3886] merging instance 'U0/i_synth/xfft_inst/floating_point.xfft_inst/imag_to_bfp/fpo/FLT_TO_FIX_OP.SPD.OP/ALIGN_Z_D/MUX_LOOP[0].DEL_Z_D/i_pipe/opt_has_pipe.first_q_reg[6]' (FDE) to 'U0/i_synth/xfft_inst/floating_point.xfft_inst/imag_to_bfp/fpo/FLT_TO_FIX_OP.SPD.OP/ALIGN_Z_D/MUX_LOOP[0].DEL_Z_D/i_pipe/opt_has_pipe.first_q_reg[7]'
INFO: [Synth 8-3886] merging instance 'U0/i_synth/xfft_inst/floating_point.xfft_inst/imag_to_bfp/fpo/FLT_TO_FIX_OP.SPD.OP/ALIGN_Z_D/MUX_LOOP[0].DEL_Z_D/i_pipe/opt_has_pipe.first_q_reg[7]' (FDE) to 'U0/i_synth/xfft_inst/floating_point.xfft_inst/imag_to_bfp/fpo/FLT_TO_FIX_OP.SPD.OP/ALIGN_Z_D/MUX_LOOP[1].DEL_Z_D/i_pipe/opt_has_pipe.first_q_reg[3]'
INFO: [Synth 8-3886] merging instance 'U0/i_synth/xfft_inst/floating_point.xfft_inst/real_to_bfp/fpo/FLT_TO_FIX_OP.SPD.OP/ALIGN_Z_D/MUX_LOOP[1].DEL_Z_D/i_pipe/opt_has_pipe.first_q_reg[3]' (FDE) to 'U0/i_synth/xfft_inst/floating_point.xfft_inst/real_to_bfp/fpo/FLT_TO_FIX_OP.SPD.OP/ALIGN_Z_D/MUX_LOOP[1].DEL_Z_D/i_pipe/opt_has_pipe.first_q_reg[2]'
INFO: [Synth 8-3886] merging instance 'U0/i_synth/xfft_inst/floating_point.xfft_inst/imag_to_bfp/fpo/FLT_TO_FIX_OP.SPD.OP/ALIGN_Z_D/MUX_LOOP[1].DEL_Z_D/i_pipe/opt_has_pipe.first_q_reg[3]' (FDE) to 'U0/i_synth/xfft_inst/floating_point.xfft_inst/imag_to_bfp/fpo/FLT_TO_FIX_OP.SPD.OP/ALIGN_Z_D/MUX_LOOP[1].DEL_Z_D/i_pipe/opt_has_pipe.first_q_reg[2]'
INFO: [Synth 8-3886] merging instance 'U0/i_synth/xfft_inst/floating_point.xfft_inst/fft/non_floating_point.arch_b.xfft_inst/control/control/out_addr_actual_reg[1]' (FDE) to 'U0/i_synth/xfft_inst/floating_point.xfft_inst/fft/non_floating_point.arch_b.xfft_inst/control/control/nat_out.out_addr_reg_reg[1]'
INFO: [Synth 8-3886] merging instance 'U0/i_synth/xfft_inst/floating_point.xfft_inst/fft/non_floating_point.arch_b.xfft_inst/control/control/out_addr_actual_reg[3]' (FDE) to 'U0/i_synth/xfft_inst/floating_point.xfft_inst/fft/non_floating_point.arch_b.xfft_inst/control/control/nat_out.out_addr_reg_reg[3]'
INFO: [Synth 8-3886] merging instance 'U0/i_synth/xfft_inst/floating_point.xfft_inst/fft/non_floating_point.arch_b.xfft_inst/control/control/out_addr_actual_reg[5]' (FDE) to 'U0/i_synth/xfft_inst/floating_point.xfft_inst/fft/non_floating_point.arch_b.xfft_inst/control/control/nat_out.out_addr_reg_reg[5]'
INFO: [Synth 8-3886] merging instance 'U0/i_synth/xfft_inst/floating_point.xfft_inst/fft/non_floating_point.arch_b.xfft_inst/control/control/out_addr_actual_reg[7]' (FDE) to 'U0/i_synth/xfft_inst/floating_point.xfft_inst/fft/non_floating_point.arch_b.xfft_inst/control/control/nat_out.out_addr_reg_reg[7]'
INFO: [Synth 8-3886] merging instance 'U0/i_synth/xfft_inst/floating_point.xfft_inst/fft/non_floating_point.arch_b.xfft_inst/control/control/out_addr_actual_reg[0]' (FDE) to 'U0/i_synth/xfft_inst/floating_point.xfft_inst/fft/non_floating_point.arch_b.xfft_inst/control/control/nat_out.out_addr_reg_reg[0]'
INFO: [Synth 8-3886] merging instance 'U0/i_synth/xfft_inst/floating_point.xfft_inst/fft/non_floating_point.arch_b.xfft_inst/control/control/out_addr_actual_reg[2]' (FDE) to 'U0/i_synth/xfft_inst/floating_point.xfft_inst/fft/non_floating_point.arch_b.xfft_inst/control/control/nat_out.out_addr_reg_reg[2]'
INFO: [Synth 8-3886] merging instance 'U0/i_synth/xfft_inst/floating_point.xfft_inst/fft/non_floating_point.arch_b.xfft_inst/control/control/out_addr_actual_reg[4]' (FDE) to 'U0/i_synth/xfft_inst/floating_point.xfft_inst/fft/non_floating_point.arch_b.xfft_inst/control/control/nat_out.out_addr_reg_reg[4]'
INFO: [Synth 8-3886] merging instance 'U0/i_synth/xfft_inst/floating_point.xfft_inst/fft/non_floating_point.arch_b.xfft_inst/control/control/out_addr_actual_reg[6]' (FDE) to 'U0/i_synth/xfft_inst/floating_point.xfft_inst/fft/non_floating_point.arch_b.xfft_inst/control/control/nat_out.out_addr_reg_reg[6]'
INFO: [Synth 8-3886] merging instance 'U0/i_synth/xfft_inst/floating_point.xfft_inst/convert_real_to_fp/fpo/FIX_TO_FLT_OP.SPD.OP/EXP/EXP_MOD_DEL/i_pipe/opt_has_pipe.first_q_reg[6]' (FDE) to 'U0/i_synth/xfft_inst/floating_point.xfft_inst/convert_real_to_fp/fpo/FIX_TO_FLT_OP.SPD.OP/EXP/EXP_MOD_DEL/i_pipe/opt_has_pipe.first_q_reg[5]'
INFO: [Synth 8-3333] propagating constant 0 across sequential element (U0/i_synth/\xfft_inst/floating_point.xfft_inst/convert_real_to_fp/fpo /\FIX_TO_FLT_OP.SPD.OP/EXP/EXP_MOD_DEL/i_pipe/opt_has_pipe.first_q_reg[7] )
INFO: [Synth 8-3886] merging instance 'U0/i_synth/xfft_inst/floating_point.xfft_inst/convert_imag_to_fp/fpo/FIX_TO_FLT_OP.SPD.OP/EXP/EXP_MOD_DEL/i_pipe/opt_has_pipe.first_q_reg[6]' (FDE) to 'U0/i_synth/xfft_inst/floating_point.xfft_inst/convert_imag_to_fp/fpo/FIX_TO_FLT_OP.SPD.OP/EXP/EXP_MOD_DEL/i_pipe/opt_has_pipe.first_q_reg[5]'
INFO: [Synth 8-3333] propagating constant 0 across sequential element (U0/i_synth/\xfft_inst/floating_point.xfft_inst/convert_imag_to_fp/fpo /\FIX_TO_FLT_OP.SPD.OP/EXP/EXP_MOD_DEL/i_pipe/opt_has_pipe.first_q_reg[7] )
INFO: [Synth 8-3333] propagating constant 0 across sequential element (U0/i_synth/\xfft_inst/floating_point.xfft_inst/fft/non_floating_point.arch_b.xfft_inst/control/control/max_rank_flops[0].max_rank_ff )
INFO: [Synth 8-3333] propagating constant 0 across sequential element (U0/i_synth/\xfft_inst/floating_point.xfft_inst/fft/non_floating_point.arch_b.xfft_inst/control/control/max_rank_flops[2].max_rank_ff )
INFO: [Synth 8-3333] propagating constant 0 across sequential element (U0/i_synth/\axi_wrapper/gen_nrt_events.event_status_channel_halt_int_reg )
INFO: [Synth 8-3333] propagating constant 0 across sequential element (U0/i_synth/\xfft_inst/floating_point.xfft_inst/fft/non_floating_point.arch_b.xfft_inst/control/twiddle_address_generator/N_MAX_P4.p4/greater_than_64.p2_last_rk_vec_delay_reg[0] )
INFO: [Synth 8-3333] propagating constant 0 across sequential element (U0/i_synth/\xfft_inst/floating_point.xfft_inst/fft/non_floating_point.arch_b.xfft_inst/control/twiddle_address_generator/N_MAX_P4.p4/pre_tw2_d_reg[0] )
INFO: [Synth 8-3333] propagating constant 0 across sequential element (U0/i_synth/\xfft_inst/floating_point.xfft_inst/fft/non_floating_point.arch_b.xfft_inst/single_channel.datapath/pe/mult_gen.Mult1/i_cmpy/four_mult_structure.use_dsp.i_dsp/re_im/use_DSP48.qDSP[1].appDSP[0].bppDSP[0].u_l[0].dynamic_sub.subtract_delay_re1/d1.dout_i_reg[0] )
INFO: [Synth 8-3333] propagating constant 0 across sequential element (U0/i_synth/\xfft_inst/floating_point.xfft_inst/fft/non_floating_point.arch_b.xfft_inst/single_channel.datapath/pe/mult_gen.Mult2/i_cmpy/four_mult_structure.use_dsp.i_dsp/re_im/use_DSP48.qDSP[0].appDSP[0].bppDSP[0].u_l[0].dynamic_sub.subtract_delay_re1/d1.dout_i_reg[0] )
INFO: [Synth 8-3333] propagating constant 0 across sequential element (U0/i_synth/\xfft_inst/floating_point.xfft_inst/fft/non_floating_point.arch_b.xfft_inst/single_channel.datapath/pe/mult_gen.Mult1/i_cmpy/four_mult_structure.use_dsp.i_dsp/re_im/use_DSP48.qDSP[0].appDSP[0].bppDSP[0].u_l[0].dynamic_sub.subtract_delay_re1/d1.dout_i_reg[0] )
INFO: [Synth 8-3333] propagating constant 0 across sequential element (U0/i_synth/\xfft_inst/floating_point.xfft_inst/fft/non_floating_point.arch_b.xfft_inst/single_channel.datapath/pe/mult_gen.Mult2/i_cmpy/four_mult_structure.use_dsp.i_dsp/re_im/use_DSP48.qDSP[1].appDSP[0].bppDSP[0].u_l[0].dynamic_sub.subtract_delay_re1/d1.dout_i_reg[0] )
INFO: [Synth 8-3333] propagating constant 0 across sequential element (U0/i_synth/\xfft_inst/floating_point.xfft_inst/fft/non_floating_point.arch_b.xfft_inst/control/processing_address_generator/n1.n_128_reg_reg[0] )
INFO: [Synth 8-3333] propagating constant 0 across sequential element (U0/i_synth/\xfft_inst/floating_point.xfft_inst/fft/non_floating_point.arch_b.xfft_inst/control/processing_address_generator/bypass_d_reg[0] )
INFO: [Synth 8-3886] merging instance 'U0/i_synth/axi_wrapper/current_state_reg[6]' (FDRE) to 'U0/i_synth/axi_wrapper/current_state_reg[8]'
INFO: [Synth 8-3886] merging instance 'U0/i_synth/axi_wrapper/current_state_reg[7]' (FDRE) to 'U0/i_synth/axi_wrapper/current_state_reg[8]'
INFO: [Synth 8-3886] merging instance 'U0/i_synth/axi_wrapper/current_state_reg[10]' (FDRE) to 'U0/i_synth/axi_wrapper/current_state_reg[8]'
INFO: [Synth 8-3333] propagating constant 0 across sequential element (U0/i_synth/\axi_wrapper/current_state_reg[8] )
INFO: [Synth 8-3886] merging instance 'U0/i_synth/axi_wrapper/current_state_reg[9]' (FDRE) to 'U0/i_synth/axi_wrapper/current_state_reg[8]'
INFO: [Synth 8-3886] merging instance 'U0/i_synth/xfft_inst/floating_point.xfft_inst/fft/non_floating_point.arch_b.xfft_inst/control/twiddle_address_generator/N_MAX_P4.p4/N_MAX_256_MUX_FOR_P2.pre_tw1_d_reg[2]' (FDE) to 'U0/i_synth/xfft_inst/floating_point.xfft_inst/fft/non_floating_point.arch_b.xfft_inst/control/twiddle_address_generator/N_MAX_P4.p4/N_MAX_256_MUX_FOR_P2.tw3_tmp_reg[2]'
INFO: [Synth 8-3333] propagating constant 0 across sequential element (U0/i_synth/\xfft_inst/floating_point.xfft_inst/fft/non_floating_point.arch_b.xfft_inst/control/twiddle_address_generator/N_MAX_P4.p4/tw2_reg_loop[0].tw2_reg )
INFO: [Synth 8-3333] propagating constant 0 across sequential element (U0/i_synth/\xfft_inst/floating_point.xfft_inst/fft/non_floating_point.arch_b.xfft_inst/single_channel.datapath/pe/mult_gen.Mult1/i_cmpy/four_mult_structure.use_dsp.i_dsp/re_im/use_DSP48.qDSP[1].appDSP[0].bppDSP[1].u_l[0].dynamic_sub.subtract_delay_re0/d1.dout_i_reg[0] )
INFO: [Synth 8-3333] propagating constant 0 across sequential element (U0/i_synth/\xfft_inst/floating_point.xfft_inst/fft/non_floating_point.arch_b.xfft_inst/single_channel.datapath/pe/mult_gen.Mult2/i_cmpy/four_mult_structure.use_dsp.i_dsp/re_im/use_DSP48.qDSP[0].appDSP[0].bppDSP[1].u_l[0].dynamic_sub.subtract_delay_re0/d1.dout_i_reg[0] )
INFO: [Synth 8-3333] propagating constant 0 across sequential element (U0/i_synth/\xfft_inst/floating_point.xfft_inst/fft/non_floating_point.arch_b.xfft_inst/single_channel.datapath/pe/mult_gen.Mult1/i_cmpy/four_mult_structure.use_dsp.i_dsp/re_im/use_DSP48.qDSP[0].appDSP[0].bppDSP[1].u_l[0].dynamic_sub.subtract_delay_re0/d1.dout_i_reg[0] )
INFO: [Synth 8-3333] propagating constant 0 across sequential element (U0/i_synth/\xfft_inst/floating_point.xfft_inst/fft/non_floating_point.arch_b.xfft_inst/single_channel.datapath/pe/mult_gen.Mult2/i_cmpy/four_mult_structure.use_dsp.i_dsp/re_im/use_DSP48.qDSP[1].appDSP[0].bppDSP[1].u_l[0].dynamic_sub.subtract_delay_re0/d1.dout_i_reg[0] )
INFO: [Synth 8-3333] propagating constant 0 across sequential element (U0/i_synth/\xfft_inst/floating_point.xfft_inst/fft/non_floating_point.arch_b.xfft_inst/control/processing_address_generator/n1.n_128_reg2_reg[0] )
INFO: [Synth 8-3333] propagating constant 0 across sequential element (U0/i_synth/\xfft_inst/floating_point.xfft_inst/fft/non_floating_point.arch_b.xfft_inst/control/processing_address_generator/bypass_reg_reg[0] )
INFO: [Synth 8-3333] propagating constant 0 across sequential element (U0/i_synth/\axi_wrapper/current_state_reg[8] )
INFO: [Synth 8-3333] propagating constant 0 across sequential element (U0/i_synth/\xfft_inst/floating_point.xfft_inst/fft/non_floating_point.arch_b.xfft_inst/single_channel.datapath/pe/mult_gen.Mult2/i_cmpy/four_mult_structure.use_dsp.i_dsp/re_im/use_DSP48.qDSP[0].appDSP[0].bppDSP[1].u_l[0].dynamic_sub.subtract_delay_re1/d1.dout_i_reg[0] )
INFO: [Synth 8-3333] propagating constant 0 across sequential element (U0/i_synth/\xfft_inst/floating_point.xfft_inst/fft/non_floating_point.arch_b.xfft_inst/single_channel.datapath/pe/mult_gen.Mult1/i_cmpy/four_mult_structure.use_dsp.i_dsp/re_im/use_DSP48.qDSP[0].appDSP[0].bppDSP[1].u_l[0].dynamic_sub.subtract_delay_re1/d1.dout_i_reg[0] )
INFO: [Synth 8-3332] Sequential element (FLT_TO_FIX_OP.SPD.OP/COND_DET/MANT_CARRY.MANT_ALL_ZERO_DET/CARRY_ZERO_DET/CHAIN_GEN[3].CARRYS_DEL.NEED_DEL.CARRYS_FD) is unused and will be removed from module floating_point_v7_0_16_viv__1.
INFO: [Synth 8-3332] Sequential element (FLT_TO_FIX_OP.SPD.OP/COND_DET/MANT_CARRY.MANT_ALL_ZERO_DET/CARRY_ZERO_DET/CHAIN_GEN[3].CARRYS_DEL.NEED_DEL.CARRYS_FD) is unused and will be removed from module floating_point_v7_0_16_viv.
INFO: [Synth 8-3332] Sequential element (xfft_inst/floating_point.xfft_inst/fft/non_floating_point.arch_b.xfft_inst/control/control/max_rank_flops[2].max_rank_ff) is unused and will be removed from module xfft_v9_1_2_viv.
INFO: [Synth 8-3332] Sequential element (xfft_inst/floating_point.xfft_inst/fft/non_floating_point.arch_b.xfft_inst/control/control/max_rank_flops[0].max_rank_ff) is unused and will be removed from module xfft_v9_1_2_viv.
INFO: [Synth 8-3332] Sequential element (xfft_inst/floating_point.xfft_inst/fft/non_floating_point.arch_b.xfft_inst/control/delay_line_for_twiddle_rank/no_sclr_lut.real_shift_ram.use_baseblock.use_hlutnm_srls.runt_srl_loop.i_fdre) is unused and will be removed from module xfft_v9_1_2_viv.
INFO: [Synth 8-3332] Sequential element (xfft_inst/floating_point.xfft_inst/fft/non_floating_point.arch_b.xfft_inst/control/twiddle_address_generator/N_MAX_P4.p4/tw2_reg_loop[0].tw2_reg) is unused and will be removed from module xfft_v9_1_2_viv.
INFO: [Synth 8-3886] merging instance 'U0/i_synth/xfft_inst/floating_point.xfft_inst/fft/non_floating_point.arch_b.xfft_inst/single_channel.datapath/o_switch_im/sel3_reg[1]' (FDE) to 'U0/i_synth/xfft_inst/floating_point.xfft_inst/fft/non_floating_point.arch_b.xfft_inst/single_channel.datapath/o_switch_re/sel3_reg[1]'
INFO: [Synth 8-3886] merging instance 'U0/i_synth/xfft_inst/floating_point.xfft_inst/fft/non_floating_point.arch_b.xfft_inst/single_channel.datapath/o_switch_im/sel3_reg[0]' (FDE) to 'U0/i_synth/xfft_inst/floating_point.xfft_inst/fft/non_floating_point.arch_b.xfft_inst/single_channel.datapath/o_switch_re/sel3_reg[0]'
INFO: [Synth 8-3886] merging instance 'U0/i_synth/xfft_inst/floating_point.xfft_inst/fft/non_floating_point.arch_b.xfft_inst/single_channel.datapath/o_switch_im/sel2_reg[1]' (FDE) to 'U0/i_synth/xfft_inst/floating_point.xfft_inst/fft/non_floating_point.arch_b.xfft_inst/single_channel.datapath/o_switch_re/sel2_reg[1]'
INFO: [Synth 8-3886] merging instance 'U0/i_synth/xfft_inst/floating_point.xfft_inst/fft/non_floating_point.arch_b.xfft_inst/single_channel.datapath/o_switch_im/sel2_reg[0]' (FDE) to 'U0/i_synth/xfft_inst/floating_point.xfft_inst/fft/non_floating_point.arch_b.xfft_inst/single_channel.datapath/o_switch_re/sel2_reg[0]'
INFO: [Synth 8-3886] merging instance 'U0/i_synth/xfft_inst/floating_point.xfft_inst/fft/non_floating_point.arch_b.xfft_inst/single_channel.datapath/o_switch_im/sel1_reg[1]' (FDE) to 'U0/i_synth/xfft_inst/floating_point.xfft_inst/fft/non_floating_point.arch_b.xfft_inst/single_channel.datapath/o_switch_re/sel1_reg[1]'
INFO: [Synth 8-3886] merging instance 'U0/i_synth/xfft_inst/floating_point.xfft_inst/fft/non_floating_point.arch_b.xfft_inst/single_channel.datapath/o_switch_im/sel1_reg[0]' (FDE) to 'U0/i_synth/xfft_inst/floating_point.xfft_inst/fft/non_floating_point.arch_b.xfft_inst/single_channel.datapath/o_switch_re/sel1_reg[0]'
INFO: [Synth 8-3886] merging instance 'U0/i_synth/xfft_inst/floating_point.xfft_inst/fft/non_floating_point.arch_b.xfft_inst/single_channel.datapath/o_switch_im/sel0_reg[1]' (FDE) to 'U0/i_synth/xfft_inst/floating_point.xfft_inst/fft/non_floating_point.arch_b.xfft_inst/single_channel.datapath/o_switch_re/sel0_reg[1]'
INFO: [Synth 8-3886] merging instance 'U0/i_synth/xfft_inst/floating_point.xfft_inst/fft/non_floating_point.arch_b.xfft_inst/single_channel.datapath/o_switch_im/sel0_reg[0]' (FDE) to 'U0/i_synth/xfft_inst/floating_point.xfft_inst/fft/non_floating_point.arch_b.xfft_inst/single_channel.datapath/o_switch_re/sel0_reg[0]'
---------------------------------------------------------------------------------
Finished Cross Boundary and Area Optimization : Time (s): cpu = 00:00:48 ; elapsed = 00:01:07 . Memory (MB): peak = 2522.449 ; gain = 893.219 ; free physical = 1501 ; free virtual = 6857
---------------------------------------------------------------------------------
INFO: [Synth 8-6837] The timing for the instance U0/i_synth/i_129_0/xfft_inst/floating_point.xfft_inst/fft/non_floating_point.arch_b.xfft_inst/control/twiddle_generator1/tw0.twgen0/sin_pre_read_reg (implemented as a Block RAM) might be sub-optimal as no optional output register could be merged into the block ram. Providing additional output register may help in improving timing.
INFO: [Synth 8-6837] The timing for the instance U0/i_synth/i_129_0/xfft_inst/floating_point.xfft_inst/fft/non_floating_point.arch_b.xfft_inst/control/twiddle_generator1/tw0.twgen0/sin_pre_read_reg (implemented as a Block RAM) might be sub-optimal as no optional output register could be merged into the block ram. Providing additional output register may help in improving timing.
INFO: [Synth 8-6837] The timing for the instance U0/i_synth/i_129_1/xfft_inst/floating_point.xfft_inst/fft/non_floating_point.arch_b.xfft_inst/control/twiddle_generator1/tw0.twgen0/cos_pre_read_reg (implemented as a Block RAM) might be sub-optimal as no optional output register could be merged into the block ram. Providing additional output register may help in improving timing.
INFO: [Synth 8-6837] The timing for the instance U0/i_synth/i_129_1/xfft_inst/floating_point.xfft_inst/fft/non_floating_point.arch_b.xfft_inst/control/twiddle_generator1/tw0.twgen0/cos_pre_read_reg (implemented as a Block RAM) might be sub-optimal as no optional output register could be merged into the block ram. Providing additional output register may help in improving timing.
INFO: [Synth 8-6837] The timing for the instance U0/i_synth/i_129_2/xfft_inst/floating_point.xfft_inst/fft/non_floating_point.arch_b.xfft_inst/control/twiddle_generator2/tw0.twgen0/sin_pre_read_reg (implemented as a Block RAM) might be sub-optimal as no optional output register could be merged into the block ram. Providing additional output register may help in improving timing.
INFO: [Synth 8-6837] The timing for the instance U0/i_synth/i_129_2/xfft_inst/floating_point.xfft_inst/fft/non_floating_point.arch_b.xfft_inst/control/twiddle_generator2/tw0.twgen0/sin_pre_read_reg (implemented as a Block RAM) might be sub-optimal as no optional output register could be merged into the block ram. Providing additional output register may help in improving timing.
INFO: [Synth 8-6837] The timing for the instance U0/i_synth/i_129_3/xfft_inst/floating_point.xfft_inst/fft/non_floating_point.arch_b.xfft_inst/control/twiddle_generator2/tw0.twgen0/cos_pre_read_reg (implemented as a Block RAM) might be sub-optimal as no optional output register could be merged into the block ram. Providing additional output register may help in improving timing.
INFO: [Synth 8-6837] The timing for the instance U0/i_synth/i_129_3/xfft_inst/floating_point.xfft_inst/fft/non_floating_point.arch_b.xfft_inst/control/twiddle_generator2/tw0.twgen0/cos_pre_read_reg (implemented as a Block RAM) might be sub-optimal as no optional output register could be merged into the block ram. Providing additional output register may help in improving timing.
INFO: [Synth 8-6837] The timing for the instance U0/i_synth/i_129_4/xfft_inst/floating_point.xfft_inst/fft/non_floating_point.arch_b.xfft_inst/control/twiddle_generator3/tw0.twgen0/sin_pre_read_reg (implemented as a Block RAM) might be sub-optimal as no optional output register could be merged into the block ram. Providing additional output register may help in improving timing.
INFO: [Synth 8-6837] The timing for the instance U0/i_synth/i_129_4/xfft_inst/floating_point.xfft_inst/fft/non_floating_point.arch_b.xfft_inst/control/twiddle_generator3/tw0.twgen0/sin_pre_read_reg (implemented as a Block RAM) might be sub-optimal as no optional output register could be merged into the block ram. Providing additional output register may help in improving timing.
INFO: [Synth 8-6837] The timing for the instance U0/i_synth/i_129_5/xfft_inst/floating_point.xfft_inst/fft/non_floating_point.arch_b.xfft_inst/control/twiddle_generator3/tw0.twgen0/cos_pre_read_reg (implemented as a Block RAM) might be sub-optimal as no optional output register could be merged into the block ram. Providing additional output register may help in improving timing.
INFO: [Synth 8-6837] The timing for the instance U0/i_synth/i_129_5/xfft_inst/floating_point.xfft_inst/fft/non_floating_point.arch_b.xfft_inst/control/twiddle_generator3/tw0.twgen0/cos_pre_read_reg (implemented as a Block RAM) might be sub-optimal as no optional output register could be merged into the block ram. Providing additional output register may help in improving timing.

Report RTL Partitions: 
+-+--------------+------------+----------+
| |RTL Partition |Replication |Instances |
+-+--------------+------------+----------+
+-+--------------+------------+----------+
---------------------------------------------------------------------------------
Start Applying XDC Timing Constraints
---------------------------------------------------------------------------------
---------------------------------------------------------------------------------
Finished Applying XDC Timing Constraints : Time (s): cpu = 00:00:52 ; elapsed = 00:01:11 . Memory (MB): peak = 2522.449 ; gain = 893.219 ; free physical = 1357 ; free virtual = 6714
---------------------------------------------------------------------------------
---------------------------------------------------------------------------------
Start Timing Optimization
---------------------------------------------------------------------------------
---------------------------------------------------------------------------------
Finished Timing Optimization : Time (s): cpu = 00:00:54 ; elapsed = 00:01:13 . Memory (MB): peak = 2522.449 ; gain = 893.219 ; free physical = 1312 ; free virtual = 6669
---------------------------------------------------------------------------------

Report RTL Partitions: 
+-+--------------+------------+----------+
| |RTL Partition |Replication |Instances |
+-+--------------+------------+----------+
+-+--------------+------------+----------+
---------------------------------------------------------------------------------
Start Technology Mapping
---------------------------------------------------------------------------------
---------------------------------------------------------------------------------
Finished Technology Mapping : Time (s): cpu = 00:00:55 ; elapsed = 00:01:15 . Memory (MB): peak = 2522.449 ; gain = 893.219 ; free physical = 1323 ; free virtual = 6681
---------------------------------------------------------------------------------

Report RTL Partitions: 
+-+--------------+------------+----------+
| |RTL Partition |Replication |Instances |
+-+--------------+------------+----------+
+-+--------------+------------+----------+
---------------------------------------------------------------------------------
Start IO Insertion
---------------------------------------------------------------------------------
---------------------------------------------------------------------------------
Start Flattening Before IO Insertion
---------------------------------------------------------------------------------
---------------------------------------------------------------------------------
Finished Flattening Before IO Insertion
---------------------------------------------------------------------------------
---------------------------------------------------------------------------------
Start Final Netlist Cleanup
---------------------------------------------------------------------------------
---------------------------------------------------------------------------------
Finished Final Netlist Cleanup
---------------------------------------------------------------------------------
---------------------------------------------------------------------------------
Finished IO Insertion : Time (s): cpu = 00:00:56 ; elapsed = 00:01:16 . Memory (MB): peak = 2522.449 ; gain = 893.219 ; free physical = 1326 ; free virtual = 6684
---------------------------------------------------------------------------------

Report Check Netlist: 
+------+------------------+-------+---------+-------+------------------+
|      |Item              |Errors |Warnings |Status |Description       |
+------+------------------+-------+---------+-------+------------------+
|1     |multi_driven_nets |      0|        0|Passed |Multi driven nets |
+------+------------------+-------+---------+-------+------------------+
---------------------------------------------------------------------------------
Start Renaming Generated Instances
---------------------------------------------------------------------------------
---------------------------------------------------------------------------------
Finished Renaming Generated Instances : Time (s): cpu = 00:00:56 ; elapsed = 00:01:16 . Memory (MB): peak = 2522.449 ; gain = 893.219 ; free physical = 1326 ; free virtual = 6684
---------------------------------------------------------------------------------

Report RTL Partitions: 
+-+--------------+------------+----------+
| |RTL Partition |Replication |Instances |
+-+--------------+------------+----------+
+-+--------------+------------+----------+
---------------------------------------------------------------------------------
Start Rebuilding User Hierarchy
---------------------------------------------------------------------------------
---------------------------------------------------------------------------------
Finished Rebuilding User Hierarchy : Time (s): cpu = 00:00:57 ; elapsed = 00:01:17 . Memory (MB): peak = 2522.449 ; gain = 893.219 ; free physical = 1326 ; free virtual = 6684
---------------------------------------------------------------------------------
---------------------------------------------------------------------------------
Start Renaming Generated Ports
---------------------------------------------------------------------------------
---------------------------------------------------------------------------------
Finished Renaming Generated Ports : Time (s): cpu = 00:00:57 ; elapsed = 00:01:17 . Memory (MB): peak = 2522.449 ; gain = 893.219 ; free physical = 1326 ; free virtual = 6684
---------------------------------------------------------------------------------
---------------------------------------------------------------------------------
Start Handling Custom Attributes
---------------------------------------------------------------------------------
---------------------------------------------------------------------------------
Finished Handling Custom Attributes : Time (s): cpu = 00:00:57 ; elapsed = 00:01:17 . Memory (MB): peak = 2522.449 ; gain = 893.219 ; free physical = 1326 ; free virtual = 6684
---------------------------------------------------------------------------------
---------------------------------------------------------------------------------
Start Renaming Generated Nets
---------------------------------------------------------------------------------
---------------------------------------------------------------------------------
Finished Renaming Generated Nets : Time (s): cpu = 00:00:57 ; elapsed = 00:01:17 . Memory (MB): peak = 2522.449 ; gain = 893.219 ; free physical = 1326 ; free virtual = 6684
---------------------------------------------------------------------------------
---------------------------------------------------------------------------------
Start Writing Synthesis Report
---------------------------------------------------------------------------------

Report BlackBoxes: 
+-+--------------+----------+
| |BlackBox name |Instances |
+-+--------------+----------+
+-+--------------+----------+

Report Cell Usage: 
+------+-----------+------+
|      |Cell       |Count |
+------+-----------+------+
|1     |CARRY4     |     3|
|2     |DSP48E1    |     6|
|3     |DSP48E1_1  |     6|
|4     |DSP48E1_2  |     6|
|5     |DSP48E1_3  |     6|
|6     |LUT1       |    98|
|7     |LUT2       |   726|
|8     |LUT3       |   947|
|9     |LUT4       |   190|
|10    |LUT5       |   152|
|11    |LUT6       |  1065|
|12    |MUXCY      |   909|
|13    |MUXF7      |     4|
|14    |MUXF8      |     2|
|15    |RAMB18E1   |     2|
|16    |RAMB18E1_2 |     8|
|17    |RAMB18E1_3 |     6|
|18    |SRL16E     |   524|
|19    |SRLC32E    |     8|
|20    |XORCY      |   850|
|21    |FDE        |    86|
|22    |FDRE       |  4733|
|23    |FDSE       |    41|
+------+-----------+------+
---------------------------------------------------------------------------------
Finished Writing Synthesis Report : Time (s): cpu = 00:00:57 ; elapsed = 00:01:17 . Memory (MB): peak = 2522.449 ; gain = 893.219 ; free physical = 1326 ; free virtual = 6684
---------------------------------------------------------------------------------
Synthesis finished with 0 errors, 0 critical warnings and 954 warnings.
Synthesis Optimization Runtime : Time (s): cpu = 00:00:55 ; elapsed = 00:01:14 . Memory (MB): peak = 2522.449 ; gain = 808.406 ; free physical = 1406 ; free virtual = 6764
Synthesis Optimization Complete : Time (s): cpu = 00:00:57 ; elapsed = 00:01:17 . Memory (MB): peak = 2522.449 ; gain = 893.219 ; free physical = 1406 ; free virtual = 6764
INFO: [Project 1-571] Translating synthesized netlist
INFO: [Netlist 29-17] Analyzing 1894 Unisim elements for replacement
INFO: [Netlist 29-28] Unisim Transformation completed in 0 CPU seconds
INFO: [Project 1-570] Preparing netlist for logic optimization
INFO: [Opt 31-138] Pushed 0 inverter(s) to 0 load pin(s).
Netlist sorting complete. Time (s): cpu = 00:00:00 ; elapsed = 00:00:00 . Memory (MB): peak = 2538.465 ; gain = 0.000 ; free physical = 1350 ; free virtual = 6708
INFO: [Project 1-111] Unisim Transformation Summary:
  A total of 349 instances were transformed.
  (MUXCY,XORCY) => CARRY4: 263 instances
  FDE => FDRE: 86 instances

INFO: [Common 17-83] Releasing license: Synthesis
203 Infos, 103 Warnings, 0 Critical Warnings and 0 Errors encountered.
synth_design completed successfully
synth_design: Time (s): cpu = 00:01:02 ; elapsed = 00:01:33 . Memory (MB): peak = 2538.465 ; gain = 1131.766 ; free physical = 1464 ; free virtual = 6822
Netlist sorting complete. Time (s): cpu = 00:00:00 ; elapsed = 00:00:00 . Memory (MB): peak = 2538.465 ; gain = 0.000 ; free physical = 1464 ; free virtual = 6822
WARNING: [Constraints 18-5210] No constraints selected for write.
Resolution: This message can indicate that there are no constraints for the design, or it can indicate that the used_in flags are set such that the constraints are ignored. This later case is used when running synth_design to not write synthesis constraints to the resulting checkpoint. Instead, project constraints are read when the synthesized design is opened.
INFO: [Common 17-1381] The checkpoint '/home/adi/repo/notes/sem3/ELD2024_LAB/lab9_256/lab9_256.runs/design_1_xfft_0_0_synth_1/design_1_xfft_0_0.dcp' has been generated.
WARNING: [Common 17-576] 'use_project_ipc' is deprecated. This option is deprecated and no longer used.
INFO: [Coretcl 2-1648] Added synthesis output to IP cache for IP design_1_xfft_0_0, cache-ID = 0d000830db14c4a8
INFO: [Coretcl 2-1174] Renamed 791 cell refs.
Netlist sorting complete. Time (s): cpu = 00:00:00 ; elapsed = 00:00:00.01 . Memory (MB): peak = 2562.477 ; gain = 0.000 ; free physical = 1453 ; free virtual = 6830
WARNING: [Constraints 18-5210] No constraints selected for write.
Resolution: This message can indicate that there are no constraints for the design, or it can indicate that the used_in flags are set such that the constraints are ignored. This later case is used when running synth_design to not write synthesis constraints to the resulting checkpoint. Instead, project constraints are read when the synthesized design is opened.
INFO: [Common 17-1381] The checkpoint '/home/adi/repo/notes/sem3/ELD2024_LAB/lab9_256/lab9_256.runs/design_1_xfft_0_0_synth_1/design_1_xfft_0_0.dcp' has been generated.
INFO: [runtcl-4] Executing : report_utilization -file design_1_xfft_0_0_utilization_synth.rpt -pb design_1_xfft_0_0_utilization_synth.pb
INFO: [Common 17-206] Exiting Vivado at Sat Nov 16 21:57:58 2024...
