18:06:21 INFO  : Registering command handlers for SDK TCF services
18:06:22 INFO  : Launching XSCT server: xsct -n -interactive /home/adi/repo/notes/sem3/ELD2024_LAB/lab7_hw_3/lab7_hw_3.sdk/temp_xsdb_launch_script.tcl
18:06:24 INFO  : XSCT server has started successfully.
18:06:24 INFO  : Successfully done setting XSCT server connection channel  
18:06:24 INFO  : Successfully done setting SDK workspace  
18:06:24 INFO  : Processing command line option -hwspec /home/adi/repo/notes/sem3/ELD2024_LAB/lab7_hw_3/lab7_hw_3.sdk/design_1_wrapper.hdf.
18:21:27 INFO  : Refreshed build settings on project lab8_hw3
18:31:33 INFO  : Connected through redirection to target on host '192.168.226.142' and port '64678'.
18:31:35 INFO  : Jtag cable 'Digilent Zed 210248A39C93' is selected.
18:31:35 INFO  : 'jtag frequency' command is executed.
18:31:35 INFO  : Sourcing of '/home/adi/repo/notes/sem3/ELD2024_LAB/lab7_hw_3/lab7_hw_3.sdk/design_1_wrapper_hw_platform_0/ps7_init.tcl' is done.
18:31:35 INFO  : Context for 'APU' is selected.
18:31:35 INFO  : System reset is completed.
18:31:38 INFO  : 'after 3000' command is executed.
18:31:39 INFO  : Context for 'APU' is selected.
18:31:39 INFO  : Hardware design information is loaded from '/home/adi/repo/notes/sem3/ELD2024_LAB/lab7_hw_3/lab7_hw_3.sdk/design_1_wrapper_hw_platform_0/system.hdf'.
18:31:39 INFO  : 'configparams force-mem-access 1' command is executed.
18:31:39 INFO  : Context for 'APU' is selected.
18:31:43 INFO  : 'ps7_init' command is executed.
18:31:43 INFO  : 'ps7_post_config' command is executed.
18:31:43 INFO  : Context for processor 'ps7_cortexa9_0' is selected.
18:31:43 INFO  : The application '/home/adi/repo/notes/sem3/ELD2024_LAB/lab7_hw_3/lab7_hw_3.sdk/lab8_hw3/Debug/lab8_hw3.elf' is downloaded to processor 'ps7_cortexa9_0'.
18:31:43 INFO  : 'configparams force-mem-access 0' command is executed.
18:31:43 INFO  : ----------------XSDB Script----------------
connect -path [list tcp::1534 tcp:192.168.226.142:64678]
source /home/adi/repo/notes/sem3/ELD2024_LAB/lab7_hw_3/lab7_hw_3.sdk/design_1_wrapper_hw_platform_0/ps7_init.tcl
targets -set -nocase -filter {name =~"APU*" && jtag_cable_name =~ "Digilent Zed 210248A39C93"} -index 0
rst -system
after 3000
targets -set -nocase -filter {name =~"APU*" && jtag_cable_name =~ "Digilent Zed 210248A39C93"} -index 0
loadhw -hw /home/adi/repo/notes/sem3/ELD2024_LAB/lab7_hw_3/lab7_hw_3.sdk/design_1_wrapper_hw_platform_0/system.hdf -mem-ranges [list {0x40000000 0xbfffffff}]
configparams force-mem-access 1
targets -set -nocase -filter {name =~"APU*" && jtag_cable_name =~ "Digilent Zed 210248A39C93"} -index 0
ps7_init
ps7_post_config
targets -set -nocase -filter {name =~ "ARM*#0" && jtag_cable_name =~ "Digilent Zed 210248A39C93"} -index 0
dow /home/adi/repo/notes/sem3/ELD2024_LAB/lab7_hw_3/lab7_hw_3.sdk/lab8_hw3/Debug/lab8_hw3.elf
configparams force-mem-access 0
----------------End of Script----------------

18:31:43 INFO  : Context for processor 'ps7_cortexa9_0' is selected.
18:31:43 INFO  : 'con' command is executed.
18:31:43 INFO  : ----------------XSDB Script (After Launch)----------------
targets -set -nocase -filter {name =~ "ARM*#0" && jtag_cable_name =~ "Digilent Zed 210248A39C93"} -index 0
con
----------------End of Script----------------

18:31:43 INFO  : Launch script is exported to file '/home/adi/repo/notes/sem3/ELD2024_LAB/lab7_hw_3/lab7_hw_3.sdk/.sdk/launch_scripts/xilinx_c-c++_application_(system_debugger)/system_debugger_using_debug_lab8_hw3.elf_on_local.tcl'
18:31:51 ERROR : (XSDB Server)couldn't execute "xterm": no such file or directory

18:33:58 ERROR : (XSDB Server)can't read "TERM": no such variable

18:36:55 INFO  : Disconnected from the channel tcfchan#1.
18:37:30 INFO  : Launching XSCT server: xsct -n -interactive /home/adi/repo/notes/sem3/ELD2024_LAB/lab7_hw_3/lab7_hw_3.sdk/temp_xsdb_launch_script.tcl
18:37:30 INFO  : Registering command handlers for SDK TCF services
18:37:32 INFO  : XSCT server has started successfully.
18:37:32 INFO  : Successfully done setting XSCT server connection channel  
18:37:32 INFO  : Successfully done setting SDK workspace  
18:37:32 INFO  : Processing command line option -hwspec /home/adi/repo/notes/sem3/ELD2024_LAB/lab7_hw_3/lab7_hw_3.sdk/design_1_wrapper.hdf.
18:37:32 INFO  : Checking for hwspec changes in the project design_1_wrapper_hw_platform_0.
18:37:36 ERROR : (XSDB Server)Invalid target. Use "connect" command to connect to hw_server/TCF agent

18:37:59 INFO  : Connected through redirection to target on host '192.168.226.142' and port '64678'.
18:38:01 INFO  : Jtag cable 'Digilent Zed 210248A39C93' is selected.
18:38:01 INFO  : 'jtag frequency' command is executed.
18:38:01 INFO  : Sourcing of '/home/adi/repo/notes/sem3/ELD2024_LAB/lab7_hw_3/lab7_hw_3.sdk/design_1_wrapper_hw_platform_0/ps7_init.tcl' is done.
18:38:01 INFO  : Context for 'APU' is selected.
18:38:02 INFO  : System reset is completed.
18:38:05 INFO  : 'after 3000' command is executed.
18:38:05 ERROR : (XSDB Server)Target doesn't support Jtag Uart

18:38:05 INFO  : Context for 'APU' is selected.
18:38:05 INFO  : Hardware design information is loaded from '/home/adi/repo/notes/sem3/ELD2024_LAB/lab7_hw_3/lab7_hw_3.sdk/design_1_wrapper_hw_platform_0/system.hdf'.
18:38:05 INFO  : 'configparams force-mem-access 1' command is executed.
18:38:05 INFO  : Context for 'APU' is selected.
18:38:09 INFO  : 'ps7_init' command is executed.
18:38:09 INFO  : 'ps7_post_config' command is executed.
18:38:09 INFO  : Context for processor 'ps7_cortexa9_0' is selected.
18:38:09 INFO  : The application '/home/adi/repo/notes/sem3/ELD2024_LAB/lab7_hw_3/lab7_hw_3.sdk/lab8_hw3/Debug/lab8_hw3.elf' is downloaded to processor 'ps7_cortexa9_0'.
18:38:09 INFO  : 'configparams force-mem-access 0' command is executed.
18:38:09 INFO  : ----------------XSDB Script----------------
connect -path [list tcp::1534 tcp:192.168.226.142:64678]
source /home/adi/repo/notes/sem3/ELD2024_LAB/lab7_hw_3/lab7_hw_3.sdk/design_1_wrapper_hw_platform_0/ps7_init.tcl
targets -set -nocase -filter {name =~"APU*" && jtag_cable_name =~ "Digilent Zed 210248A39C93"} -index 0
rst -system
after 3000
targets -set -nocase -filter {name =~"APU*" && jtag_cable_name =~ "Digilent Zed 210248A39C93"} -index 0
loadhw -hw /home/adi/repo/notes/sem3/ELD2024_LAB/lab7_hw_3/lab7_hw_3.sdk/design_1_wrapper_hw_platform_0/system.hdf -mem-ranges [list {0x40000000 0xbfffffff}]
configparams force-mem-access 1
targets -set -nocase -filter {name =~"APU*" && jtag_cable_name =~ "Digilent Zed 210248A39C93"} -index 0
ps7_init
ps7_post_config
targets -set -nocase -filter {name =~ "ARM*#0" && jtag_cable_name =~ "Digilent Zed 210248A39C93"} -index 0
dow /home/adi/repo/notes/sem3/ELD2024_LAB/lab7_hw_3/lab7_hw_3.sdk/lab8_hw3/Debug/lab8_hw3.elf
configparams force-mem-access 0
----------------End of Script----------------

18:38:10 INFO  : Context for processor 'ps7_cortexa9_0' is selected.
18:38:10 INFO  : 'con' command is executed.
18:38:10 INFO  : ----------------XSDB Script (After Launch)----------------
targets -set -nocase -filter {name =~ "ARM*#0" && jtag_cable_name =~ "Digilent Zed 210248A39C93"} -index 0
con
----------------End of Script----------------

18:38:10 INFO  : Launch script is exported to file '/home/adi/repo/notes/sem3/ELD2024_LAB/lab7_hw_3/lab7_hw_3.sdk/.sdk/launch_scripts/xilinx_c-c++_application_(system_debugger)/system_debugger_using_debug_lab8_hw3.elf_on_local.tcl'
18:45:03 WARN  : channel "tcfchan#1" closed
