13:09:16 INFO  : Registering command handlers for SDK TCF services
13:09:17 INFO  : Launching XSCT server: xsct -n -interactive /home/adi/repo/notes/sem3/ELD2024_LAB/eld_endsem/eld_endsem.sdk/temp_xsdb_launch_script.tcl
13:09:20 INFO  : XSCT server has started successfully.
13:09:20 INFO  : Successfully done setting XSCT server connection channel  
13:09:20 INFO  : Successfully done setting SDK workspace  
13:09:20 INFO  : Processing command line option -hwspec /home/adi/repo/notes/sem3/ELD2024_LAB/eld_endsem/eld_endsem.sdk/design_1_wrapper.hdf.
13:12:52 INFO  : Refreshed build settings on project endsem_lab
13:15:21 INFO  : Connected to target on host '127.0.0.1' and port '3121'.
13:15:31 INFO  : ----------------XSDB Script----------------
connect -url tcp:127.0.0.1:3121
----------------End of Script----------------

13:15:43 INFO  : Connected to target on host '127.0.0.1' and port '3121'.
13:15:43 INFO  : Jtag cable 'Digilent Zed 210248A39C83' is selected.
13:15:43 INFO  : 'jtag frequency' command is executed.
13:15:43 INFO  : Sourcing of '/home/adi/repo/notes/sem3/ELD2024_LAB/eld_endsem/eld_endsem.sdk/design_1_wrapper_hw_platform_0/ps7_init.tcl' is done.
13:15:43 INFO  : Context for 'APU' is selected.
13:15:43 INFO  : System reset is completed.
13:15:46 INFO  : 'after 3000' command is executed.
13:15:46 INFO  : 'targets -set -filter {jtag_cable_name =~ "Digilent Zed 210248A39C83" && level==0} -index 1' command is executed.
13:15:49 INFO  : FPGA configured successfully with bitstream "/home/adi/repo/notes/sem3/ELD2024_LAB/eld_endsem/eld_endsem.sdk/design_1_wrapper_hw_platform_0/design_1_wrapper.bit"
13:15:49 INFO  : Context for 'APU' is selected.
13:15:49 INFO  : Hardware design information is loaded from '/home/adi/repo/notes/sem3/ELD2024_LAB/eld_endsem/eld_endsem.sdk/design_1_wrapper_hw_platform_0/system.hdf'.
13:15:49 INFO  : 'configparams force-mem-access 1' command is executed.
13:15:49 INFO  : Context for 'APU' is selected.
13:15:49 INFO  : 'ps7_init' command is executed.
13:15:49 INFO  : 'ps7_post_config' command is executed.
13:15:49 INFO  : Context for processor 'ps7_cortexa9_0' is selected.
13:15:49 INFO  : The application '/home/adi/repo/notes/sem3/ELD2024_LAB/eld_endsem/eld_endsem.sdk/endsem_lab/Debug/endsem_lab.elf' is downloaded to processor 'ps7_cortexa9_0'.
13:15:49 INFO  : 'configparams force-mem-access 0' command is executed.
13:15:49 INFO  : ----------------XSDB Script----------------
connect -url tcp:127.0.0.1:3121
source /home/adi/repo/notes/sem3/ELD2024_LAB/eld_endsem/eld_endsem.sdk/design_1_wrapper_hw_platform_0/ps7_init.tcl
targets -set -nocase -filter {name =~"APU*" && jtag_cable_name =~ "Digilent Zed 210248A39C83"} -index 0
rst -system
after 3000
targets -set -filter {jtag_cable_name =~ "Digilent Zed 210248A39C83" && level==0} -index 1
fpga -file /home/adi/repo/notes/sem3/ELD2024_LAB/eld_endsem/eld_endsem.sdk/design_1_wrapper_hw_platform_0/design_1_wrapper.bit
targets -set -nocase -filter {name =~"APU*" && jtag_cable_name =~ "Digilent Zed 210248A39C83"} -index 0
loadhw -hw /home/adi/repo/notes/sem3/ELD2024_LAB/eld_endsem/eld_endsem.sdk/design_1_wrapper_hw_platform_0/system.hdf -mem-ranges [list {0x40000000 0xbfffffff}]
configparams force-mem-access 1
targets -set -nocase -filter {name =~"APU*" && jtag_cable_name =~ "Digilent Zed 210248A39C83"} -index 0
ps7_init
ps7_post_config
targets -set -nocase -filter {name =~ "ARM*#0" && jtag_cable_name =~ "Digilent Zed 210248A39C83"} -index 0
dow /home/adi/repo/notes/sem3/ELD2024_LAB/eld_endsem/eld_endsem.sdk/endsem_lab/Debug/endsem_lab.elf
configparams force-mem-access 0
----------------End of Script----------------

13:15:50 INFO  : Memory regions updated for context APU
13:15:50 INFO  : Context for processor 'ps7_cortexa9_0' is selected.
13:15:50 INFO  : 'con' command is executed.
13:15:50 INFO  : ----------------XSDB Script (After Launch)----------------
targets -set -nocase -filter {name =~ "ARM*#0" && jtag_cable_name =~ "Digilent Zed 210248A39C83"} -index 0
con
----------------End of Script----------------

13:15:50 INFO  : Launch script is exported to file '/home/adi/repo/notes/sem3/ELD2024_LAB/eld_endsem/eld_endsem.sdk/.sdk/launch_scripts/xilinx_c-c++_application_(system_debugger)/system_debugger_using_debug_endsem_lab.elf_on_local.tcl'
13:17:48 INFO  : Disconnected from the channel tcfchan#1.
13:17:49 INFO  : Connected to target on host '127.0.0.1' and port '3121'.
13:17:49 INFO  : Jtag cable 'Digilent Zed 210248A39C83' is selected.
13:17:49 INFO  : 'jtag frequency' command is executed.
13:17:49 INFO  : Sourcing of '/home/adi/repo/notes/sem3/ELD2024_LAB/eld_endsem/eld_endsem.sdk/design_1_wrapper_hw_platform_0/ps7_init.tcl' is done.
13:17:49 INFO  : Context for 'APU' is selected.
13:17:49 INFO  : System reset is completed.
13:17:52 INFO  : 'after 3000' command is executed.
13:17:52 INFO  : 'targets -set -filter {jtag_cable_name =~ "Digilent Zed 210248A39C83" && level==0} -index 1' command is executed.
13:17:55 INFO  : FPGA configured successfully with bitstream "/home/adi/repo/notes/sem3/ELD2024_LAB/eld_endsem/eld_endsem.sdk/design_1_wrapper_hw_platform_0/design_1_wrapper.bit"
13:17:55 INFO  : Context for 'APU' is selected.
13:17:57 INFO  : Hardware design information is loaded from '/home/adi/repo/notes/sem3/ELD2024_LAB/eld_endsem/eld_endsem.sdk/design_1_wrapper_hw_platform_0/system.hdf'.
13:17:57 INFO  : 'configparams force-mem-access 1' command is executed.
13:17:57 INFO  : Context for 'APU' is selected.
13:17:57 INFO  : 'ps7_init' command is executed.
13:17:57 INFO  : 'ps7_post_config' command is executed.
13:17:57 INFO  : Context for processor 'ps7_cortexa9_0' is selected.
13:17:58 INFO  : The application '/home/adi/repo/notes/sem3/ELD2024_LAB/eld_endsem/eld_endsem.sdk/endsem_lab/Debug/endsem_lab.elf' is downloaded to processor 'ps7_cortexa9_0'.
13:17:58 INFO  : 'configparams force-mem-access 0' command is executed.
13:17:58 INFO  : ----------------XSDB Script----------------
connect -url tcp:127.0.0.1:3121
source /home/adi/repo/notes/sem3/ELD2024_LAB/eld_endsem/eld_endsem.sdk/design_1_wrapper_hw_platform_0/ps7_init.tcl
targets -set -nocase -filter {name =~"APU*" && jtag_cable_name =~ "Digilent Zed 210248A39C83"} -index 0
rst -system
after 3000
targets -set -filter {jtag_cable_name =~ "Digilent Zed 210248A39C83" && level==0} -index 1
fpga -file /home/adi/repo/notes/sem3/ELD2024_LAB/eld_endsem/eld_endsem.sdk/design_1_wrapper_hw_platform_0/design_1_wrapper.bit
targets -set -nocase -filter {name =~"APU*" && jtag_cable_name =~ "Digilent Zed 210248A39C83"} -index 0
loadhw -hw /home/adi/repo/notes/sem3/ELD2024_LAB/eld_endsem/eld_endsem.sdk/design_1_wrapper_hw_platform_0/system.hdf -mem-ranges [list {0x40000000 0xbfffffff}]
configparams force-mem-access 1
targets -set -nocase -filter {name =~"APU*" && jtag_cable_name =~ "Digilent Zed 210248A39C83"} -index 0
ps7_init
ps7_post_config
targets -set -nocase -filter {name =~ "ARM*#0" && jtag_cable_name =~ "Digilent Zed 210248A39C83"} -index 0
dow /home/adi/repo/notes/sem3/ELD2024_LAB/eld_endsem/eld_endsem.sdk/endsem_lab/Debug/endsem_lab.elf
configparams force-mem-access 0
----------------End of Script----------------

13:17:58 INFO  : Memory regions updated for context APU
13:17:58 INFO  : Context for processor 'ps7_cortexa9_0' is selected.
13:17:58 INFO  : 'con' command is executed.
13:17:58 INFO  : ----------------XSDB Script (After Launch)----------------
targets -set -nocase -filter {name =~ "ARM*#0" && jtag_cable_name =~ "Digilent Zed 210248A39C83"} -index 0
con
----------------End of Script----------------

13:17:58 INFO  : Launch script is exported to file '/home/adi/repo/notes/sem3/ELD2024_LAB/eld_endsem/eld_endsem.sdk/.sdk/launch_scripts/xilinx_c-c++_application_(system_debugger)/system_debugger_using_debug_endsem_lab.elf_on_local.tcl'
13:23:23 INFO  : Disconnected from the channel tcfchan#2.
13:35:23 INFO  : Launching XSCT server: xsct -n -interactive /home/adi/repo/notes/sem3/ELD2024_LAB/eld_endsem/eld_endsem.sdk/temp_xsdb_launch_script.tcl
13:35:23 INFO  : Registering command handlers for SDK TCF services
13:35:25 INFO  : XSCT server has started successfully.
13:35:25 INFO  : Successfully done setting XSCT server connection channel  
13:35:25 INFO  : Successfully done setting SDK workspace  
13:35:25 INFO  : Processing command line option -hwspec /home/adi/repo/notes/sem3/ELD2024_LAB/eld_endsem/eld_endsem.sdk/design_1_wrapper.hdf.
13:35:25 INFO  : Checking for hwspec changes in the project design_1_wrapper_hw_platform_0.
13:35:28 INFO  : SDK has detected change in the last modified timestamps for source hardware specification file Source:1733558698000,  Project:1733557126000
13:35:28 INFO  : The hardware specification for project 'design_1_wrapper_hw_platform_0' is different from /home/adi/repo/notes/sem3/ELD2024_LAB/eld_endsem/eld_endsem.sdk/design_1_wrapper.hdf.
13:35:28 INFO  : Copied contents of /home/adi/repo/notes/sem3/ELD2024_LAB/eld_endsem/eld_endsem.sdk/design_1_wrapper.hdf into /design_1_wrapper_hw_platform_0/system.hdf.
13:35:31 INFO  : Synchronizing projects in the workspace with the hardware platform specification changes.
13:35:32 INFO  : 
13:35:33 INFO  : Updating hardware inferred compiler options for endsem_lab.
13:35:33 INFO  : Clearing existing target manager status.
13:35:51 INFO  : Connected to target on host '127.0.0.1' and port '3121'.
13:35:51 INFO  : Jtag cable 'Digilent Zed 210248A39C83' is selected.
13:35:51 INFO  : 'jtag frequency' command is executed.
13:35:51 INFO  : Sourcing of '/home/adi/repo/notes/sem3/ELD2024_LAB/eld_endsem/eld_endsem.sdk/design_1_wrapper_hw_platform_0/ps7_init.tcl' is done.
13:35:51 INFO  : Context for 'APU' is selected.
13:35:52 INFO  : System reset is completed.
13:35:55 INFO  : 'after 3000' command is executed.
13:35:55 INFO  : 'targets -set -filter {jtag_cable_name =~ "Digilent Zed 210248A39C83" && level==0} -index 1' command is executed.
13:35:57 INFO  : FPGA configured successfully with bitstream "/home/adi/repo/notes/sem3/ELD2024_LAB/eld_endsem/eld_endsem.sdk/design_1_wrapper_hw_platform_0/design_1_wrapper.bit"
13:35:57 INFO  : Context for 'APU' is selected.
13:35:57 INFO  : Hardware design information is loaded from '/home/adi/repo/notes/sem3/ELD2024_LAB/eld_endsem/eld_endsem.sdk/design_1_wrapper_hw_platform_0/system.hdf'.
13:35:57 INFO  : 'configparams force-mem-access 1' command is executed.
13:35:57 INFO  : Context for 'APU' is selected.
13:35:58 INFO  : 'ps7_init' command is executed.
13:35:58 INFO  : 'ps7_post_config' command is executed.
13:35:58 INFO  : Context for processor 'ps7_cortexa9_0' is selected.
13:35:58 INFO  : The application '/home/adi/repo/notes/sem3/ELD2024_LAB/eld_endsem/eld_endsem.sdk/endsem_lab/Debug/endsem_lab.elf' is downloaded to processor 'ps7_cortexa9_0'.
13:35:58 INFO  : 'configparams force-mem-access 0' command is executed.
13:35:58 INFO  : ----------------XSDB Script----------------
connect -url tcp:127.0.0.1:3121
source /home/adi/repo/notes/sem3/ELD2024_LAB/eld_endsem/eld_endsem.sdk/design_1_wrapper_hw_platform_0/ps7_init.tcl
targets -set -nocase -filter {name =~"APU*" && jtag_cable_name =~ "Digilent Zed 210248A39C83"} -index 0
rst -system
after 3000
targets -set -filter {jtag_cable_name =~ "Digilent Zed 210248A39C83" && level==0} -index 1
fpga -file /home/adi/repo/notes/sem3/ELD2024_LAB/eld_endsem/eld_endsem.sdk/design_1_wrapper_hw_platform_0/design_1_wrapper.bit
targets -set -nocase -filter {name =~"APU*" && jtag_cable_name =~ "Digilent Zed 210248A39C83"} -index 0
loadhw -hw /home/adi/repo/notes/sem3/ELD2024_LAB/eld_endsem/eld_endsem.sdk/design_1_wrapper_hw_platform_0/system.hdf -mem-ranges [list {0x40000000 0xbfffffff}]
configparams force-mem-access 1
targets -set -nocase -filter {name =~"APU*" && jtag_cable_name =~ "Digilent Zed 210248A39C83"} -index 0
ps7_init
ps7_post_config
targets -set -nocase -filter {name =~ "ARM*#0" && jtag_cable_name =~ "Digilent Zed 210248A39C83"} -index 0
dow /home/adi/repo/notes/sem3/ELD2024_LAB/eld_endsem/eld_endsem.sdk/endsem_lab/Debug/endsem_lab.elf
configparams force-mem-access 0
----------------End of Script----------------

13:35:58 INFO  : Memory regions updated for context APU
13:35:58 INFO  : Context for processor 'ps7_cortexa9_0' is selected.
13:35:58 INFO  : 'con' command is executed.
13:35:58 INFO  : ----------------XSDB Script (After Launch)----------------
targets -set -nocase -filter {name =~ "ARM*#0" && jtag_cable_name =~ "Digilent Zed 210248A39C83"} -index 0
con
----------------End of Script----------------

13:35:58 INFO  : Launch script is exported to file '/home/adi/repo/notes/sem3/ELD2024_LAB/eld_endsem/eld_endsem.sdk/.sdk/launch_scripts/xilinx_c-c++_application_(system_debugger)/system_debugger_using_debug_endsem_lab.elf_on_local.tcl'
13:37:21 INFO  : Disconnected from the channel tcfchan#1.
13:37:28 INFO  : Launching XSCT server: xsct -n -interactive /home/adi/repo/notes/sem3/ELD2024_LAB/eld_endsem/eld_endsem.sdk/temp_xsdb_launch_script.tcl
13:37:28 INFO  : Registering command handlers for SDK TCF services
13:37:30 INFO  : XSCT server has started successfully.
13:37:30 INFO  : Successfully done setting XSCT server connection channel  
13:37:30 INFO  : Successfully done setting SDK workspace  
13:37:30 INFO  : Processing command line option -hwspec /home/adi/repo/notes/sem3/ELD2024_LAB/eld_endsem/eld_endsem.sdk/design_1_wrapper.hdf.
13:37:30 INFO  : Checking for hwspec changes in the project design_1_wrapper_hw_platform_0.
13:38:07 INFO  : Connected to target on host '127.0.0.1' and port '3121'.
13:38:17 INFO  : ----------------XSDB Script----------------
connect -url tcp:127.0.0.1:3121
----------------End of Script----------------

13:38:21 INFO  : Connected to target on host '127.0.0.1' and port '3121'.
13:38:21 INFO  : Jtag cable 'Digilent Zed 210248A39C83' is selected.
13:38:21 INFO  : 'jtag frequency' command is executed.
13:38:21 INFO  : Sourcing of '/home/adi/repo/notes/sem3/ELD2024_LAB/eld_endsem/eld_endsem.sdk/design_1_wrapper_hw_platform_0/ps7_init.tcl' is done.
13:38:21 INFO  : Context for 'APU' is selected.
13:38:21 INFO  : System reset is completed.
13:38:24 INFO  : 'after 3000' command is executed.
13:38:24 INFO  : 'targets -set -filter {jtag_cable_name =~ "Digilent Zed 210248A39C83" && level==0} -index 1' command is executed.
13:38:27 INFO  : FPGA configured successfully with bitstream "/home/adi/repo/notes/sem3/ELD2024_LAB/eld_endsem/eld_endsem.sdk/design_1_wrapper_hw_platform_0/design_1_wrapper.bit"
13:38:27 INFO  : Context for 'APU' is selected.
13:38:27 INFO  : Hardware design information is loaded from '/home/adi/repo/notes/sem3/ELD2024_LAB/eld_endsem/eld_endsem.sdk/design_1_wrapper_hw_platform_0/system.hdf'.
13:38:27 INFO  : 'configparams force-mem-access 1' command is executed.
13:38:27 INFO  : Context for 'APU' is selected.
13:38:27 INFO  : 'ps7_init' command is executed.
13:38:27 INFO  : 'ps7_post_config' command is executed.
13:38:27 INFO  : Context for processor 'ps7_cortexa9_0' is selected.
13:38:27 INFO  : The application '/home/adi/repo/notes/sem3/ELD2024_LAB/eld_endsem/eld_endsem.sdk/endsem_lab/Debug/endsem_lab.elf' is downloaded to processor 'ps7_cortexa9_0'.
13:38:27 INFO  : 'configparams force-mem-access 0' command is executed.
13:38:27 INFO  : ----------------XSDB Script----------------
connect -url tcp:127.0.0.1:3121
source /home/adi/repo/notes/sem3/ELD2024_LAB/eld_endsem/eld_endsem.sdk/design_1_wrapper_hw_platform_0/ps7_init.tcl
targets -set -nocase -filter {name =~"APU*" && jtag_cable_name =~ "Digilent Zed 210248A39C83"} -index 0
rst -system
after 3000
targets -set -filter {jtag_cable_name =~ "Digilent Zed 210248A39C83" && level==0} -index 1
fpga -file /home/adi/repo/notes/sem3/ELD2024_LAB/eld_endsem/eld_endsem.sdk/design_1_wrapper_hw_platform_0/design_1_wrapper.bit
targets -set -nocase -filter {name =~"APU*" && jtag_cable_name =~ "Digilent Zed 210248A39C83"} -index 0
loadhw -hw /home/adi/repo/notes/sem3/ELD2024_LAB/eld_endsem/eld_endsem.sdk/design_1_wrapper_hw_platform_0/system.hdf -mem-ranges [list {0x40000000 0xbfffffff}]
configparams force-mem-access 1
targets -set -nocase -filter {name =~"APU*" && jtag_cable_name =~ "Digilent Zed 210248A39C83"} -index 0
ps7_init
ps7_post_config
targets -set -nocase -filter {name =~ "ARM*#0" && jtag_cable_name =~ "Digilent Zed 210248A39C83"} -index 0
dow /home/adi/repo/notes/sem3/ELD2024_LAB/eld_endsem/eld_endsem.sdk/endsem_lab/Debug/endsem_lab.elf
configparams force-mem-access 0
----------------End of Script----------------

13:38:27 INFO  : Memory regions updated for context APU
13:38:27 INFO  : Context for processor 'ps7_cortexa9_0' is selected.
13:38:27 INFO  : 'con' command is executed.
13:38:27 INFO  : ----------------XSDB Script (After Launch)----------------
targets -set -nocase -filter {name =~ "ARM*#0" && jtag_cable_name =~ "Digilent Zed 210248A39C83"} -index 0
con
----------------End of Script----------------

13:38:27 INFO  : Launch script is exported to file '/home/adi/repo/notes/sem3/ELD2024_LAB/eld_endsem/eld_endsem.sdk/.sdk/launch_scripts/xilinx_c-c++_application_(system_debugger)/system_debugger_using_debug_endsem_lab.elf_on_local.tcl'
13:40:19 INFO  : Disconnected from the channel tcfchan#1.
13:40:20 INFO  : Connected to target on host '127.0.0.1' and port '3121'.
13:40:20 INFO  : Jtag cable 'Digilent Zed 210248A39C83' is selected.
13:40:20 INFO  : 'jtag frequency' command is executed.
13:40:20 INFO  : Sourcing of '/home/adi/repo/notes/sem3/ELD2024_LAB/eld_endsem/eld_endsem.sdk/design_1_wrapper_hw_platform_0/ps7_init.tcl' is done.
13:40:20 INFO  : Context for 'APU' is selected.
13:40:20 INFO  : System reset is completed.
13:40:23 INFO  : 'after 3000' command is executed.
13:40:23 INFO  : 'targets -set -filter {jtag_cable_name =~ "Digilent Zed 210248A39C83" && level==0} -index 1' command is executed.
13:40:26 INFO  : FPGA configured successfully with bitstream "/home/adi/repo/notes/sem3/ELD2024_LAB/eld_endsem/eld_endsem.sdk/design_1_wrapper_hw_platform_0/design_1_wrapper.bit"
13:40:26 INFO  : Context for 'APU' is selected.
13:40:28 INFO  : Hardware design information is loaded from '/home/adi/repo/notes/sem3/ELD2024_LAB/eld_endsem/eld_endsem.sdk/design_1_wrapper_hw_platform_0/system.hdf'.
13:40:28 INFO  : 'configparams force-mem-access 1' command is executed.
13:40:28 INFO  : Context for 'APU' is selected.
13:40:28 INFO  : 'ps7_init' command is executed.
13:40:28 INFO  : 'ps7_post_config' command is executed.
13:40:29 INFO  : Context for processor 'ps7_cortexa9_0' is selected.
13:40:29 INFO  : The application '/home/adi/repo/notes/sem3/ELD2024_LAB/eld_endsem/eld_endsem.sdk/endsem_lab/Debug/endsem_lab.elf' is downloaded to processor 'ps7_cortexa9_0'.
13:40:29 INFO  : 'configparams force-mem-access 0' command is executed.
13:40:29 INFO  : ----------------XSDB Script----------------
connect -url tcp:127.0.0.1:3121
source /home/adi/repo/notes/sem3/ELD2024_LAB/eld_endsem/eld_endsem.sdk/design_1_wrapper_hw_platform_0/ps7_init.tcl
targets -set -nocase -filter {name =~"APU*" && jtag_cable_name =~ "Digilent Zed 210248A39C83"} -index 0
rst -system
after 3000
targets -set -filter {jtag_cable_name =~ "Digilent Zed 210248A39C83" && level==0} -index 1
fpga -file /home/adi/repo/notes/sem3/ELD2024_LAB/eld_endsem/eld_endsem.sdk/design_1_wrapper_hw_platform_0/design_1_wrapper.bit
targets -set -nocase -filter {name =~"APU*" && jtag_cable_name =~ "Digilent Zed 210248A39C83"} -index 0
loadhw -hw /home/adi/repo/notes/sem3/ELD2024_LAB/eld_endsem/eld_endsem.sdk/design_1_wrapper_hw_platform_0/system.hdf -mem-ranges [list {0x40000000 0xbfffffff}]
configparams force-mem-access 1
targets -set -nocase -filter {name =~"APU*" && jtag_cable_name =~ "Digilent Zed 210248A39C83"} -index 0
ps7_init
ps7_post_config
targets -set -nocase -filter {name =~ "ARM*#0" && jtag_cable_name =~ "Digilent Zed 210248A39C83"} -index 0
dow /home/adi/repo/notes/sem3/ELD2024_LAB/eld_endsem/eld_endsem.sdk/endsem_lab/Debug/endsem_lab.elf
configparams force-mem-access 0
----------------End of Script----------------

13:40:29 INFO  : Memory regions updated for context APU
13:40:29 INFO  : Context for processor 'ps7_cortexa9_0' is selected.
13:40:29 INFO  : 'con' command is executed.
13:40:29 INFO  : ----------------XSDB Script (After Launch)----------------
targets -set -nocase -filter {name =~ "ARM*#0" && jtag_cable_name =~ "Digilent Zed 210248A39C83"} -index 0
con
----------------End of Script----------------

13:40:29 INFO  : Launch script is exported to file '/home/adi/repo/notes/sem3/ELD2024_LAB/eld_endsem/eld_endsem.sdk/.sdk/launch_scripts/xilinx_c-c++_application_(system_debugger)/system_debugger_using_debug_endsem_lab.elf_on_local.tcl'
13:42:24 INFO  : Disconnected from the channel tcfchan#2.
13:42:25 INFO  : Connected to target on host '127.0.0.1' and port '3121'.
13:42:25 INFO  : Jtag cable 'Digilent Zed 210248A39C83' is selected.
13:42:25 INFO  : 'jtag frequency' command is executed.
13:42:25 INFO  : Sourcing of '/home/adi/repo/notes/sem3/ELD2024_LAB/eld_endsem/eld_endsem.sdk/design_1_wrapper_hw_platform_0/ps7_init.tcl' is done.
13:42:25 INFO  : Context for 'APU' is selected.
13:42:25 INFO  : System reset is completed.
13:42:28 INFO  : 'after 3000' command is executed.
13:42:28 INFO  : 'targets -set -filter {jtag_cable_name =~ "Digilent Zed 210248A39C83" && level==0} -index 1' command is executed.
13:42:30 INFO  : FPGA configured successfully with bitstream "/home/adi/repo/notes/sem3/ELD2024_LAB/eld_endsem/eld_endsem.sdk/design_1_wrapper_hw_platform_0/design_1_wrapper.bit"
13:42:31 INFO  : Context for 'APU' is selected.
13:42:33 INFO  : Hardware design information is loaded from '/home/adi/repo/notes/sem3/ELD2024_LAB/eld_endsem/eld_endsem.sdk/design_1_wrapper_hw_platform_0/system.hdf'.
13:42:33 INFO  : 'configparams force-mem-access 1' command is executed.
13:42:33 INFO  : Context for 'APU' is selected.
13:42:33 INFO  : 'ps7_init' command is executed.
13:42:33 INFO  : 'ps7_post_config' command is executed.
13:42:33 INFO  : Context for processor 'ps7_cortexa9_0' is selected.
13:42:34 INFO  : The application '/home/adi/repo/notes/sem3/ELD2024_LAB/eld_endsem/eld_endsem.sdk/endsem_lab/Debug/endsem_lab.elf' is downloaded to processor 'ps7_cortexa9_0'.
13:42:34 INFO  : 'configparams force-mem-access 0' command is executed.
13:42:34 INFO  : ----------------XSDB Script----------------
connect -url tcp:127.0.0.1:3121
source /home/adi/repo/notes/sem3/ELD2024_LAB/eld_endsem/eld_endsem.sdk/design_1_wrapper_hw_platform_0/ps7_init.tcl
targets -set -nocase -filter {name =~"APU*" && jtag_cable_name =~ "Digilent Zed 210248A39C83"} -index 0
rst -system
after 3000
targets -set -filter {jtag_cable_name =~ "Digilent Zed 210248A39C83" && level==0} -index 1
fpga -file /home/adi/repo/notes/sem3/ELD2024_LAB/eld_endsem/eld_endsem.sdk/design_1_wrapper_hw_platform_0/design_1_wrapper.bit
targets -set -nocase -filter {name =~"APU*" && jtag_cable_name =~ "Digilent Zed 210248A39C83"} -index 0
loadhw -hw /home/adi/repo/notes/sem3/ELD2024_LAB/eld_endsem/eld_endsem.sdk/design_1_wrapper_hw_platform_0/system.hdf -mem-ranges [list {0x40000000 0xbfffffff}]
configparams force-mem-access 1
targets -set -nocase -filter {name =~"APU*" && jtag_cable_name =~ "Digilent Zed 210248A39C83"} -index 0
ps7_init
ps7_post_config
targets -set -nocase -filter {name =~ "ARM*#0" && jtag_cable_name =~ "Digilent Zed 210248A39C83"} -index 0
dow /home/adi/repo/notes/sem3/ELD2024_LAB/eld_endsem/eld_endsem.sdk/endsem_lab/Debug/endsem_lab.elf
configparams force-mem-access 0
----------------End of Script----------------

13:42:34 INFO  : Memory regions updated for context APU
13:42:34 INFO  : Context for processor 'ps7_cortexa9_0' is selected.
13:42:34 INFO  : 'con' command is executed.
13:42:34 INFO  : ----------------XSDB Script (After Launch)----------------
targets -set -nocase -filter {name =~ "ARM*#0" && jtag_cable_name =~ "Digilent Zed 210248A39C83"} -index 0
con
----------------End of Script----------------

13:42:34 INFO  : Launch script is exported to file '/home/adi/repo/notes/sem3/ELD2024_LAB/eld_endsem/eld_endsem.sdk/.sdk/launch_scripts/xilinx_c-c++_application_(system_debugger)/system_debugger_using_debug_endsem_lab.elf_on_local.tcl'
13:45:16 INFO  : Disconnected from the channel tcfchan#3.
13:45:17 INFO  : Connected to target on host '127.0.0.1' and port '3121'.
13:45:17 INFO  : Jtag cable 'Digilent Zed 210248A39C83' is selected.
13:45:17 INFO  : 'jtag frequency' command is executed.
13:45:17 INFO  : Sourcing of '/home/adi/repo/notes/sem3/ELD2024_LAB/eld_endsem/eld_endsem.sdk/design_1_wrapper_hw_platform_0/ps7_init.tcl' is done.
13:45:17 INFO  : Context for 'APU' is selected.
13:45:17 INFO  : System reset is completed.
13:45:20 INFO  : 'after 3000' command is executed.
13:45:20 INFO  : 'targets -set -filter {jtag_cable_name =~ "Digilent Zed 210248A39C83" && level==0} -index 1' command is executed.
13:45:23 INFO  : FPGA configured successfully with bitstream "/home/adi/repo/notes/sem3/ELD2024_LAB/eld_endsem/eld_endsem.sdk/design_1_wrapper_hw_platform_0/design_1_wrapper.bit"
13:45:23 INFO  : Context for 'APU' is selected.
13:45:25 INFO  : Hardware design information is loaded from '/home/adi/repo/notes/sem3/ELD2024_LAB/eld_endsem/eld_endsem.sdk/design_1_wrapper_hw_platform_0/system.hdf'.
13:45:25 INFO  : 'configparams force-mem-access 1' command is executed.
13:45:25 INFO  : Context for 'APU' is selected.
13:45:25 INFO  : 'ps7_init' command is executed.
13:45:25 INFO  : 'ps7_post_config' command is executed.
13:45:26 INFO  : Context for processor 'ps7_cortexa9_0' is selected.
13:45:26 INFO  : The application '/home/adi/repo/notes/sem3/ELD2024_LAB/eld_endsem/eld_endsem.sdk/endsem_lab/Debug/endsem_lab.elf' is downloaded to processor 'ps7_cortexa9_0'.
13:45:26 INFO  : 'configparams force-mem-access 0' command is executed.
13:45:26 INFO  : ----------------XSDB Script----------------
connect -url tcp:127.0.0.1:3121
source /home/adi/repo/notes/sem3/ELD2024_LAB/eld_endsem/eld_endsem.sdk/design_1_wrapper_hw_platform_0/ps7_init.tcl
targets -set -nocase -filter {name =~"APU*" && jtag_cable_name =~ "Digilent Zed 210248A39C83"} -index 0
rst -system
after 3000
targets -set -filter {jtag_cable_name =~ "Digilent Zed 210248A39C83" && level==0} -index 1
fpga -file /home/adi/repo/notes/sem3/ELD2024_LAB/eld_endsem/eld_endsem.sdk/design_1_wrapper_hw_platform_0/design_1_wrapper.bit
targets -set -nocase -filter {name =~"APU*" && jtag_cable_name =~ "Digilent Zed 210248A39C83"} -index 0
loadhw -hw /home/adi/repo/notes/sem3/ELD2024_LAB/eld_endsem/eld_endsem.sdk/design_1_wrapper_hw_platform_0/system.hdf -mem-ranges [list {0x40000000 0xbfffffff}]
configparams force-mem-access 1
targets -set -nocase -filter {name =~"APU*" && jtag_cable_name =~ "Digilent Zed 210248A39C83"} -index 0
ps7_init
ps7_post_config
targets -set -nocase -filter {name =~ "ARM*#0" && jtag_cable_name =~ "Digilent Zed 210248A39C83"} -index 0
dow /home/adi/repo/notes/sem3/ELD2024_LAB/eld_endsem/eld_endsem.sdk/endsem_lab/Debug/endsem_lab.elf
configparams force-mem-access 0
----------------End of Script----------------

13:45:26 INFO  : Memory regions updated for context APU
13:45:26 INFO  : Context for processor 'ps7_cortexa9_0' is selected.
13:45:26 INFO  : 'con' command is executed.
13:45:26 INFO  : ----------------XSDB Script (After Launch)----------------
targets -set -nocase -filter {name =~ "ARM*#0" && jtag_cable_name =~ "Digilent Zed 210248A39C83"} -index 0
con
----------------End of Script----------------

13:45:26 INFO  : Launch script is exported to file '/home/adi/repo/notes/sem3/ELD2024_LAB/eld_endsem/eld_endsem.sdk/.sdk/launch_scripts/xilinx_c-c++_application_(system_debugger)/system_debugger_using_debug_endsem_lab.elf_on_local.tcl'
13:48:56 INFO  : Disconnected from the channel tcfchan#4.
