INFO-FLOW: Workspace /home/adi/repo/notes/sem3/ELD_A+_project/ELD_project_2/solution1 opened at Tue Dec 17 22:38:32 IST 2024
Execute     config_clock -quiet -name default -period 10 -default=false 
INFO: [SYN 201-201] Setting up clock 'default' with a period of 10ns.
Execute     config_clock -quiet -name default -uncertainty 1.25 
INFO: [SYN 201-201] Setting up clock 'default' with an uncertainty of 1.25ns.
Execute     open_platform DefaultPlatform 
Execute     import_lib /home/adi/hdd/Xilinx/Vivado/2019.1/common/technology/xilinx/zynq/zynq 
Execute       source /home/adi/hdd/Xilinx/Vivado/2019.1/common/technology/xilinx/common/xilinx.lib 
Execute         source /home/adi/hdd/Xilinx/Vivado/2019.1/common/technology/xilinx/interface/xilinx_interface.lib 
Execute           source /home/adi/hdd/Xilinx/Vivado/2019.1/common/technology/xilinx/interface/plb46.lib 
Execute           source /home/adi/hdd/Xilinx/Vivado/2019.1/common/technology/xilinx/interface/fsl.lib 
Execute           source /home/adi/hdd/Xilinx/Vivado/2019.1/common/technology/xilinx/interface/axi4.lib 
Execute           source /home/adi/hdd/Xilinx/Vivado/2019.1/common/technology/xilinx/interface/maxi.lib 
Execute           source /home/adi/hdd/Xilinx/Vivado/2019.1/common/technology/xilinx/interface/saxilite.lib 
Execute         source /home/adi/hdd/Xilinx/Vivado/2019.1/common/technology/xilinx/common/dsp48.lib 
Execute         source /home/adi/hdd/Xilinx/Vivado/2019.1/common/technology/xilinx/ip/dds_compiler.lib 
Execute         source /home/adi/hdd/Xilinx/Vivado/2019.1/common/technology/xilinx/ip/xfft.lib 
Execute         source /home/adi/hdd/Xilinx/Vivado/2019.1/common/technology/xilinx/ip/xfir.lib 
Execute       source /home/adi/hdd/Xilinx/Vivado/2019.1/common/technology/xilinx/common/xilinx.hlp 
Execute         source /home/adi/hdd/Xilinx/Vivado/2019.1/common/technology/xilinx/common/target_info.tcl 
Execute         source /home/adi/hdd/Xilinx/Vivado/2019.1/common/technology/xilinx/interface/xilinx_interface.hlp 
Execute           source /home/adi/hdd/Xilinx/Vivado/2019.1/common/technology/xilinx/interface/maxi.hlp 
Execute           source /home/adi/hdd/Xilinx/Vivado/2019.1/common/technology/xilinx/interface/saxilite.hlp 
Execute         source /home/adi/hdd/Xilinx/Vivado/2019.1/common/technology/xilinx/common/dsp48.hlp 
Execute       source /home/adi/hdd/Xilinx/Vivado/2019.1/common/technology/xilinx/zynq/dsp48e1.hlp 
Execute       source /home/adi/hdd/Xilinx/Vivado/2019.1/common/technology/xilinx/common/xilinx.hlp 
Execute         source /home/adi/hdd/Xilinx/Vivado/2019.1/common/technology/xilinx/common/target_info.tcl 
Execute         source /home/adi/hdd/Xilinx/Vivado/2019.1/common/technology/xilinx/interface/xilinx_interface.hlp 
Execute           source /home/adi/hdd/Xilinx/Vivado/2019.1/common/technology/xilinx/interface/maxi.hlp 
Execute           source /home/adi/hdd/Xilinx/Vivado/2019.1/common/technology/xilinx/interface/saxilite.hlp 
Execute         source /home/adi/hdd/Xilinx/Vivado/2019.1/common/technology/xilinx/common/dsp48.hlp 
Execute     source /home/adi/hdd/Xilinx/Vivado/2019.1/common/technology/xilinx/zynq/zynq.gen 
Execute       source /home/adi/hdd/Xilinx/Vivado/2019.1/common/technology/xilinx/common/xilinx.gen 
Execute         source /home/adi/hdd/Xilinx/Vivado/2019.1/common/technology/xilinx/interface/plb46.gen 
Execute         source /home/adi/hdd/Xilinx/Vivado/2019.1/common/technology/xilinx/interface/fsl.gen 
Execute         source /home/adi/hdd/Xilinx/Vivado/2019.1/common/technology/xilinx/interface/axi4.gen 
Execute         source /home/adi/hdd/Xilinx/Vivado/2019.1/common/technology/xilinx/interface/nativeAXI4.gen 
Execute           source /home/adi/hdd/Xilinx/Vivado/2019.1/common/technology/xilinx/interface/saxilite.gen 
Execute           source /home/adi/hdd/Xilinx/Vivado/2019.1/common/technology/xilinx/interface/maxi.gen 
Execute         source /home/adi/hdd/Xilinx/Vivado/2019.1/common/technology/xilinx/scripts/xilinxcoregen.gen 
Execute         source /home/adi/hdd/Xilinx/Vivado/2019.1/common/technology/xilinx/interface/XilEDKCoreGen.gen 
Execute         source /home/adi/hdd/Xilinx/Vivado/2019.1/common/technology/xilinx/ip/dds_compiler.gen 
Execute         source /home/adi/hdd/Xilinx/Vivado/2019.1/common/technology/xilinx/ip/util.gen 
Execute         source /home/adi/hdd/Xilinx/Vivado/2019.1/common/technology/xilinx/ip/xfft.gen 
Execute         source /home/adi/hdd/Xilinx/Vivado/2019.1/common/technology/xilinx/ip/xfir.gen 
Execute         source /home/adi/hdd/Xilinx/Vivado/2019.1/common/technology/xilinx/common/dsp48.gen 
Execute     open_platform DefaultPlatform 
Execute     import_lib /home/adi/hdd/Xilinx/Vivado/2019.1/common/technology/xilinx/zynq/zynq_fpv6 
Execute       source /home/adi/hdd/Xilinx/Vivado/2019.1/common/technology/xilinx/common/xilinx_fp.lib 
Execute       source /home/adi/hdd/Xilinx/Vivado/2019.1/common/technology/xilinx/common/xilinx_fp.hlp 
Execute         source /home/adi/hdd/Xilinx/Vivado/2019.1/common/technology/xilinx/common/xilinx.hlp 
Execute           source /home/adi/hdd/Xilinx/Vivado/2019.1/common/technology/xilinx/common/target_info.tcl 
Execute           source /home/adi/hdd/Xilinx/Vivado/2019.1/common/technology/xilinx/interface/xilinx_interface.hlp 
Execute             source /home/adi/hdd/Xilinx/Vivado/2019.1/common/technology/xilinx/interface/maxi.hlp 
Execute             source /home/adi/hdd/Xilinx/Vivado/2019.1/common/technology/xilinx/interface/saxilite.hlp 
Execute           source /home/adi/hdd/Xilinx/Vivado/2019.1/common/technology/xilinx/common/dsp48.hlp 
Execute     source /home/adi/hdd/Xilinx/Vivado/2019.1/common/technology/xilinx/zynq/zynq_fpv6.gen 
Execute       source /home/adi/hdd/Xilinx/Vivado/2019.1/common/technology/xilinx/common/xilinx_fp.gen 
Execute     set_part xc7z020-clg484-1 
Execute       ap_part_info -name xc7z020-clg484-1 -data single -quiet 
INFO-FLOW: Workspace /home/adi/repo/notes/sem3/ELD_A+_project/ELD_project_2/solution1 opened at Tue Dec 17 22:38:35 IST 2024
Execute     config_clock -quiet -name default -period 10 -default=false 
INFO: [SYN 201-201] Setting up clock 'default' with a period of 10ns.
Execute     config_clock -quiet -name default -uncertainty 1.25 
INFO: [SYN 201-201] Setting up clock 'default' with an uncertainty of 1.25ns.
Execute     open_platform DefaultPlatform 
Execute     import_lib /home/adi/hdd/Xilinx/Vivado/2019.1/common/technology/xilinx/zynq/zynq 
Execute       source /home/adi/hdd/Xilinx/Vivado/2019.1/common/technology/xilinx/common/xilinx.lib 
Execute         source /home/adi/hdd/Xilinx/Vivado/2019.1/common/technology/xilinx/interface/xilinx_interface.lib 
Execute           source /home/adi/hdd/Xilinx/Vivado/2019.1/common/technology/xilinx/interface/plb46.lib 
Execute           source /home/adi/hdd/Xilinx/Vivado/2019.1/common/technology/xilinx/interface/fsl.lib 
Execute           source /home/adi/hdd/Xilinx/Vivado/2019.1/common/technology/xilinx/interface/axi4.lib 
Execute           source /home/adi/hdd/Xilinx/Vivado/2019.1/common/technology/xilinx/interface/maxi.lib 
Execute           source /home/adi/hdd/Xilinx/Vivado/2019.1/common/technology/xilinx/interface/saxilite.lib 
Execute         source /home/adi/hdd/Xilinx/Vivado/2019.1/common/technology/xilinx/common/dsp48.lib 
Execute         source /home/adi/hdd/Xilinx/Vivado/2019.1/common/technology/xilinx/ip/dds_compiler.lib 
Execute         source /home/adi/hdd/Xilinx/Vivado/2019.1/common/technology/xilinx/ip/xfft.lib 
Execute         source /home/adi/hdd/Xilinx/Vivado/2019.1/common/technology/xilinx/ip/xfir.lib 
Execute       source /home/adi/hdd/Xilinx/Vivado/2019.1/common/technology/xilinx/common/xilinx.hlp 
Execute         source /home/adi/hdd/Xilinx/Vivado/2019.1/common/technology/xilinx/common/target_info.tcl 
Execute         source /home/adi/hdd/Xilinx/Vivado/2019.1/common/technology/xilinx/interface/xilinx_interface.hlp 
Execute           source /home/adi/hdd/Xilinx/Vivado/2019.1/common/technology/xilinx/interface/maxi.hlp 
Execute           source /home/adi/hdd/Xilinx/Vivado/2019.1/common/technology/xilinx/interface/saxilite.hlp 
Execute         source /home/adi/hdd/Xilinx/Vivado/2019.1/common/technology/xilinx/common/dsp48.hlp 
Execute       source /home/adi/hdd/Xilinx/Vivado/2019.1/common/technology/xilinx/zynq/dsp48e1.hlp 
Execute       source /home/adi/hdd/Xilinx/Vivado/2019.1/common/technology/xilinx/common/xilinx.hlp 
Execute         source /home/adi/hdd/Xilinx/Vivado/2019.1/common/technology/xilinx/common/target_info.tcl 
Execute         source /home/adi/hdd/Xilinx/Vivado/2019.1/common/technology/xilinx/interface/xilinx_interface.hlp 
Execute           source /home/adi/hdd/Xilinx/Vivado/2019.1/common/technology/xilinx/interface/maxi.hlp 
Execute           source /home/adi/hdd/Xilinx/Vivado/2019.1/common/technology/xilinx/interface/saxilite.hlp 
Execute         source /home/adi/hdd/Xilinx/Vivado/2019.1/common/technology/xilinx/common/dsp48.hlp 
Execute     source /home/adi/hdd/Xilinx/Vivado/2019.1/common/technology/xilinx/zynq/zynq.gen 
Execute       source /home/adi/hdd/Xilinx/Vivado/2019.1/common/technology/xilinx/common/xilinx.gen 
Execute         source /home/adi/hdd/Xilinx/Vivado/2019.1/common/technology/xilinx/interface/plb46.gen 
Execute         source /home/adi/hdd/Xilinx/Vivado/2019.1/common/technology/xilinx/interface/fsl.gen 
Execute         source /home/adi/hdd/Xilinx/Vivado/2019.1/common/technology/xilinx/interface/axi4.gen 
Execute         source /home/adi/hdd/Xilinx/Vivado/2019.1/common/technology/xilinx/interface/nativeAXI4.gen 
Execute           source /home/adi/hdd/Xilinx/Vivado/2019.1/common/technology/xilinx/interface/saxilite.gen 
Execute           source /home/adi/hdd/Xilinx/Vivado/2019.1/common/technology/xilinx/interface/maxi.gen 
Execute         source /home/adi/hdd/Xilinx/Vivado/2019.1/common/technology/xilinx/scripts/xilinxcoregen.gen 
Execute         source /home/adi/hdd/Xilinx/Vivado/2019.1/common/technology/xilinx/interface/XilEDKCoreGen.gen 
Execute         source /home/adi/hdd/Xilinx/Vivado/2019.1/common/technology/xilinx/ip/dds_compiler.gen 
Execute         source /home/adi/hdd/Xilinx/Vivado/2019.1/common/technology/xilinx/ip/util.gen 
Execute         source /home/adi/hdd/Xilinx/Vivado/2019.1/common/technology/xilinx/ip/xfft.gen 
Execute         source /home/adi/hdd/Xilinx/Vivado/2019.1/common/technology/xilinx/ip/xfir.gen 
Execute         source /home/adi/hdd/Xilinx/Vivado/2019.1/common/technology/xilinx/common/dsp48.gen 
Execute     set_part xc7z020clg484-1 
Execute       ap_part_info -name xc7z020clg484-1 -data single -quiet 
Command       ap_part_info done; 0.47 sec.
Execute       ap_part_info -name xc7z020clg484-1 -data info 
Execute       add_library xilinx/zynq/zynq:xc7z020:-clg484:-1 
Execute         get_default_platform 
Execute         license_isbetapart xc7z020 
Command         license_isbetapart done; error code: 1; 
Execute         ap_part_info -data single -name xc7z020-clg484-1 
Execute         ap_part_info -name xc7z020-clg484-1 -data resources 
Execute         ap_part_info -name xc7z020-clg484-1 -data info 
Execute         ap_part_info -name xc7z020-clg484-1 -data info 
Execute         config_chip_info -quiet -resource {SLICE 13300} {LUT 53200} {FF 106400} {DSP48E 220} {BRAM 280} {URAM 0} 
Execute         ap_part_info -name xc7z020-clg484-1 -data info 
Execute         config_chip_info -quiet -speed slow 
Execute       add_library xilinx/zynq/zynq_fpv6 
Execute         get_default_platform 
Execute         open_platform DefaultPlatform 
Execute         import_lib /home/adi/hdd/Xilinx/Vivado/2019.1/common/technology/xilinx/zynq/zynq_fpv6 
Execute           source /home/adi/hdd/Xilinx/Vivado/2019.1/common/technology/xilinx/common/xilinx_fp.lib 
Execute           source /home/adi/hdd/Xilinx/Vivado/2019.1/common/technology/xilinx/common/xilinx_fp.hlp 
Execute             source /home/adi/hdd/Xilinx/Vivado/2019.1/common/technology/xilinx/common/xilinx.hlp 
Execute               source /home/adi/hdd/Xilinx/Vivado/2019.1/common/technology/xilinx/common/target_info.tcl 
Execute               source /home/adi/hdd/Xilinx/Vivado/2019.1/common/technology/xilinx/interface/xilinx_interface.hlp 
Execute                 source /home/adi/hdd/Xilinx/Vivado/2019.1/common/technology/xilinx/interface/maxi.hlp 
Execute                 source /home/adi/hdd/Xilinx/Vivado/2019.1/common/technology/xilinx/interface/saxilite.hlp 
Execute               source /home/adi/hdd/Xilinx/Vivado/2019.1/common/technology/xilinx/common/dsp48.hlp 
Execute         source /home/adi/hdd/Xilinx/Vivado/2019.1/common/technology/xilinx/zynq/zynq_fpv6.gen 
Execute           source /home/adi/hdd/Xilinx/Vivado/2019.1/common/technology/xilinx/common/xilinx_fp.gen 
INFO: [HLS 200-10] Setting target device to 'xc7z020-clg484-1'
Execute       ap_part_info -name xc7z020-clg484-1 -data info 
Execute       get_default_platform 
Command     set_part done; 0.53 sec.
Execute     ap_part_info -data single -name xc7z020clg484-1 
Execute     ap_part_info -name xc7z020clg484-1 -data resources 
Execute     ap_part_info -name xc7z020clg484-1 -data info 
Execute     ap_part_info -name xc7z020clg484-1 -data info 
Execute     config_chip_info -quiet -resource {SLICE 13300} {LUT 53200} {FF 106400} {DSP48E 220} {BRAM 280} {URAM 0} 
Execute     ap_part_info -name xc7z020clg484-1 -data info 
Execute     config_chip_info -quiet -speed slow 
Execute     config_export -format=ip_catalog 
Execute     config_export -rtl=verilog 
Command   open_solution done; 0.62 sec.
Execute   csim_design -quiet 
INFO: [SIM 211-2] *************** CSIM start ***************
INFO: [SIM 211-4] CSIM will launch GCC as the compiler.
Execute     source csim/.lst_opt.tcl 
Execute     is_encrypted /home/adi/repo/notes/sem3/ELD_A+_project/ELD_project_2/solution1/fft_tb.cpp 
Execute     is_xip /home/adi/repo/notes/sem3/ELD_A+_project/ELD_project_2/solution1/fft_tb.cpp 
Execute     is_encrypted /home/adi/repo/notes/sem3/ELD_A+_project/ELD_project_2/solution1/fft.cpp 
Execute     is_xip /home/adi/repo/notes/sem3/ELD_A+_project/ELD_project_2/solution1/fft.cpp 
Execute     is_encrypted /home/adi/repo/notes/sem3/ELD_A+_project/ELD_project_2/solution1/fft.h 
Execute     is_xip /home/adi/repo/notes/sem3/ELD_A+_project/ELD_project_2/solution1/fft.h 
Execute     ap_part_info -name xc7z020clg484-1 -data info 
Execute     source run_sim.tcl 
INFO: [SIM 211-1] CSim done with 0 errors.
INFO: [SIM 211-3] *************** CSIM finish ***************
Command   csim_design done; 0.42 sec.
Command ap_source done; 1.04 sec.
Execute cleanup_all 
INFO-FLOW: Workspace /home/adi/repo/notes/sem3/ELD_A+_project/ELD_project_2/solution1 opened at Tue Dec 17 22:39:10 IST 2024
Execute     config_clock -quiet -name default -period 10 -default=false 
INFO: [SYN 201-201] Setting up clock 'default' with a period of 10ns.
Execute     config_clock -quiet -name default -uncertainty 1.25 
INFO: [SYN 201-201] Setting up clock 'default' with an uncertainty of 1.25ns.
Execute     open_platform DefaultPlatform 
Execute     import_lib /home/adi/hdd/Xilinx/Vivado/2019.1/common/technology/xilinx/zynq/zynq 
Execute       source /home/adi/hdd/Xilinx/Vivado/2019.1/common/technology/xilinx/common/xilinx.lib 
Execute         source /home/adi/hdd/Xilinx/Vivado/2019.1/common/technology/xilinx/interface/xilinx_interface.lib 
Execute           source /home/adi/hdd/Xilinx/Vivado/2019.1/common/technology/xilinx/interface/plb46.lib 
Execute           source /home/adi/hdd/Xilinx/Vivado/2019.1/common/technology/xilinx/interface/fsl.lib 
Execute           source /home/adi/hdd/Xilinx/Vivado/2019.1/common/technology/xilinx/interface/axi4.lib 
Execute           source /home/adi/hdd/Xilinx/Vivado/2019.1/common/technology/xilinx/interface/maxi.lib 
Execute           source /home/adi/hdd/Xilinx/Vivado/2019.1/common/technology/xilinx/interface/saxilite.lib 
Execute         source /home/adi/hdd/Xilinx/Vivado/2019.1/common/technology/xilinx/common/dsp48.lib 
Execute         source /home/adi/hdd/Xilinx/Vivado/2019.1/common/technology/xilinx/ip/dds_compiler.lib 
Execute         source /home/adi/hdd/Xilinx/Vivado/2019.1/common/technology/xilinx/ip/xfft.lib 
Execute         source /home/adi/hdd/Xilinx/Vivado/2019.1/common/technology/xilinx/ip/xfir.lib 
Execute       source /home/adi/hdd/Xilinx/Vivado/2019.1/common/technology/xilinx/common/xilinx.hlp 
Execute         source /home/adi/hdd/Xilinx/Vivado/2019.1/common/technology/xilinx/common/target_info.tcl 
Execute         source /home/adi/hdd/Xilinx/Vivado/2019.1/common/technology/xilinx/interface/xilinx_interface.hlp 
Execute           source /home/adi/hdd/Xilinx/Vivado/2019.1/common/technology/xilinx/interface/maxi.hlp 
Execute           source /home/adi/hdd/Xilinx/Vivado/2019.1/common/technology/xilinx/interface/saxilite.hlp 
Execute         source /home/adi/hdd/Xilinx/Vivado/2019.1/common/technology/xilinx/common/dsp48.hlp 
Execute       source /home/adi/hdd/Xilinx/Vivado/2019.1/common/technology/xilinx/zynq/dsp48e1.hlp 
Execute       source /home/adi/hdd/Xilinx/Vivado/2019.1/common/technology/xilinx/common/xilinx.hlp 
Execute         source /home/adi/hdd/Xilinx/Vivado/2019.1/common/technology/xilinx/common/target_info.tcl 
Execute         source /home/adi/hdd/Xilinx/Vivado/2019.1/common/technology/xilinx/interface/xilinx_interface.hlp 
Execute           source /home/adi/hdd/Xilinx/Vivado/2019.1/common/technology/xilinx/interface/maxi.hlp 
Execute           source /home/adi/hdd/Xilinx/Vivado/2019.1/common/technology/xilinx/interface/saxilite.hlp 
Execute         source /home/adi/hdd/Xilinx/Vivado/2019.1/common/technology/xilinx/common/dsp48.hlp 
Execute     source /home/adi/hdd/Xilinx/Vivado/2019.1/common/technology/xilinx/zynq/zynq.gen 
Execute       source /home/adi/hdd/Xilinx/Vivado/2019.1/common/technology/xilinx/common/xilinx.gen 
Execute         source /home/adi/hdd/Xilinx/Vivado/2019.1/common/technology/xilinx/interface/plb46.gen 
Execute         source /home/adi/hdd/Xilinx/Vivado/2019.1/common/technology/xilinx/interface/fsl.gen 
Execute         source /home/adi/hdd/Xilinx/Vivado/2019.1/common/technology/xilinx/interface/axi4.gen 
Execute         source /home/adi/hdd/Xilinx/Vivado/2019.1/common/technology/xilinx/interface/nativeAXI4.gen 
Execute           source /home/adi/hdd/Xilinx/Vivado/2019.1/common/technology/xilinx/interface/saxilite.gen 
Execute           source /home/adi/hdd/Xilinx/Vivado/2019.1/common/technology/xilinx/interface/maxi.gen 
Execute         source /home/adi/hdd/Xilinx/Vivado/2019.1/common/technology/xilinx/scripts/xilinxcoregen.gen 
Execute         source /home/adi/hdd/Xilinx/Vivado/2019.1/common/technology/xilinx/interface/XilEDKCoreGen.gen 
Execute         source /home/adi/hdd/Xilinx/Vivado/2019.1/common/technology/xilinx/ip/dds_compiler.gen 
Execute         source /home/adi/hdd/Xilinx/Vivado/2019.1/common/technology/xilinx/ip/util.gen 
Execute         source /home/adi/hdd/Xilinx/Vivado/2019.1/common/technology/xilinx/ip/xfft.gen 
Execute         source /home/adi/hdd/Xilinx/Vivado/2019.1/common/technology/xilinx/ip/xfir.gen 
Execute         source /home/adi/hdd/Xilinx/Vivado/2019.1/common/technology/xilinx/common/dsp48.gen 
Execute     set_part xc7z020clg484-1 
Execute       ap_part_info -name xc7z020clg484-1 -data single -quiet 
Command       ap_part_info done; 0.48 sec.
Execute       ap_part_info -name xc7z020clg484-1 -data info 
Execute       add_library xilinx/zynq/zynq:xc7z020:-clg484:-1 
Execute         get_default_platform 
Execute         license_isbetapart xc7z020 
Command         license_isbetapart done; error code: 1; 
Execute         ap_part_info -data single -name xc7z020-clg484-1 
Execute         ap_part_info -name xc7z020-clg484-1 -data resources 
Execute         ap_part_info -name xc7z020-clg484-1 -data info 
Execute         ap_part_info -name xc7z020-clg484-1 -data info 
Execute         config_chip_info -quiet -resource {SLICE 13300} {LUT 53200} {FF 106400} {DSP48E 220} {BRAM 280} {URAM 0} 
Execute         ap_part_info -name xc7z020-clg484-1 -data info 
Execute         config_chip_info -quiet -speed slow 
Execute       add_library xilinx/zynq/zynq_fpv6 
Execute         get_default_platform 
Execute         open_platform DefaultPlatform 
Execute         import_lib /home/adi/hdd/Xilinx/Vivado/2019.1/common/technology/xilinx/zynq/zynq_fpv6 
Execute           source /home/adi/hdd/Xilinx/Vivado/2019.1/common/technology/xilinx/common/xilinx_fp.lib 
Execute           source /home/adi/hdd/Xilinx/Vivado/2019.1/common/technology/xilinx/common/xilinx_fp.hlp 
Execute             source /home/adi/hdd/Xilinx/Vivado/2019.1/common/technology/xilinx/common/xilinx.hlp 
Execute               source /home/adi/hdd/Xilinx/Vivado/2019.1/common/technology/xilinx/common/target_info.tcl 
Execute               source /home/adi/hdd/Xilinx/Vivado/2019.1/common/technology/xilinx/interface/xilinx_interface.hlp 
Execute                 source /home/adi/hdd/Xilinx/Vivado/2019.1/common/technology/xilinx/interface/maxi.hlp 
Execute                 source /home/adi/hdd/Xilinx/Vivado/2019.1/common/technology/xilinx/interface/saxilite.hlp 
Execute               source /home/adi/hdd/Xilinx/Vivado/2019.1/common/technology/xilinx/common/dsp48.hlp 
Execute         source /home/adi/hdd/Xilinx/Vivado/2019.1/common/technology/xilinx/zynq/zynq_fpv6.gen 
Execute           source /home/adi/hdd/Xilinx/Vivado/2019.1/common/technology/xilinx/common/xilinx_fp.gen 
INFO: [HLS 200-10] Setting target device to 'xc7z020-clg484-1'
Execute       ap_part_info -name xc7z020-clg484-1 -data info 
Execute       get_default_platform 
Command     set_part done; 0.54 sec.
Execute     ap_part_info -data single -name xc7z020clg484-1 
Execute     ap_part_info -name xc7z020clg484-1 -data resources 
Execute     ap_part_info -name xc7z020clg484-1 -data info 
Execute     ap_part_info -name xc7z020clg484-1 -data info 
Execute     config_chip_info -quiet -resource {SLICE 13300} {LUT 53200} {FF 106400} {DSP48E 220} {BRAM 280} {URAM 0} 
Execute     ap_part_info -name xc7z020clg484-1 -data info 
Execute     config_chip_info -quiet -speed slow 
Execute     config_export -format=ip_catalog 
Execute     config_export -rtl=verilog 
Command   open_solution done; 0.63 sec.
Execute   csim_design -quiet 
INFO: [SIM 211-2] *************** CSIM start ***************
INFO: [SIM 211-4] CSIM will launch GCC as the compiler.
Execute     source csim/.lst_opt.tcl 
Execute     is_encrypted /home/adi/repo/notes/sem3/ELD_A+_project/ELD_project_2/solution1/fft_tb.cpp 
Execute     is_xip /home/adi/repo/notes/sem3/ELD_A+_project/ELD_project_2/solution1/fft_tb.cpp 
Execute     is_encrypted /home/adi/repo/notes/sem3/ELD_A+_project/ELD_project_2/solution1/fft.cpp 
Execute     is_xip /home/adi/repo/notes/sem3/ELD_A+_project/ELD_project_2/solution1/fft.cpp 
Execute     is_encrypted /home/adi/repo/notes/sem3/ELD_A+_project/ELD_project_2/solution1/fft.h 
Execute     is_xip /home/adi/repo/notes/sem3/ELD_A+_project/ELD_project_2/solution1/fft.h 
Execute     ap_part_info -name xc7z020clg484-1 -data info 
Execute     source run_sim.tcl 
Command     ap_source done; 0.11 sec.
INFO: [SIM 211-1] CSim done with 0 errors.
INFO: [SIM 211-3] *************** CSIM finish ***************
Command   csim_design done; 0.41 sec.
Command ap_source done; 1.04 sec.
Execute cleanup_all 
INFO-FLOW: Workspace /home/adi/repo/notes/sem3/ELD_A+_project/ELD_project_2/solution1 opened at Tue Dec 17 22:40:01 IST 2024
Execute     config_clock -quiet -name default -period 10 -default=false 
INFO: [SYN 201-201] Setting up clock 'default' with a period of 10ns.
Execute     config_clock -quiet -name default -uncertainty 1.25 
INFO: [SYN 201-201] Setting up clock 'default' with an uncertainty of 1.25ns.
Execute     open_platform DefaultPlatform 
Execute     import_lib /home/adi/hdd/Xilinx/Vivado/2019.1/common/technology/xilinx/zynq/zynq 
Execute       source /home/adi/hdd/Xilinx/Vivado/2019.1/common/technology/xilinx/common/xilinx.lib 
Execute         source /home/adi/hdd/Xilinx/Vivado/2019.1/common/technology/xilinx/interface/xilinx_interface.lib 
Execute           source /home/adi/hdd/Xilinx/Vivado/2019.1/common/technology/xilinx/interface/plb46.lib 
Execute           source /home/adi/hdd/Xilinx/Vivado/2019.1/common/technology/xilinx/interface/fsl.lib 
Execute           source /home/adi/hdd/Xilinx/Vivado/2019.1/common/technology/xilinx/interface/axi4.lib 
Execute           source /home/adi/hdd/Xilinx/Vivado/2019.1/common/technology/xilinx/interface/maxi.lib 
Execute           source /home/adi/hdd/Xilinx/Vivado/2019.1/common/technology/xilinx/interface/saxilite.lib 
Execute         source /home/adi/hdd/Xilinx/Vivado/2019.1/common/technology/xilinx/common/dsp48.lib 
Execute         source /home/adi/hdd/Xilinx/Vivado/2019.1/common/technology/xilinx/ip/dds_compiler.lib 
Execute         source /home/adi/hdd/Xilinx/Vivado/2019.1/common/technology/xilinx/ip/xfft.lib 
Execute         source /home/adi/hdd/Xilinx/Vivado/2019.1/common/technology/xilinx/ip/xfir.lib 
Execute       source /home/adi/hdd/Xilinx/Vivado/2019.1/common/technology/xilinx/common/xilinx.hlp 
Execute         source /home/adi/hdd/Xilinx/Vivado/2019.1/common/technology/xilinx/common/target_info.tcl 
Execute         source /home/adi/hdd/Xilinx/Vivado/2019.1/common/technology/xilinx/interface/xilinx_interface.hlp 
Execute           source /home/adi/hdd/Xilinx/Vivado/2019.1/common/technology/xilinx/interface/maxi.hlp 
Execute           source /home/adi/hdd/Xilinx/Vivado/2019.1/common/technology/xilinx/interface/saxilite.hlp 
Execute         source /home/adi/hdd/Xilinx/Vivado/2019.1/common/technology/xilinx/common/dsp48.hlp 
Execute       source /home/adi/hdd/Xilinx/Vivado/2019.1/common/technology/xilinx/zynq/dsp48e1.hlp 
Execute       source /home/adi/hdd/Xilinx/Vivado/2019.1/common/technology/xilinx/common/xilinx.hlp 
Execute         source /home/adi/hdd/Xilinx/Vivado/2019.1/common/technology/xilinx/common/target_info.tcl 
Execute         source /home/adi/hdd/Xilinx/Vivado/2019.1/common/technology/xilinx/interface/xilinx_interface.hlp 
Execute           source /home/adi/hdd/Xilinx/Vivado/2019.1/common/technology/xilinx/interface/maxi.hlp 
Execute           source /home/adi/hdd/Xilinx/Vivado/2019.1/common/technology/xilinx/interface/saxilite.hlp 
Execute         source /home/adi/hdd/Xilinx/Vivado/2019.1/common/technology/xilinx/common/dsp48.hlp 
Execute     source /home/adi/hdd/Xilinx/Vivado/2019.1/common/technology/xilinx/zynq/zynq.gen 
Execute       source /home/adi/hdd/Xilinx/Vivado/2019.1/common/technology/xilinx/common/xilinx.gen 
Execute         source /home/adi/hdd/Xilinx/Vivado/2019.1/common/technology/xilinx/interface/plb46.gen 
Execute         source /home/adi/hdd/Xilinx/Vivado/2019.1/common/technology/xilinx/interface/fsl.gen 
Execute         source /home/adi/hdd/Xilinx/Vivado/2019.1/common/technology/xilinx/interface/axi4.gen 
Execute         source /home/adi/hdd/Xilinx/Vivado/2019.1/common/technology/xilinx/interface/nativeAXI4.gen 
Execute           source /home/adi/hdd/Xilinx/Vivado/2019.1/common/technology/xilinx/interface/saxilite.gen 
Execute           source /home/adi/hdd/Xilinx/Vivado/2019.1/common/technology/xilinx/interface/maxi.gen 
Execute         source /home/adi/hdd/Xilinx/Vivado/2019.1/common/technology/xilinx/scripts/xilinxcoregen.gen 
Execute         source /home/adi/hdd/Xilinx/Vivado/2019.1/common/technology/xilinx/interface/XilEDKCoreGen.gen 
Execute         source /home/adi/hdd/Xilinx/Vivado/2019.1/common/technology/xilinx/ip/dds_compiler.gen 
Execute         source /home/adi/hdd/Xilinx/Vivado/2019.1/common/technology/xilinx/ip/util.gen 
Execute         source /home/adi/hdd/Xilinx/Vivado/2019.1/common/technology/xilinx/ip/xfft.gen 
Execute         source /home/adi/hdd/Xilinx/Vivado/2019.1/common/technology/xilinx/ip/xfir.gen 
Execute         source /home/adi/hdd/Xilinx/Vivado/2019.1/common/technology/xilinx/common/dsp48.gen 
Execute     set_part xc7z020clg484-1 
Execute       ap_part_info -name xc7z020clg484-1 -data single -quiet 
Command       ap_part_info done; 0.48 sec.
Execute       ap_part_info -name xc7z020clg484-1 -data info 
Execute       add_library xilinx/zynq/zynq:xc7z020:-clg484:-1 
Execute         get_default_platform 
Execute         license_isbetapart xc7z020 
Command         license_isbetapart done; error code: 1; 
Execute         ap_part_info -data single -name xc7z020-clg484-1 
Execute         ap_part_info -name xc7z020-clg484-1 -data resources 
Execute         ap_part_info -name xc7z020-clg484-1 -data info 
Execute         ap_part_info -name xc7z020-clg484-1 -data info 
Execute         config_chip_info -quiet -resource {SLICE 13300} {LUT 53200} {FF 106400} {DSP48E 220} {BRAM 280} {URAM 0} 
Execute         ap_part_info -name xc7z020-clg484-1 -data info 
Execute         config_chip_info -quiet -speed slow 
Execute       add_library xilinx/zynq/zynq_fpv6 
Execute         get_default_platform 
Execute         open_platform DefaultPlatform 
Execute         import_lib /home/adi/hdd/Xilinx/Vivado/2019.1/common/technology/xilinx/zynq/zynq_fpv6 
Execute           source /home/adi/hdd/Xilinx/Vivado/2019.1/common/technology/xilinx/common/xilinx_fp.lib 
Execute           source /home/adi/hdd/Xilinx/Vivado/2019.1/common/technology/xilinx/common/xilinx_fp.hlp 
Execute             source /home/adi/hdd/Xilinx/Vivado/2019.1/common/technology/xilinx/common/xilinx.hlp 
Execute               source /home/adi/hdd/Xilinx/Vivado/2019.1/common/technology/xilinx/common/target_info.tcl 
Execute               source /home/adi/hdd/Xilinx/Vivado/2019.1/common/technology/xilinx/interface/xilinx_interface.hlp 
Execute                 source /home/adi/hdd/Xilinx/Vivado/2019.1/common/technology/xilinx/interface/maxi.hlp 
Execute                 source /home/adi/hdd/Xilinx/Vivado/2019.1/common/technology/xilinx/interface/saxilite.hlp 
Execute               source /home/adi/hdd/Xilinx/Vivado/2019.1/common/technology/xilinx/common/dsp48.hlp 
Execute         source /home/adi/hdd/Xilinx/Vivado/2019.1/common/technology/xilinx/zynq/zynq_fpv6.gen 
Execute           source /home/adi/hdd/Xilinx/Vivado/2019.1/common/technology/xilinx/common/xilinx_fp.gen 
INFO: [HLS 200-10] Setting target device to 'xc7z020-clg484-1'
Execute       ap_part_info -name xc7z020-clg484-1 -data info 
Execute       get_default_platform 
Command     set_part done; 0.54 sec.
Execute     ap_part_info -data single -name xc7z020clg484-1 
Execute     ap_part_info -name xc7z020clg484-1 -data resources 
Execute     ap_part_info -name xc7z020clg484-1 -data info 
Execute     ap_part_info -name xc7z020clg484-1 -data info 
Execute     config_chip_info -quiet -resource {SLICE 13300} {LUT 53200} {FF 106400} {DSP48E 220} {BRAM 280} {URAM 0} 
Execute     ap_part_info -name xc7z020clg484-1 -data info 
Execute     config_chip_info -quiet -speed slow 
Execute     config_export -format=ip_catalog 
Execute     config_export -rtl=verilog 
Command   open_solution done; 0.63 sec.
Execute   csim_design -quiet 
INFO: [SIM 211-2] *************** CSIM start ***************
INFO: [SIM 211-4] CSIM will launch GCC as the compiler.
Execute     source csim/.lst_opt.tcl 
Execute     is_encrypted /home/adi/repo/notes/sem3/ELD_A+_project/ELD_project_2/solution1/fft_tb.cpp 
Execute     is_xip /home/adi/repo/notes/sem3/ELD_A+_project/ELD_project_2/solution1/fft_tb.cpp 
Execute     is_encrypted /home/adi/repo/notes/sem3/ELD_A+_project/ELD_project_2/solution1/fft.cpp 
Execute     is_xip /home/adi/repo/notes/sem3/ELD_A+_project/ELD_project_2/solution1/fft.cpp 
Execute     is_encrypted /home/adi/repo/notes/sem3/ELD_A+_project/ELD_project_2/solution1/fft.h 
Execute     is_xip /home/adi/repo/notes/sem3/ELD_A+_project/ELD_project_2/solution1/fft.h 
Execute     ap_part_info -name xc7z020clg484-1 -data info 
Execute     source run_sim.tcl 
INFO: [SIM 211-1] CSim done with 0 errors.
INFO: [SIM 211-3] *************** CSIM finish ***************
Command   csim_design done; 0.41 sec.
Command ap_source done; 1.04 sec.
Execute cleanup_all 
INFO-FLOW: Workspace /home/adi/repo/notes/sem3/ELD_A+_project/ELD_project_2/solution1 opened at Tue Dec 17 22:41:49 IST 2024
Execute     config_clock -quiet -name default -period 10 -default=false 
INFO: [SYN 201-201] Setting up clock 'default' with a period of 10ns.
Execute     config_clock -quiet -name default -uncertainty 1.25 
INFO: [SYN 201-201] Setting up clock 'default' with an uncertainty of 1.25ns.
Execute     open_platform DefaultPlatform 
Execute     import_lib /home/adi/hdd/Xilinx/Vivado/2019.1/common/technology/xilinx/zynq/zynq 
Execute       source /home/adi/hdd/Xilinx/Vivado/2019.1/common/technology/xilinx/common/xilinx.lib 
Execute         source /home/adi/hdd/Xilinx/Vivado/2019.1/common/technology/xilinx/interface/xilinx_interface.lib 
Execute           source /home/adi/hdd/Xilinx/Vivado/2019.1/common/technology/xilinx/interface/plb46.lib 
Execute           source /home/adi/hdd/Xilinx/Vivado/2019.1/common/technology/xilinx/interface/fsl.lib 
Execute           source /home/adi/hdd/Xilinx/Vivado/2019.1/common/technology/xilinx/interface/axi4.lib 
Execute           source /home/adi/hdd/Xilinx/Vivado/2019.1/common/technology/xilinx/interface/maxi.lib 
Execute           source /home/adi/hdd/Xilinx/Vivado/2019.1/common/technology/xilinx/interface/saxilite.lib 
Execute         source /home/adi/hdd/Xilinx/Vivado/2019.1/common/technology/xilinx/common/dsp48.lib 
Execute         source /home/adi/hdd/Xilinx/Vivado/2019.1/common/technology/xilinx/ip/dds_compiler.lib 
Execute         source /home/adi/hdd/Xilinx/Vivado/2019.1/common/technology/xilinx/ip/xfft.lib 
Execute         source /home/adi/hdd/Xilinx/Vivado/2019.1/common/technology/xilinx/ip/xfir.lib 
Execute       source /home/adi/hdd/Xilinx/Vivado/2019.1/common/technology/xilinx/common/xilinx.hlp 
Execute         source /home/adi/hdd/Xilinx/Vivado/2019.1/common/technology/xilinx/common/target_info.tcl 
Execute         source /home/adi/hdd/Xilinx/Vivado/2019.1/common/technology/xilinx/interface/xilinx_interface.hlp 
Execute           source /home/adi/hdd/Xilinx/Vivado/2019.1/common/technology/xilinx/interface/maxi.hlp 
Execute           source /home/adi/hdd/Xilinx/Vivado/2019.1/common/technology/xilinx/interface/saxilite.hlp 
Execute         source /home/adi/hdd/Xilinx/Vivado/2019.1/common/technology/xilinx/common/dsp48.hlp 
Execute       source /home/adi/hdd/Xilinx/Vivado/2019.1/common/technology/xilinx/zynq/dsp48e1.hlp 
Execute       source /home/adi/hdd/Xilinx/Vivado/2019.1/common/technology/xilinx/common/xilinx.hlp 
Execute         source /home/adi/hdd/Xilinx/Vivado/2019.1/common/technology/xilinx/common/target_info.tcl 
Execute         source /home/adi/hdd/Xilinx/Vivado/2019.1/common/technology/xilinx/interface/xilinx_interface.hlp 
Execute           source /home/adi/hdd/Xilinx/Vivado/2019.1/common/technology/xilinx/interface/maxi.hlp 
Execute           source /home/adi/hdd/Xilinx/Vivado/2019.1/common/technology/xilinx/interface/saxilite.hlp 
Execute         source /home/adi/hdd/Xilinx/Vivado/2019.1/common/technology/xilinx/common/dsp48.hlp 
Execute     source /home/adi/hdd/Xilinx/Vivado/2019.1/common/technology/xilinx/zynq/zynq.gen 
Execute       source /home/adi/hdd/Xilinx/Vivado/2019.1/common/technology/xilinx/common/xilinx.gen 
Execute         source /home/adi/hdd/Xilinx/Vivado/2019.1/common/technology/xilinx/interface/plb46.gen 
Execute         source /home/adi/hdd/Xilinx/Vivado/2019.1/common/technology/xilinx/interface/fsl.gen 
Execute         source /home/adi/hdd/Xilinx/Vivado/2019.1/common/technology/xilinx/interface/axi4.gen 
Execute         source /home/adi/hdd/Xilinx/Vivado/2019.1/common/technology/xilinx/interface/nativeAXI4.gen 
Execute           source /home/adi/hdd/Xilinx/Vivado/2019.1/common/technology/xilinx/interface/saxilite.gen 
Execute           source /home/adi/hdd/Xilinx/Vivado/2019.1/common/technology/xilinx/interface/maxi.gen 
Execute         source /home/adi/hdd/Xilinx/Vivado/2019.1/common/technology/xilinx/scripts/xilinxcoregen.gen 
Execute         source /home/adi/hdd/Xilinx/Vivado/2019.1/common/technology/xilinx/interface/XilEDKCoreGen.gen 
Execute         source /home/adi/hdd/Xilinx/Vivado/2019.1/common/technology/xilinx/ip/dds_compiler.gen 
Execute         source /home/adi/hdd/Xilinx/Vivado/2019.1/common/technology/xilinx/ip/util.gen 
Execute         source /home/adi/hdd/Xilinx/Vivado/2019.1/common/technology/xilinx/ip/xfft.gen 
Execute         source /home/adi/hdd/Xilinx/Vivado/2019.1/common/technology/xilinx/ip/xfir.gen 
Execute         source /home/adi/hdd/Xilinx/Vivado/2019.1/common/technology/xilinx/common/dsp48.gen 
Execute     set_part xc7z020clg484-1 
Execute       ap_part_info -name xc7z020clg484-1 -data single -quiet 
Command       ap_part_info done; 0.48 sec.
Execute       ap_part_info -name xc7z020clg484-1 -data info 
Execute       add_library xilinx/zynq/zynq:xc7z020:-clg484:-1 
Execute         get_default_platform 
Execute         license_isbetapart xc7z020 
Command         license_isbetapart done; error code: 1; 
Execute         ap_part_info -data single -name xc7z020-clg484-1 
Execute         ap_part_info -name xc7z020-clg484-1 -data resources 
Execute         ap_part_info -name xc7z020-clg484-1 -data info 
Execute         ap_part_info -name xc7z020-clg484-1 -data info 
Execute         config_chip_info -quiet -resource {SLICE 13300} {LUT 53200} {FF 106400} {DSP48E 220} {BRAM 280} {URAM 0} 
Execute         ap_part_info -name xc7z020-clg484-1 -data info 
Execute         config_chip_info -quiet -speed slow 
Execute       add_library xilinx/zynq/zynq_fpv6 
Execute         get_default_platform 
Execute         open_platform DefaultPlatform 
Execute         import_lib /home/adi/hdd/Xilinx/Vivado/2019.1/common/technology/xilinx/zynq/zynq_fpv6 
Execute           source /home/adi/hdd/Xilinx/Vivado/2019.1/common/technology/xilinx/common/xilinx_fp.lib 
Execute           source /home/adi/hdd/Xilinx/Vivado/2019.1/common/technology/xilinx/common/xilinx_fp.hlp 
Execute             source /home/adi/hdd/Xilinx/Vivado/2019.1/common/technology/xilinx/common/xilinx.hlp 
Execute               source /home/adi/hdd/Xilinx/Vivado/2019.1/common/technology/xilinx/common/target_info.tcl 
Execute               source /home/adi/hdd/Xilinx/Vivado/2019.1/common/technology/xilinx/interface/xilinx_interface.hlp 
Execute                 source /home/adi/hdd/Xilinx/Vivado/2019.1/common/technology/xilinx/interface/maxi.hlp 
Execute                 source /home/adi/hdd/Xilinx/Vivado/2019.1/common/technology/xilinx/interface/saxilite.hlp 
Execute               source /home/adi/hdd/Xilinx/Vivado/2019.1/common/technology/xilinx/common/dsp48.hlp 
Execute         source /home/adi/hdd/Xilinx/Vivado/2019.1/common/technology/xilinx/zynq/zynq_fpv6.gen 
Execute           source /home/adi/hdd/Xilinx/Vivado/2019.1/common/technology/xilinx/common/xilinx_fp.gen 
INFO: [HLS 200-10] Setting target device to 'xc7z020-clg484-1'
Execute       ap_part_info -name xc7z020-clg484-1 -data info 
Execute       get_default_platform 
Command     set_part done; 0.54 sec.
Execute     ap_part_info -data single -name xc7z020clg484-1 
Execute     ap_part_info -name xc7z020clg484-1 -data resources 
Execute     ap_part_info -name xc7z020clg484-1 -data info 
Execute     ap_part_info -name xc7z020clg484-1 -data info 
Execute     config_chip_info -quiet -resource {SLICE 13300} {LUT 53200} {FF 106400} {DSP48E 220} {BRAM 280} {URAM 0} 
Execute     ap_part_info -name xc7z020clg484-1 -data info 
Execute     config_chip_info -quiet -speed slow 
Execute     config_export -format=ip_catalog 
Execute     config_export -rtl=verilog 
Command   open_solution done; 0.62 sec.
Execute   csim_design -quiet 
INFO: [SIM 211-2] *************** CSIM start ***************
INFO: [SIM 211-4] CSIM will launch GCC as the compiler.
Execute     source csim/.lst_opt.tcl 
Execute     is_encrypted /home/adi/repo/notes/sem3/ELD_A+_project/ELD_project_2/solution1/fft_tb.cpp 
Execute     is_xip /home/adi/repo/notes/sem3/ELD_A+_project/ELD_project_2/solution1/fft_tb.cpp 
Execute     is_encrypted /home/adi/repo/notes/sem3/ELD_A+_project/ELD_project_2/solution1/fft.cpp 
Execute     is_xip /home/adi/repo/notes/sem3/ELD_A+_project/ELD_project_2/solution1/fft.cpp 
Execute     is_encrypted /home/adi/repo/notes/sem3/ELD_A+_project/ELD_project_2/solution1/fft.h 
Execute     is_xip /home/adi/repo/notes/sem3/ELD_A+_project/ELD_project_2/solution1/fft.h 
Execute     ap_part_info -name xc7z020clg484-1 -data info 
Execute     source run_sim.tcl 
INFO: [SIM 211-1] CSim done with 0 errors.
INFO: [SIM 211-3] *************** CSIM finish ***************
Command   csim_design done; 0.4 sec.
Command ap_source done; 1.02 sec.
Execute cleanup_all 
