
*** Running vivado
    with args -log vio_wrapper.vds -m64 -product Vivado -mode batch -messageDb vivado.pb -notrace -source vio_wrapper.tcl


****** Vivado v2019.1 (64-bit)
  **** SW Build 2552052 on Fri May 24 14:47:09 MDT 2019
  **** IP Build 2548770 on Fri May 24 18:01:18 MDT 2019
    ** Copyright 1986-2019 Xilinx, Inc. All Rights Reserved.

source vio_wrapper.tcl -notrace
Command: synth_design -top vio_wrapper -part xc7z020clg484-1
Starting synth_design
Attempting to get a license for feature 'Synthesis' and/or device 'xc7z020'
INFO: [Common 17-349] Got license for feature 'Synthesis' and/or device 'xc7z020'
INFO: [Device 21-403] Loading part xc7z020clg484-1
INFO: Launching helper process for spawning children vivado processes
INFO: Helper process launched with PID 18220 
WARNING: [Synth 8-2611] redeclaration of ansi port inp_1 is not allowed [/home/adi/repo/notes/sem3/ELD2024_LAB/lab5/lab5.srcs/sources_1/new/top_FSM.v:31]
WARNING: [Synth 8-2611] redeclaration of ansi port inp_0 is not allowed [/home/adi/repo/notes/sem3/ELD2024_LAB/lab5/lab5.srcs/sources_1/new/top_FSM.v:31]
WARNING: [Synth 8-976] clear has already been declared [/home/adi/repo/notes/sem3/ELD2024_LAB/lab5/lab5.srcs/sources_1/new/vio_wrapper.v:30]
WARNING: [Synth 8-2654] second declaration of clear ignored [/home/adi/repo/notes/sem3/ELD2024_LAB/lab5/lab5.srcs/sources_1/new/vio_wrapper.v:30]
INFO: [Synth 8-994] clear is declared here [/home/adi/repo/notes/sem3/ELD2024_LAB/lab5/lab5.srcs/sources_1/new/vio_wrapper.v:29]
---------------------------------------------------------------------------------
Starting RTL Elaboration : Time (s): cpu = 00:00:01 ; elapsed = 00:00:03 . Memory (MB): peak = 1793.305 ; gain = 156.488 ; free physical = 5564 ; free virtual = 10042
---------------------------------------------------------------------------------
INFO: [Synth 8-6157] synthesizing module 'vio_wrapper' [/home/adi/repo/notes/sem3/ELD2024_LAB/lab5/lab5.srcs/sources_1/new/vio_wrapper.v:23]
INFO: [Synth 8-6157] synthesizing module 'top_FSM' [/home/adi/repo/notes/sem3/ELD2024_LAB/lab5/lab5.srcs/sources_1/new/top_FSM.v:23]
INFO: [Synth 8-6157] synthesizing module 'clk_wiz_0' [/home/adi/repo/notes/sem3/ELD2024_LAB/lab5/lab5.runs/synth_1/.Xil/Vivado-18178-archlinux/realtime/clk_wiz_0_stub.v:5]
INFO: [Synth 8-6155] done synthesizing module 'clk_wiz_0' (1#1) [/home/adi/repo/notes/sem3/ELD2024_LAB/lab5/lab5.runs/synth_1/.Xil/Vivado-18178-archlinux/realtime/clk_wiz_0_stub.v:5]
INFO: [Synth 8-6157] synthesizing module 'clk_div_rtl' [/home/adi/repo/notes/sem3/ELD2024_LAB/lab5/lab5.srcs/sources_1/imports/Downloads/clk_div_rtl.v:23]
INFO: [Synth 8-6155] done synthesizing module 'clk_div_rtl' (2#1) [/home/adi/repo/notes/sem3/ELD2024_LAB/lab5/lab5.srcs/sources_1/imports/Downloads/clk_div_rtl.v:23]
INFO: [Synth 8-6157] synthesizing module 'pb_clk' [/home/adi/repo/notes/sem3/ELD2024_LAB/lab5/lab5.srcs/sources_1/new/pb_clk.v:23]
INFO: [Synth 8-6155] done synthesizing module 'pb_clk' (3#1) [/home/adi/repo/notes/sem3/ELD2024_LAB/lab5/lab5.srcs/sources_1/new/pb_clk.v:23]
INFO: [Synth 8-6157] synthesizing module 'FSM_moore_1101' [/home/adi/repo/notes/sem3/ELD2024_LAB/lab5/lab5.srcs/sources_1/new/FSM_moore_1101.v:24]
	Parameter S0 bound to: 3'b000 
	Parameter S1 bound to: 3'b001 
	Parameter S2 bound to: 3'b010 
	Parameter S3 bound to: 3'b011 
	Parameter S4 bound to: 3'b100 
INFO: [Synth 8-6155] done synthesizing module 'FSM_moore_1101' (4#1) [/home/adi/repo/notes/sem3/ELD2024_LAB/lab5/lab5.srcs/sources_1/new/FSM_moore_1101.v:24]
INFO: [Synth 8-6155] done synthesizing module 'top_FSM' (5#1) [/home/adi/repo/notes/sem3/ELD2024_LAB/lab5/lab5.srcs/sources_1/new/top_FSM.v:23]
WARNING: [Synth 8-7023] instance 't1' of module 'top_FSM' has 6 connections declared, but only 5 given [/home/adi/repo/notes/sem3/ELD2024_LAB/lab5/lab5.srcs/sources_1/new/vio_wrapper.v:32]
INFO: [Synth 8-6157] synthesizing module 'vio_0' [/home/adi/repo/notes/sem3/ELD2024_LAB/lab5/lab5.runs/synth_1/.Xil/Vivado-18178-archlinux/realtime/vio_0_stub.v:6]
INFO: [Synth 8-6155] done synthesizing module 'vio_0' (6#1) [/home/adi/repo/notes/sem3/ELD2024_LAB/lab5/lab5.runs/synth_1/.Xil/Vivado-18178-archlinux/realtime/vio_0_stub.v:6]
INFO: [Synth 8-6071] Mark debug on the nets applies keep_hierarchy on instance 'vio'. This will prevent further optimization [/home/adi/repo/notes/sem3/ELD2024_LAB/lab5/lab5.srcs/sources_1/new/vio_wrapper.v:40]
INFO: [Synth 8-6071] Mark debug on the nets applies keep_hierarchy on instance 't1'. This will prevent further optimization [/home/adi/repo/notes/sem3/ELD2024_LAB/lab5/lab5.srcs/sources_1/new/vio_wrapper.v:32]
INFO: [Synth 8-6155] done synthesizing module 'vio_wrapper' (7#1) [/home/adi/repo/notes/sem3/ELD2024_LAB/lab5/lab5.srcs/sources_1/new/vio_wrapper.v:23]
---------------------------------------------------------------------------------
Finished RTL Elaboration : Time (s): cpu = 00:00:02 ; elapsed = 00:00:03 . Memory (MB): peak = 1823.180 ; gain = 186.363 ; free physical = 5584 ; free virtual = 10064
---------------------------------------------------------------------------------

Report Check Netlist: 
+------+------------------+-------+---------+-------+------------------+
|      |Item              |Errors |Warnings |Status |Description       |
+------+------------------+-------+---------+-------+------------------+
|1     |multi_driven_nets |      0|        0|Passed |Multi driven nets |
+------+------------------+-------+---------+-------+------------------+
---------------------------------------------------------------------------------
Start Handling Custom Attributes
---------------------------------------------------------------------------------
---------------------------------------------------------------------------------
Finished Handling Custom Attributes : Time (s): cpu = 00:00:02 ; elapsed = 00:00:03 . Memory (MB): peak = 1840.992 ; gain = 204.176 ; free physical = 5577 ; free virtual = 10057
---------------------------------------------------------------------------------
---------------------------------------------------------------------------------
Finished RTL Optimization Phase 1 : Time (s): cpu = 00:00:02 ; elapsed = 00:00:03 . Memory (MB): peak = 1840.992 ; gain = 204.176 ; free physical = 5577 ; free virtual = 10057
---------------------------------------------------------------------------------
INFO: [Project 1-570] Preparing netlist for logic optimization

Processing XDC Constraints
Initializing timing engine
Parsing XDC File [/home/adi/repo/notes/sem3/ELD2024_LAB/lab5/lab5.srcs/sources_1/ip/clk_wiz_0/clk_wiz_0/clk_wiz_0_in_context.xdc] for cell 't1/cmt'
Finished Parsing XDC File [/home/adi/repo/notes/sem3/ELD2024_LAB/lab5/lab5.srcs/sources_1/ip/clk_wiz_0/clk_wiz_0/clk_wiz_0_in_context.xdc] for cell 't1/cmt'
Parsing XDC File [/home/adi/repo/notes/sem3/ELD2024_LAB/lab5/lab5.srcs/sources_1/ip/vio_0/vio_0/vio_0_in_context.xdc] for cell 'vio'
Finished Parsing XDC File [/home/adi/repo/notes/sem3/ELD2024_LAB/lab5/lab5.srcs/sources_1/ip/vio_0/vio_0/vio_0_in_context.xdc] for cell 'vio'
Parsing XDC File [/home/adi/repo/notes/sem3/ELD2024_LAB/lab5/lab5.srcs/constrs_1/imports/Downloads/Zed_cons.xdc]
WARNING: [Vivado 12-584] No ports matched '[get_ports -of_objects [get_iobanks 33]]'. [/home/adi/repo/notes/sem3/ELD2024_LAB/lab5/lab5.srcs/constrs_1/imports/Downloads/Zed_cons.xdc:362]
WARNING: [Vivado 12-584] No ports matched '[get_ports -of_objects [get_iobanks 34]]'. [/home/adi/repo/notes/sem3/ELD2024_LAB/lab5/lab5.srcs/constrs_1/imports/Downloads/Zed_cons.xdc:367]
WARNING: [Vivado 12-584] No ports matched '[get_ports -of_objects [get_iobanks 35]]'. [/home/adi/repo/notes/sem3/ELD2024_LAB/lab5/lab5.srcs/constrs_1/imports/Downloads/Zed_cons.xdc:372]
WARNING: [Vivado 12-584] No ports matched '[get_ports -of_objects [get_iobanks 13]]'. [/home/adi/repo/notes/sem3/ELD2024_LAB/lab5/lab5.srcs/constrs_1/imports/Downloads/Zed_cons.xdc:375]
Finished Parsing XDC File [/home/adi/repo/notes/sem3/ELD2024_LAB/lab5/lab5.srcs/constrs_1/imports/Downloads/Zed_cons.xdc]
INFO: [Project 1-236] Implementation specific constraints were found while reading constraint file [/home/adi/repo/notes/sem3/ELD2024_LAB/lab5/lab5.srcs/constrs_1/imports/Downloads/Zed_cons.xdc]. These constraints will be ignored for synthesis but will be used in implementation. Impacted constraints are listed in the file [.Xil/vio_wrapper_propImpl.xdc].
Resolution: To avoid this warning, move constraints listed in [.Xil/vio_wrapper_propImpl.xdc] to another XDC file and exclude this new file from synthesis with the used_in_synthesis property (File Properties dialog in GUI) and re-run elaboration/synthesis.
Completed Processing XDC Constraints

Netlist sorting complete. Time (s): cpu = 00:00:00 ; elapsed = 00:00:00 . Memory (MB): peak = 2003.617 ; gain = 0.000 ; free physical = 5428 ; free virtual = 9924
INFO: [Project 1-111] Unisim Transformation Summary:
No Unisim elements were transformed.

Constraint Validation Runtime : Time (s): cpu = 00:00:00 ; elapsed = 00:00:00 . Memory (MB): peak = 2003.617 ; gain = 0.000 ; free physical = 5428 ; free virtual = 9923
---------------------------------------------------------------------------------
Finished Constraint Validation : Time (s): cpu = 00:00:04 ; elapsed = 00:00:07 . Memory (MB): peak = 2003.617 ; gain = 366.801 ; free physical = 5520 ; free virtual = 10017
---------------------------------------------------------------------------------
---------------------------------------------------------------------------------
Start Loading Part and Timing Information
---------------------------------------------------------------------------------
Loading part: xc7z020clg484-1
---------------------------------------------------------------------------------
Finished Loading Part and Timing Information : Time (s): cpu = 00:00:04 ; elapsed = 00:00:07 . Memory (MB): peak = 2003.617 ; gain = 366.801 ; free physical = 5520 ; free virtual = 10017
---------------------------------------------------------------------------------
---------------------------------------------------------------------------------
Start Applying 'set_property' XDC Constraints
---------------------------------------------------------------------------------
Applied set_property IO_BUFFER_TYPE = NONE for Clk_100M. (constraint file  /home/adi/repo/notes/sem3/ELD2024_LAB/lab5/lab5.srcs/sources_1/ip/clk_wiz_0/clk_wiz_0/clk_wiz_0_in_context.xdc, line 3).
Applied set_property CLOCK_BUFFER_TYPE = NONE for Clk_100M. (constraint file  /home/adi/repo/notes/sem3/ELD2024_LAB/lab5/lab5.srcs/sources_1/ip/clk_wiz_0/clk_wiz_0/clk_wiz_0_in_context.xdc, line 4).
Applied set_property DONT_TOUCH = true for t1/cmt. (constraint file  auto generated constraint, line ).
Applied set_property DONT_TOUCH = true for vio. (constraint file  auto generated constraint, line ).
---------------------------------------------------------------------------------
Finished applying 'set_property' XDC Constraints : Time (s): cpu = 00:00:04 ; elapsed = 00:00:07 . Memory (MB): peak = 2003.617 ; gain = 366.801 ; free physical = 5520 ; free virtual = 10017
---------------------------------------------------------------------------------
INFO: [Synth 8-802] inferred FSM for state register 'present_state_reg' in module 'FSM_moore_1101'
---------------------------------------------------------------------------------------------------
                   State |                     New Encoding |                Previous Encoding 
---------------------------------------------------------------------------------------------------
                      S0 |                              000 |                              000
                      S1 |                              001 |                              001
                      S2 |                              010 |                              010
                      S3 |                              011 |                              011
                      S4 |                              100 |                              100
---------------------------------------------------------------------------------------------------
INFO: [Synth 8-3354] encoded FSM with state register 'present_state_reg' using encoding 'sequential' in module 'FSM_moore_1101'
---------------------------------------------------------------------------------
Finished RTL Optimization Phase 2 : Time (s): cpu = 00:00:04 ; elapsed = 00:00:07 . Memory (MB): peak = 2003.617 ; gain = 366.801 ; free physical = 5512 ; free virtual = 10009
---------------------------------------------------------------------------------

Report RTL Partitions: 
+-+--------------+------------+----------+
| |RTL Partition |Replication |Instances |
+-+--------------+------------+----------+
+-+--------------+------------+----------+
---------------------------------------------------------------------------------
Start RTL Component Statistics 
---------------------------------------------------------------------------------
Detailed RTL Component Info : 
+---Registers : 
	                1 Bit    Registers := 1     
+---Muxes : 
	   5 Input      3 Bit        Muxes := 2     
	   2 Input      3 Bit        Muxes := 5     
	   2 Input      1 Bit        Muxes := 1     
---------------------------------------------------------------------------------
Finished RTL Component Statistics 
---------------------------------------------------------------------------------
---------------------------------------------------------------------------------
Start RTL Hierarchical Component Statistics 
---------------------------------------------------------------------------------
Hierarchical RTL Component report 
Module pb_clk 
Detailed RTL Component Info : 
+---Registers : 
	                1 Bit    Registers := 1     
Module FSM_moore_1101 
Detailed RTL Component Info : 
+---Muxes : 
	   5 Input      3 Bit        Muxes := 2     
	   2 Input      3 Bit        Muxes := 5     
	   2 Input      1 Bit        Muxes := 1     
---------------------------------------------------------------------------------
Finished RTL Hierarchical Component Statistics
---------------------------------------------------------------------------------
---------------------------------------------------------------------------------
Start Part Resource Summary
---------------------------------------------------------------------------------
Part Resources:
DSPs: 220 (col length:60)
BRAMs: 280 (col length: RAMB18 60 RAMB36 30)
---------------------------------------------------------------------------------
Finished Part Resource Summary
---------------------------------------------------------------------------------
---------------------------------------------------------------------------------
Start Cross Boundary and Area Optimization
---------------------------------------------------------------------------------
Warning: Parallel synthesis criteria is not met 
---------------------------------------------------------------------------------
Finished Cross Boundary and Area Optimization : Time (s): cpu = 00:00:05 ; elapsed = 00:00:08 . Memory (MB): peak = 2003.617 ; gain = 366.801 ; free physical = 5501 ; free virtual = 10000
---------------------------------------------------------------------------------

Report RTL Partitions: 
+-+--------------+------------+----------+
| |RTL Partition |Replication |Instances |
+-+--------------+------------+----------+
+-+--------------+------------+----------+
---------------------------------------------------------------------------------
Start Applying XDC Timing Constraints
---------------------------------------------------------------------------------
INFO: [Synth 8-5578] Moved timing constraint from pin 't1/cmt/Clk_8M' to pin 't1/cmt/bbstub_Clk_8M/O'
INFO: [Synth 8-5819] Moved 1 constraints on hierarchical pins to their respective driving/loading pins
---------------------------------------------------------------------------------
Finished Applying XDC Timing Constraints : Time (s): cpu = 00:00:08 ; elapsed = 00:00:10 . Memory (MB): peak = 2003.617 ; gain = 366.801 ; free physical = 5376 ; free virtual = 9883
---------------------------------------------------------------------------------
---------------------------------------------------------------------------------
Start Timing Optimization
---------------------------------------------------------------------------------
---------------------------------------------------------------------------------
Finished Timing Optimization : Time (s): cpu = 00:00:08 ; elapsed = 00:00:10 . Memory (MB): peak = 2003.617 ; gain = 366.801 ; free physical = 5376 ; free virtual = 9883
---------------------------------------------------------------------------------

Report RTL Partitions: 
+-+--------------+------------+----------+
| |RTL Partition |Replication |Instances |
+-+--------------+------------+----------+
+-+--------------+------------+----------+
---------------------------------------------------------------------------------
Start Technology Mapping
---------------------------------------------------------------------------------
---------------------------------------------------------------------------------
Finished Technology Mapping : Time (s): cpu = 00:00:08 ; elapsed = 00:00:10 . Memory (MB): peak = 2003.617 ; gain = 366.801 ; free physical = 5377 ; free virtual = 9884
---------------------------------------------------------------------------------

Report RTL Partitions: 
+-+--------------+------------+----------+
| |RTL Partition |Replication |Instances |
+-+--------------+------------+----------+
+-+--------------+------------+----------+
---------------------------------------------------------------------------------
Start IO Insertion
---------------------------------------------------------------------------------
---------------------------------------------------------------------------------
Start Flattening Before IO Insertion
---------------------------------------------------------------------------------
---------------------------------------------------------------------------------
Finished Flattening Before IO Insertion
---------------------------------------------------------------------------------
---------------------------------------------------------------------------------
Start Final Netlist Cleanup
---------------------------------------------------------------------------------
---------------------------------------------------------------------------------
Finished Final Netlist Cleanup
---------------------------------------------------------------------------------
WARNING: [Synth 8-3295] tying undriven pin t1:inp_0 to constant 0
---------------------------------------------------------------------------------
Finished IO Insertion : Time (s): cpu = 00:00:08 ; elapsed = 00:00:11 . Memory (MB): peak = 2003.617 ; gain = 366.801 ; free physical = 5361 ; free virtual = 9868
---------------------------------------------------------------------------------

Report Check Netlist: 
+------+------------------+-------+---------+-------+------------------+
|      |Item              |Errors |Warnings |Status |Description       |
+------+------------------+-------+---------+-------+------------------+
|1     |multi_driven_nets |      0|        0|Passed |Multi driven nets |
+------+------------------+-------+---------+-------+------------------+
---------------------------------------------------------------------------------
Start Renaming Generated Instances
---------------------------------------------------------------------------------
---------------------------------------------------------------------------------
Finished Renaming Generated Instances : Time (s): cpu = 00:00:08 ; elapsed = 00:00:11 . Memory (MB): peak = 2003.617 ; gain = 366.801 ; free physical = 5361 ; free virtual = 9868
---------------------------------------------------------------------------------

Report RTL Partitions: 
+-+--------------+------------+----------+
| |RTL Partition |Replication |Instances |
+-+--------------+------------+----------+
+-+--------------+------------+----------+
---------------------------------------------------------------------------------
Start Rebuilding User Hierarchy
---------------------------------------------------------------------------------
---------------------------------------------------------------------------------
Finished Rebuilding User Hierarchy : Time (s): cpu = 00:00:08 ; elapsed = 00:00:11 . Memory (MB): peak = 2003.617 ; gain = 366.801 ; free physical = 5361 ; free virtual = 9868
---------------------------------------------------------------------------------
---------------------------------------------------------------------------------
Start Renaming Generated Ports
---------------------------------------------------------------------------------
---------------------------------------------------------------------------------
Finished Renaming Generated Ports : Time (s): cpu = 00:00:08 ; elapsed = 00:00:11 . Memory (MB): peak = 2003.617 ; gain = 366.801 ; free physical = 5361 ; free virtual = 9868
---------------------------------------------------------------------------------
---------------------------------------------------------------------------------
Start Handling Custom Attributes
---------------------------------------------------------------------------------
---------------------------------------------------------------------------------
Finished Handling Custom Attributes : Time (s): cpu = 00:00:08 ; elapsed = 00:00:11 . Memory (MB): peak = 2003.617 ; gain = 366.801 ; free physical = 5361 ; free virtual = 9868
---------------------------------------------------------------------------------
---------------------------------------------------------------------------------
Start Renaming Generated Nets
---------------------------------------------------------------------------------
---------------------------------------------------------------------------------
Finished Renaming Generated Nets : Time (s): cpu = 00:00:08 ; elapsed = 00:00:11 . Memory (MB): peak = 2003.617 ; gain = 366.801 ; free physical = 5361 ; free virtual = 9868
---------------------------------------------------------------------------------
---------------------------------------------------------------------------------
Start Writing Synthesis Report
---------------------------------------------------------------------------------

Report BlackBoxes: 
+------+--------------+----------+
|      |BlackBox name |Instances |
+------+--------------+----------+
|1     |clk_wiz_0     |         1|
|2     |vio_0         |         1|
+------+--------------+----------+

Report Cell Usage: 
+------+----------+------+
|      |Cell      |Count |
+------+----------+------+
|1     |clk_wiz_0 |     1|
|2     |vio_0     |     1|
|3     |CARRY4    |     6|
|4     |LUT1      |     1|
|5     |LUT2      |     3|
|6     |LUT3      |     2|
|7     |LUT4      |     2|
|8     |FDCE      |     3|
|9     |FDRE      |    24|
+------+----------+------+

Report Instance Areas: 
+------+---------+---------------+------+
|      |Instance |Module         |Cells |
+------+---------+---------------+------+
|1     |top      |               |    45|
|2     |  t1     |top_FSM        |    42|
|3     |    fd   |clk_div_rtl    |    30|
|4     |    fsm  |FSM_moore_1101 |     9|
|5     |    pb   |pb_clk         |     2|
+------+---------+---------------+------+
---------------------------------------------------------------------------------
Finished Writing Synthesis Report : Time (s): cpu = 00:00:08 ; elapsed = 00:00:11 . Memory (MB): peak = 2003.617 ; gain = 366.801 ; free physical = 5361 ; free virtual = 9868
---------------------------------------------------------------------------------
Synthesis finished with 0 errors, 0 critical warnings and 1 warnings.
Synthesis Optimization Runtime : Time (s): cpu = 00:00:07 ; elapsed = 00:00:10 . Memory (MB): peak = 2003.617 ; gain = 204.176 ; free physical = 5416 ; free virtual = 9923
Synthesis Optimization Complete : Time (s): cpu = 00:00:08 ; elapsed = 00:00:11 . Memory (MB): peak = 2003.617 ; gain = 366.801 ; free physical = 5416 ; free virtual = 9923
INFO: [Project 1-571] Translating synthesized netlist
INFO: [Netlist 29-17] Analyzing 6 Unisim elements for replacement
INFO: [Netlist 29-28] Unisim Transformation completed in 0 CPU seconds
INFO: [Project 1-570] Preparing netlist for logic optimization
INFO: [Opt 31-138] Pushed 0 inverter(s) to 0 load pin(s).
Netlist sorting complete. Time (s): cpu = 00:00:00 ; elapsed = 00:00:00 . Memory (MB): peak = 2013.523 ; gain = 0.000 ; free physical = 5362 ; free virtual = 9869
INFO: [Project 1-111] Unisim Transformation Summary:
No Unisim elements were transformed.

INFO: [Common 17-83] Releasing license: Synthesis
33 Infos, 10 Warnings, 0 Critical Warnings and 0 Errors encountered.
synth_design completed successfully
synth_design: Time (s): cpu = 00:00:11 ; elapsed = 00:00:30 . Memory (MB): peak = 2013.523 ; gain = 597.102 ; free physical = 5452 ; free virtual = 9960
Netlist sorting complete. Time (s): cpu = 00:00:00 ; elapsed = 00:00:00 . Memory (MB): peak = 2013.523 ; gain = 0.000 ; free physical = 5452 ; free virtual = 9960
WARNING: [Constraints 18-5210] No constraints selected for write.
Resolution: This message can indicate that there are no constraints for the design, or it can indicate that the used_in flags are set such that the constraints are ignored. This later case is used when running synth_design to not write synthesis constraints to the resulting checkpoint. Instead, project constraints are read when the synthesized design is opened.
INFO: [Common 17-1381] The checkpoint '/home/adi/repo/notes/sem3/ELD2024_LAB/lab5/lab5.runs/synth_1/vio_wrapper.dcp' has been generated.
INFO: [runtcl-4] Executing : report_utilization -file vio_wrapper_utilization_synth.rpt -pb vio_wrapper_utilization_synth.pb
INFO: [Common 17-206] Exiting Vivado at Mon Sep 30 12:29:41 2024...
