09:27:36 INFO  : Registering command handlers for SDK TCF services
09:27:37 INFO  : Launching XSCT server: xsct -n -interactive /home/adi/repo/notes/sem3/ELD2024_LAB/lab8/lab8.sdk/temp_xsdb_launch_script.tcl
09:27:39 INFO  : XSCT server has started successfully.
09:27:39 INFO  : Successfully done setting XSCT server connection channel  
09:27:39 INFO  : Successfully done setting SDK workspace  
09:27:39 INFO  : Processing command line option -hwspec /home/adi/repo/notes/sem3/ELD2024_LAB/lab8/lab8.sdk/design_1_wrapper.hdf.
09:41:52 INFO  : Refreshed build settings on project lab8_P1
09:46:55 INFO  : Connected to target on host '127.0.0.1' and port '3121'.
09:47:13 INFO  : ----------------XSDB Script----------------
connect -url tcp:127.0.0.1:3121
----------------End of Script----------------

09:49:28 ERROR : (XSDB Server)Invalid target. Use "targets" command to select a target

09:49:47 ERROR : (XSDB Server)invalid command name "jtageterminal"

09:49:53 ERROR : (XSDB Server)Invalid target. Use "targets" command to select a target

09:52:05 ERROR : (XSDB Server)Invalid target. Use "targets" command to select a target

09:52:08 ERROR : (XSDB Server)Invalid target. Use "targets" command to select a target

09:52:09 ERROR : (XSDB Server)Invalid target. Use "targets" command to select a target

09:52:09 ERROR : (XSDB Server)Invalid target. Use "targets" command to select a target

09:52:21 INFO  : Connected to target on host '127.0.0.1' and port '3121'.
09:52:21 INFO  : Jtag cable 'Digilent Zed 210248A39C83' is selected.
09:52:21 INFO  : 'jtag frequency' command is executed.
09:52:21 INFO  : Sourcing of '/home/adi/repo/notes/sem3/ELD2024_LAB/lab8/lab8.sdk/design_1_wrapper_hw_platform_0/ps7_init.tcl' is done.
09:52:21 INFO  : Context for 'APU' is selected.
09:52:21 INFO  : System reset is completed.
09:52:24 INFO  : 'after 3000' command is executed.
09:52:24 INFO  : Context for 'APU' is selected.
09:52:24 INFO  : Hardware design information is loaded from '/home/adi/repo/notes/sem3/ELD2024_LAB/lab8/lab8.sdk/design_1_wrapper_hw_platform_0/system.hdf'.
09:52:24 INFO  : 'configparams force-mem-access 1' command is executed.
09:52:24 INFO  : Context for 'APU' is selected.
09:52:24 INFO  : 'ps7_init' command is executed.
09:52:24 INFO  : 'ps7_post_config' command is executed.
09:52:24 INFO  : Context for processor 'ps7_cortexa9_0' is selected.
09:52:24 INFO  : The application '/home/adi/repo/notes/sem3/ELD2024_LAB/lab8/lab8.sdk/lab8_P1/Debug/lab8_P1.elf' is downloaded to processor 'ps7_cortexa9_0'.
09:52:24 INFO  : 'configparams force-mem-access 0' command is executed.
09:52:24 INFO  : ----------------XSDB Script----------------
connect -url tcp:127.0.0.1:3121
source /home/adi/repo/notes/sem3/ELD2024_LAB/lab8/lab8.sdk/design_1_wrapper_hw_platform_0/ps7_init.tcl
targets -set -nocase -filter {name =~"APU*" && jtag_cable_name =~ "Digilent Zed 210248A39C83"} -index 0
rst -system
after 3000
targets -set -nocase -filter {name =~"APU*" && jtag_cable_name =~ "Digilent Zed 210248A39C83"} -index 0
loadhw -hw /home/adi/repo/notes/sem3/ELD2024_LAB/lab8/lab8.sdk/design_1_wrapper_hw_platform_0/system.hdf -mem-ranges [list {0x40000000 0xbfffffff}]
configparams force-mem-access 1
targets -set -nocase -filter {name =~"APU*" && jtag_cable_name =~ "Digilent Zed 210248A39C83"} -index 0
ps7_init
ps7_post_config
targets -set -nocase -filter {name =~ "ARM*#0" && jtag_cable_name =~ "Digilent Zed 210248A39C83"} -index 0
dow /home/adi/repo/notes/sem3/ELD2024_LAB/lab8/lab8.sdk/lab8_P1/Debug/lab8_P1.elf
configparams force-mem-access 0
----------------End of Script----------------

09:52:24 INFO  : Context for processor 'ps7_cortexa9_0' is selected.
09:52:24 INFO  : 'con' command is executed.
09:52:24 INFO  : ----------------XSDB Script (After Launch)----------------
targets -set -nocase -filter {name =~ "ARM*#0" && jtag_cable_name =~ "Digilent Zed 210248A39C83"} -index 0
con
----------------End of Script----------------

09:52:24 INFO  : Launch script is exported to file '/home/adi/repo/notes/sem3/ELD2024_LAB/lab8/lab8.sdk/.sdk/launch_scripts/xilinx_c-c++_application_(system_debugger)/system_debugger_using_debug_lab8_p1.elf_on_local.tcl'
09:53:17 INFO  : Disconnected from the channel tcfchan#1.
09:53:18 INFO  : Connected to target on host '127.0.0.1' and port '3121'.
09:53:18 INFO  : Jtag cable 'Digilent Zed 210248A39C83' is selected.
09:53:18 INFO  : 'jtag frequency' command is executed.
09:53:18 INFO  : Sourcing of '/home/adi/repo/notes/sem3/ELD2024_LAB/lab8/lab8.sdk/design_1_wrapper_hw_platform_0/ps7_init.tcl' is done.
09:53:18 INFO  : Context for 'APU' is selected.
09:53:19 INFO  : System reset is completed.
09:53:22 INFO  : 'after 3000' command is executed.
09:53:22 INFO  : Context for 'APU' is selected.
09:53:22 INFO  : Hardware design information is loaded from '/home/adi/repo/notes/sem3/ELD2024_LAB/lab8/lab8.sdk/design_1_wrapper_hw_platform_0/system.hdf'.
09:53:22 INFO  : 'configparams force-mem-access 1' command is executed.
09:53:22 INFO  : Context for 'APU' is selected.
09:53:22 INFO  : 'ps7_init' command is executed.
09:53:22 INFO  : 'ps7_post_config' command is executed.
09:53:22 INFO  : Context for processor 'ps7_cortexa9_0' is selected.
09:53:22 INFO  : The application '/home/adi/repo/notes/sem3/ELD2024_LAB/lab8/lab8.sdk/lab8_P1/Debug/lab8_P1.elf' is downloaded to processor 'ps7_cortexa9_0'.
09:53:22 INFO  : 'configparams force-mem-access 0' command is executed.
09:53:22 INFO  : ----------------XSDB Script----------------
connect -url tcp:127.0.0.1:3121
source /home/adi/repo/notes/sem3/ELD2024_LAB/lab8/lab8.sdk/design_1_wrapper_hw_platform_0/ps7_init.tcl
targets -set -nocase -filter {name =~"APU*" && jtag_cable_name =~ "Digilent Zed 210248A39C83"} -index 0
rst -system
after 3000
targets -set -nocase -filter {name =~"APU*" && jtag_cable_name =~ "Digilent Zed 210248A39C83"} -index 0
loadhw -hw /home/adi/repo/notes/sem3/ELD2024_LAB/lab8/lab8.sdk/design_1_wrapper_hw_platform_0/system.hdf -mem-ranges [list {0x40000000 0xbfffffff}]
configparams force-mem-access 1
targets -set -nocase -filter {name =~"APU*" && jtag_cable_name =~ "Digilent Zed 210248A39C83"} -index 0
ps7_init
ps7_post_config
targets -set -nocase -filter {name =~ "ARM*#0" && jtag_cable_name =~ "Digilent Zed 210248A39C83"} -index 0
dow /home/adi/repo/notes/sem3/ELD2024_LAB/lab8/lab8.sdk/lab8_P1/Debug/lab8_P1.elf
configparams force-mem-access 0
----------------End of Script----------------

09:53:22 INFO  : Context for processor 'ps7_cortexa9_0' is selected.
09:53:22 INFO  : 'con' command is executed.
09:53:22 INFO  : ----------------XSDB Script (After Launch)----------------
targets -set -nocase -filter {name =~ "ARM*#0" && jtag_cable_name =~ "Digilent Zed 210248A39C83"} -index 0
con
----------------End of Script----------------

09:53:22 INFO  : Launch script is exported to file '/home/adi/repo/notes/sem3/ELD2024_LAB/lab8/lab8.sdk/.sdk/launch_scripts/xilinx_c-c++_application_(system_debugger)/system_debugger_using_debug_lab8_p1.elf_on_local.tcl'
09:59:15 INFO  : Disconnected from the channel tcfchan#2.
09:59:16 INFO  : Connected to target on host '127.0.0.1' and port '3121'.
09:59:16 INFO  : Jtag cable 'Digilent Zed 210248A39C83' is selected.
09:59:16 INFO  : 'jtag frequency' command is executed.
09:59:16 INFO  : Sourcing of '/home/adi/repo/notes/sem3/ELD2024_LAB/lab8/lab8.sdk/design_1_wrapper_hw_platform_0/ps7_init.tcl' is done.
09:59:16 INFO  : Context for 'APU' is selected.
09:59:16 INFO  : System reset is completed.
09:59:19 INFO  : 'after 3000' command is executed.
09:59:19 INFO  : Context for 'APU' is selected.
09:59:20 INFO  : Hardware design information is loaded from '/home/adi/repo/notes/sem3/ELD2024_LAB/lab8/lab8.sdk/design_1_wrapper_hw_platform_0/system.hdf'.
09:59:20 INFO  : 'configparams force-mem-access 1' command is executed.
09:59:20 INFO  : Context for 'APU' is selected.
09:59:20 INFO  : 'ps7_init' command is executed.
09:59:20 INFO  : 'ps7_post_config' command is executed.
09:59:20 INFO  : Context for processor 'ps7_cortexa9_0' is selected.
09:59:20 INFO  : The application '/home/adi/repo/notes/sem3/ELD2024_LAB/lab8/lab8.sdk/lab8_P1/Debug/lab8_P1.elf' is downloaded to processor 'ps7_cortexa9_0'.
09:59:20 INFO  : 'configparams force-mem-access 0' command is executed.
09:59:20 INFO  : ----------------XSDB Script----------------
connect -url tcp:127.0.0.1:3121
source /home/adi/repo/notes/sem3/ELD2024_LAB/lab8/lab8.sdk/design_1_wrapper_hw_platform_0/ps7_init.tcl
targets -set -nocase -filter {name =~"APU*" && jtag_cable_name =~ "Digilent Zed 210248A39C83"} -index 0
rst -system
after 3000
targets -set -nocase -filter {name =~"APU*" && jtag_cable_name =~ "Digilent Zed 210248A39C83"} -index 0
loadhw -hw /home/adi/repo/notes/sem3/ELD2024_LAB/lab8/lab8.sdk/design_1_wrapper_hw_platform_0/system.hdf -mem-ranges [list {0x40000000 0xbfffffff}]
configparams force-mem-access 1
targets -set -nocase -filter {name =~"APU*" && jtag_cable_name =~ "Digilent Zed 210248A39C83"} -index 0
ps7_init
ps7_post_config
targets -set -nocase -filter {name =~ "ARM*#0" && jtag_cable_name =~ "Digilent Zed 210248A39C83"} -index 0
dow /home/adi/repo/notes/sem3/ELD2024_LAB/lab8/lab8.sdk/lab8_P1/Debug/lab8_P1.elf
configparams force-mem-access 0
----------------End of Script----------------

09:59:20 INFO  : Context for processor 'ps7_cortexa9_0' is selected.
09:59:20 INFO  : 'con' command is executed.
09:59:20 INFO  : ----------------XSDB Script (After Launch)----------------
targets -set -nocase -filter {name =~ "ARM*#0" && jtag_cable_name =~ "Digilent Zed 210248A39C83"} -index 0
con
----------------End of Script----------------

09:59:20 INFO  : Launch script is exported to file '/home/adi/repo/notes/sem3/ELD2024_LAB/lab8/lab8.sdk/.sdk/launch_scripts/xilinx_c-c++_application_(system_debugger)/system_debugger_using_debug_lab8_p1.elf_on_local.tcl'
10:00:11 ERROR : (XSDB Server)ambiguous command name "st": state stop stp stpi stpout string

10:00:19 ERROR : (XSDB Server)child process exited abnormally

10:01:10 ERROR : (XSDB Server)child exited with status 1

10:08:31 ERROR : (XSDB Server)child exited with status 1

10:08:46 INFO  : Disconnected from the channel tcfchan#3.
10:08:47 INFO  : Connected to target on host '127.0.0.1' and port '3121'.
10:08:47 INFO  : Jtag cable 'Digilent Zed 210248A39C83' is selected.
10:08:47 INFO  : 'jtag frequency' command is executed.
10:08:47 INFO  : Sourcing of '/home/adi/repo/notes/sem3/ELD2024_LAB/lab8/lab8.sdk/design_1_wrapper_hw_platform_0/ps7_init.tcl' is done.
10:08:47 INFO  : Context for 'APU' is selected.
10:08:47 INFO  : System reset is completed.
10:08:50 INFO  : 'after 3000' command is executed.
10:08:50 INFO  : Context for 'APU' is selected.
10:08:51 INFO  : Hardware design information is loaded from '/home/adi/repo/notes/sem3/ELD2024_LAB/lab8/lab8.sdk/design_1_wrapper_hw_platform_0/system.hdf'.
10:08:51 INFO  : 'configparams force-mem-access 1' command is executed.
10:08:51 INFO  : Context for 'APU' is selected.
10:08:52 INFO  : 'ps7_init' command is executed.
10:08:52 INFO  : 'ps7_post_config' command is executed.
10:08:52 INFO  : Context for processor 'ps7_cortexa9_0' is selected.
10:08:52 INFO  : The application '/home/adi/repo/notes/sem3/ELD2024_LAB/lab8/lab8.sdk/lab8_P1/Debug/lab8_P1.elf' is downloaded to processor 'ps7_cortexa9_0'.
10:08:52 INFO  : 'configparams force-mem-access 0' command is executed.
10:08:52 INFO  : ----------------XSDB Script----------------
connect -url tcp:127.0.0.1:3121
source /home/adi/repo/notes/sem3/ELD2024_LAB/lab8/lab8.sdk/design_1_wrapper_hw_platform_0/ps7_init.tcl
targets -set -nocase -filter {name =~"APU*" && jtag_cable_name =~ "Digilent Zed 210248A39C83"} -index 0
rst -system
after 3000
targets -set -nocase -filter {name =~"APU*" && jtag_cable_name =~ "Digilent Zed 210248A39C83"} -index 0
loadhw -hw /home/adi/repo/notes/sem3/ELD2024_LAB/lab8/lab8.sdk/design_1_wrapper_hw_platform_0/system.hdf -mem-ranges [list {0x40000000 0xbfffffff}]
configparams force-mem-access 1
targets -set -nocase -filter {name =~"APU*" && jtag_cable_name =~ "Digilent Zed 210248A39C83"} -index 0
ps7_init
ps7_post_config
targets -set -nocase -filter {name =~ "ARM*#0" && jtag_cable_name =~ "Digilent Zed 210248A39C83"} -index 0
dow /home/adi/repo/notes/sem3/ELD2024_LAB/lab8/lab8.sdk/lab8_P1/Debug/lab8_P1.elf
configparams force-mem-access 0
----------------End of Script----------------

10:08:52 INFO  : Context for processor 'ps7_cortexa9_0' is selected.
10:08:52 INFO  : 'con' command is executed.
10:08:52 INFO  : ----------------XSDB Script (After Launch)----------------
targets -set -nocase -filter {name =~ "ARM*#0" && jtag_cable_name =~ "Digilent Zed 210248A39C83"} -index 0
con
----------------End of Script----------------

10:08:52 INFO  : Launch script is exported to file '/home/adi/repo/notes/sem3/ELD2024_LAB/lab8/lab8.sdk/.sdk/launch_scripts/xilinx_c-c++_application_(system_debugger)/system_debugger_using_debug_lab8_p1.elf_on_local.tcl'
10:12:14 INFO  : No changes in MSS file content so not generating sources.
10:21:43 INFO  : Disconnected from the channel tcfchan#4.
