INFO: [XSIM 43-3496] Using init file passed via -initfile option "/home/adi/hdd/Xilinx/Vivado/2019.1/data/xsim/ip/xsim_ip.ini".
Vivado Simulator 2019.1
Copyright 1986-1999, 2001-2019 Xilinx, Inc. All Rights Reserved.
Running: /home/adi/hdd/Xilinx/Vivado/2019.1/bin/unwrapped/lnx64.o/xelab xil_defaultlib.apatb_fft_8point_top glbl -prj fft_8point.prj -L smartconnect_v1_0 -L axi_protocol_checker_v1_1_12 -L axi_protocol_checker_v1_1_13 -L axis_protocol_checker_v1_1_11 -L axis_protocol_checker_v1_1_12 -L xil_defaultlib -L unisims -L unisims_ver -L xpm --initfile /home/adi/hdd/Xilinx/Vivado/2019.1/data/xsim/ip/xsim_ip.ini --lib ieee_proposed=./ieee_proposed -s fft_8point 
Multi-threading is on. Using 14 slave threads.
Determining compilation order of HDL files.
INFO: [VRFC 10-2263] Analyzing SystemVerilog file "/home/adi/repo/notes/sem3/ELD_A+_project/ELD_project_2/solution1/sim/vhdl/glbl.v" into library work
INFO: [VRFC 10-311] analyzing module glbl
INFO: [VRFC 10-163] Analyzing VHDL file "/home/adi/repo/notes/sem3/ELD_A+_project/ELD_project_2/solution1/sim/vhdl/AESL_sim_pkg.vhd" into library xil_defaultlib
INFO: [VRFC 10-163] Analyzing VHDL file "/home/adi/repo/notes/sem3/ELD_A+_project/ELD_project_2/solution1/sim/vhdl/ip/xil_defaultlib/fft_8point_ap_fsub_3_full_dsp_32.vhd" into library xil_defaultlib
INFO: [VRFC 10-3107] analyzing entity 'fft_8point_ap_fsub_3_full_dsp_32'
INFO: [VRFC 10-163] Analyzing VHDL file "/home/adi/repo/notes/sem3/ELD_A+_project/ELD_project_2/solution1/sim/vhdl/ip/xil_defaultlib/fft_8point_ap_fmul_2_max_dsp_32.vhd" into library xil_defaultlib
INFO: [VRFC 10-3107] analyzing entity 'fft_8point_ap_fmul_2_max_dsp_32'
INFO: [VRFC 10-163] Analyzing VHDL file "/home/adi/repo/notes/sem3/ELD_A+_project/ELD_project_2/solution1/sim/vhdl/ip/xil_defaultlib/fft_8point_ap_fadd_3_full_dsp_32.vhd" into library xil_defaultlib
INFO: [VRFC 10-3107] analyzing entity 'fft_8point_ap_fadd_3_full_dsp_32'
INFO: [VRFC 10-163] Analyzing VHDL file "/home/adi/repo/notes/sem3/ELD_A+_project/ELD_project_2/solution1/sim/vhdl/ip/xil_defaultlib/fft_8point_ap_faddfsub_3_full_dsp_32.vhd" into library xil_defaultlib
INFO: [VRFC 10-3107] analyzing entity 'fft_8point_ap_faddfsub_3_full_dsp_32'
INFO: [VRFC 10-163] Analyzing VHDL file "/home/adi/repo/notes/sem3/ELD_A+_project/ELD_project_2/solution1/sim/vhdl/fft_8point_fmul_32ns_32ns_32_4_max_dsp_1.vhd" into library xil_defaultlib
INFO: [VRFC 10-3107] analyzing entity 'fft_8point_fmul_32ns_32ns_32_4_max_dsp_1'
INFO: [VRFC 10-163] Analyzing VHDL file "/home/adi/repo/notes/sem3/ELD_A+_project/ELD_project_2/solution1/sim/vhdl/fft_8point_fsub_32ns_32ns_32_5_full_dsp_1.vhd" into library xil_defaultlib
INFO: [VRFC 10-3107] analyzing entity 'fft_8point_fsub_32ns_32ns_32_5_full_dsp_1'
INFO: [VRFC 10-163] Analyzing VHDL file "/home/adi/repo/notes/sem3/ELD_A+_project/ELD_project_2/solution1/sim/vhdl/fft_8point.autotb.vhd" into library xil_defaultlib
INFO: [VRFC 10-3107] analyzing entity 'apatb_fft_8point_top'
INFO: [VRFC 10-163] Analyzing VHDL file "/home/adi/repo/notes/sem3/ELD_A+_project/ELD_project_2/solution1/sim/vhdl/FFT_stages_temp2_M_real.vhd" into library xil_defaultlib
INFO: [VRFC 10-3107] analyzing entity 'FFT_stages_temp2_M_real_ram'
INFO: [VRFC 10-3107] analyzing entity 'FFT_stages_temp2_M_real'
INFO: [VRFC 10-163] Analyzing VHDL file "/home/adi/repo/notes/sem3/ELD_A+_project/ELD_project_2/solution1/sim/vhdl/fft_8point.vhd" into library xil_defaultlib
INFO: [VRFC 10-3107] analyzing entity 'fft_8point'
INFO: [VRFC 10-163] Analyzing VHDL file "/home/adi/repo/notes/sem3/ELD_A+_project/ELD_project_2/solution1/sim/vhdl/FFT_stages.vhd" into library xil_defaultlib
INFO: [VRFC 10-3107] analyzing entity 'FFT_stages'
INFO: [VRFC 10-163] Analyzing VHDL file "/home/adi/repo/notes/sem3/ELD_A+_project/ELD_project_2/solution1/sim/vhdl/fft_8point_fadd_32ns_32ns_32_5_full_dsp_1.vhd" into library xil_defaultlib
INFO: [VRFC 10-3107] analyzing entity 'fft_8point_fadd_32ns_32ns_32_5_full_dsp_1'
INFO: [VRFC 10-163] Analyzing VHDL file "/home/adi/repo/notes/sem3/ELD_A+_project/ELD_project_2/solution1/sim/vhdl/fft_8point_FFT_rev_M_real.vhd" into library xil_defaultlib
INFO: [VRFC 10-3107] analyzing entity 'fft_8point_FFT_rev_M_real_ram'
INFO: [VRFC 10-3107] analyzing entity 'fft_8point_FFT_rev_M_real'
INFO: [VRFC 10-163] Analyzing VHDL file "/home/adi/repo/notes/sem3/ELD_A+_project/ELD_project_2/solution1/sim/vhdl/fft_8point_mux_42_32_1_1.vhd" into library xil_defaultlib
INFO: [VRFC 10-3107] analyzing entity 'fft_8point_mux_42_32_1_1'
INFO: [VRFC 10-163] Analyzing VHDL file "/home/adi/repo/notes/sem3/ELD_A+_project/ELD_project_2/solution1/sim/vhdl/fft_8point_faddfsub_32ns_32ns_32_5_full_dsp_1.vhd" into library xil_defaultlib
INFO: [VRFC 10-3107] analyzing entity 'fft_8point_faddfsub_32ns_32ns_32_5_full_dsp_1'
INFO: [VRFC 10-163] Analyzing VHDL file "/home/adi/repo/notes/sem3/ELD_A+_project/ELD_project_2/solution1/sim/vhdl/FFT_stages_temp1_M_real.vhd" into library xil_defaultlib
INFO: [VRFC 10-3107] analyzing entity 'FFT_stages_temp1_M_real_ram'
INFO: [VRFC 10-3107] analyzing entity 'FFT_stages_temp1_M_real'
INFO: [VRFC 10-163] Analyzing VHDL file "/home/adi/repo/notes/sem3/ELD_A+_project/ELD_project_2/solution1/sim/vhdl/AESL_automem_FFT_output_M_real.vhd" into library xil_defaultlib
INFO: [VRFC 10-3107] analyzing entity 'AESL_automem_FFT_output_M_real'
INFO: [VRFC 10-163] Analyzing VHDL file "/home/adi/repo/notes/sem3/ELD_A+_project/ELD_project_2/solution1/sim/vhdl/AESL_automem_FFT_input_M_imag.vhd" into library xil_defaultlib
INFO: [VRFC 10-3107] analyzing entity 'AESL_automem_FFT_input_M_imag'
INFO: [VRFC 10-163] Analyzing VHDL file "/home/adi/repo/notes/sem3/ELD_A+_project/ELD_project_2/solution1/sim/vhdl/fft_8point_rev8.vhd" into library xil_defaultlib
INFO: [VRFC 10-3107] analyzing entity 'fft_8point_rev8_rom'
INFO: [VRFC 10-3107] analyzing entity 'fft_8point_rev8'
INFO: [VRFC 10-163] Analyzing VHDL file "/home/adi/repo/notes/sem3/ELD_A+_project/ELD_project_2/solution1/sim/vhdl/AESL_automem_FFT_output_M_imag.vhd" into library xil_defaultlib
INFO: [VRFC 10-3107] analyzing entity 'AESL_automem_FFT_output_M_imag'
INFO: [VRFC 10-163] Analyzing VHDL file "/home/adi/repo/notes/sem3/ELD_A+_project/ELD_project_2/solution1/sim/vhdl/AESL_automem_FFT_input_M_real.vhd" into library xil_defaultlib
INFO: [VRFC 10-3107] analyzing entity 'AESL_automem_FFT_input_M_real'
Starting static elaboration
WARNING: [VRFC 10-3499] library name 'floating_point_v7_1_8' of instantiated unit conflicts with visible identifier [ip/xil_defaultlib/fft_8point_ap_faddfsub_3_full_dsp_32.vhd:206]
WARNING: [VRFC 10-3499] library name 'floating_point_v7_1_8' of instantiated unit conflicts with visible identifier [ip/xil_defaultlib/fft_8point_ap_fadd_3_full_dsp_32.vhd:201]
WARNING: [VRFC 10-3499] library name 'floating_point_v7_1_8' of instantiated unit conflicts with visible identifier [ip/xil_defaultlib/fft_8point_ap_fsub_3_full_dsp_32.vhd:201]
WARNING: [VRFC 10-3499] library name 'floating_point_v7_1_8' of instantiated unit conflicts with visible identifier [ip/xil_defaultlib/fft_8point_ap_fmul_2_max_dsp_32.vhd:201]
Completed static elaboration
ERROR: [XSIM 43-3316] Signal SIGSEGV received.
Printing stacktrace...

[0] /home/adi/hdd/Xilinx/Vivado/2019.1/lib/lnx64.o/Default/libstdc++.so.6(std::_Rb_tree_increment(std::_Rb_tree_node_base const*)+0x22) [0x74448dea5b82]
[1] /home/adi/hdd/Xilinx/Vivado/2019.1/bin/unwrapped/lnx64.o/xelab() [0x74dfe8]
[2] /home/adi/hdd/Xilinx/Vivado/2019.1/bin/unwrapped/lnx64.o/xelab() [0x70fc32]
[3] /home/adi/hdd/Xilinx/Vivado/2019.1/bin/unwrapped/lnx64.o/xelab() [0x71027e]
[4] /home/adi/hdd/Xilinx/Vivado/2019.1/bin/unwrapped/lnx64.o/xelab() [0x710641]
[5] /home/adi/hdd/Xilinx/Vivado/2019.1/bin/unwrapped/lnx64.o/xelab() [0x710430]
[6] /home/adi/hdd/Xilinx/Vivado/2019.1/bin/unwrapped/lnx64.o/xelab() [0x710430]
[7] /home/adi/hdd/Xilinx/Vivado/2019.1/bin/unwrapped/lnx64.o/xelab() [0x710430]
[8] /home/adi/hdd/Xilinx/Vivado/2019.1/bin/unwrapped/lnx64.o/xelab() [0x710430]
[9] /home/adi/hdd/Xilinx/Vivado/2019.1/bin/unwrapped/lnx64.o/xelab() [0x710430]
[10] /home/adi/hdd/Xilinx/Vivado/2019.1/bin/unwrapped/lnx64.o/xelab() [0x710430]
[11] /home/adi/hdd/Xilinx/Vivado/2019.1/bin/unwrapped/lnx64.o/xelab() [0x710430]
[12] /home/adi/hdd/Xilinx/Vivado/2019.1/bin/unwrapped/lnx64.o/xelab() [0x710430]
[13] /home/adi/hdd/Xilinx/Vivado/2019.1/bin/unwrapped/lnx64.o/xelab() [0x70f9a9]
[14] /home/adi/hdd/Xilinx/Vivado/2019.1/bin/unwrapped/lnx64.o/xelab() [0x71027e]
[15] /home/adi/hdd/Xilinx/Vivado/2019.1/bin/unwrapped/lnx64.o/xelab() [0x6bdd24]
[16] /home/adi/hdd/Xilinx/Vivado/2019.1/bin/unwrapped/lnx64.o/xelab() [0x473c97]
[17] /home/adi/hdd/Xilinx/Vivado/2019.1/bin/unwrapped/lnx64.o/xelab() [0x47d4ee]
[18] /home/adi/hdd/Xilinx/Vivado/2019.1/bin/unwrapped/lnx64.o/xelab() [0x44ffcd]
[19] /usr/lib/libc.so.6(+0x25e08) [0x744491634e08]
[20] /usr/lib/libc.so.6(__libc_start_main+0x8c) [0x744491634ecc]
[21] /home/adi/hdd/Xilinx/Vivado/2019.1/bin/unwrapped/lnx64.o/xelab() [0x467e00]

Done
ERROR: Please check the snapshot name which is created during 'xelab',the current snapshot name "xsim.dir/fft_8point/xsimk" does not exist 
