
*** Running vivado
    with args -log design_1_axis_dwidth_converter_0_0.vds -m64 -product Vivado -mode batch -messageDb vivado.pb -notrace -source design_1_axis_dwidth_converter_0_0.tcl


****** Vivado v2019.1 (64-bit)
  **** SW Build 2552052 on Fri May 24 14:47:09 MDT 2019
  **** IP Build 2548770 on Fri May 24 18:01:18 MDT 2019
    ** Copyright 1986-2019 Xilinx, Inc. All Rights Reserved.

source design_1_axis_dwidth_converter_0_0.tcl -notrace
Command: synth_design -top design_1_axis_dwidth_converter_0_0 -part xc7z020clg484-1 -mode out_of_context
Starting synth_design
Attempting to get a license for feature 'Synthesis' and/or device 'xc7z020'
INFO: [Common 17-349] Got license for feature 'Synthesis' and/or device 'xc7z020'
INFO: [Device 21-403] Loading part xc7z020clg484-1
INFO: Launching helper process for spawning children vivado processes
INFO: Helper process launched with PID 4718 
---------------------------------------------------------------------------------
Starting RTL Elaboration : Time (s): cpu = 00:00:03 ; elapsed = 00:00:05 . Memory (MB): peak = 1782.438 ; gain = 152.469 ; free physical = 2607 ; free virtual = 5511
---------------------------------------------------------------------------------
INFO: [Synth 8-6157] synthesizing module 'design_1_axis_dwidth_converter_0_0' [/home/adi/repo/notes/sem3/ELD2024_LAB/eld_endsem/eld_endsem.srcs/sources_1/bd/design_1/ip/design_1_axis_dwidth_converter_0_0/synth/design_1_axis_dwidth_converter_0_0.v:57]
INFO: [Synth 8-6157] synthesizing module 'axis_dwidth_converter_v1_1_18_axis_dwidth_converter' [/home/adi/repo/notes/sem3/ELD2024_LAB/eld_endsem/eld_endsem.srcs/sources_1/bd/design_1/ipshared/7d46/hdl/axis_dwidth_converter_v1_1_vl_rfs.v:810]
	Parameter C_FAMILY bound to: zynq - type: string 
	Parameter C_S_AXIS_TDATA_WIDTH bound to: 32 - type: integer 
	Parameter C_M_AXIS_TDATA_WIDTH bound to: 64 - type: integer 
	Parameter C_AXIS_TID_WIDTH bound to: 1 - type: integer 
	Parameter C_AXIS_TDEST_WIDTH bound to: 1 - type: integer 
	Parameter C_S_AXIS_TUSER_WIDTH bound to: 1 - type: integer 
	Parameter C_M_AXIS_TUSER_WIDTH bound to: 1 - type: integer 
	Parameter C_AXIS_SIGNAL_SET bound to: 32'b00000000000000000000000000000011 
	Parameter G_INDX_SS_TREADY bound to: 0 - type: integer 
	Parameter G_INDX_SS_TDATA bound to: 1 - type: integer 
	Parameter G_INDX_SS_TSTRB bound to: 2 - type: integer 
	Parameter G_INDX_SS_TKEEP bound to: 3 - type: integer 
	Parameter G_INDX_SS_TLAST bound to: 4 - type: integer 
	Parameter G_INDX_SS_TID bound to: 5 - type: integer 
	Parameter G_INDX_SS_TDEST bound to: 6 - type: integer 
	Parameter G_INDX_SS_TUSER bound to: 7 - type: integer 
	Parameter G_MASK_SS_TREADY bound to: 1 - type: integer 
	Parameter G_MASK_SS_TDATA bound to: 2 - type: integer 
	Parameter G_MASK_SS_TSTRB bound to: 4 - type: integer 
	Parameter G_MASK_SS_TKEEP bound to: 8 - type: integer 
	Parameter G_MASK_SS_TLAST bound to: 16 - type: integer 
	Parameter G_MASK_SS_TID bound to: 32 - type: integer 
	Parameter G_MASK_SS_TDEST bound to: 64 - type: integer 
	Parameter G_MASK_SS_TUSER bound to: 128 - type: integer 
	Parameter G_TASK_SEVERITY_ERR bound to: 2 - type: integer 
	Parameter G_TASK_SEVERITY_WARNING bound to: 1 - type: integer 
	Parameter G_TASK_SEVERITY_INFO bound to: 0 - type: integer 
	Parameter P_SS_TKEEP_REQUIRED bound to: 0 - type: integer 
	Parameter P_AXIS_SIGNAL_SET bound to: 32'b00000000000000000000000000000011 
	Parameter P_S_RATIO bound to: 2 - type: integer 
	Parameter P_M_RATIO bound to: 1 - type: integer 
	Parameter P_D2_TDATA_WIDTH bound to: 64 - type: integer 
	Parameter P_D1_TUSER_WIDTH bound to: 4 - type: integer 
	Parameter P_D2_TUSER_WIDTH bound to: 8 - type: integer 
	Parameter P_D3_TUSER_WIDTH bound to: 8 - type: integer 
	Parameter P_D1_REG_CONFIG bound to: 0 - type: integer 
	Parameter P_D3_REG_CONFIG bound to: 0 - type: integer 
INFO: [Synth 8-6157] synthesizing module 'axis_dwidth_converter_v1_1_18_axisc_upsizer' [/home/adi/repo/notes/sem3/ELD2024_LAB/eld_endsem/eld_endsem.srcs/sources_1/bd/design_1/ipshared/7d46/hdl/axis_dwidth_converter_v1_1_vl_rfs.v:437]
	Parameter C_FAMILY bound to: zynq - type: string 
	Parameter C_S_AXIS_TDATA_WIDTH bound to: 32 - type: integer 
	Parameter C_M_AXIS_TDATA_WIDTH bound to: 64 - type: integer 
	Parameter C_AXIS_TID_WIDTH bound to: 1 - type: integer 
	Parameter C_AXIS_TDEST_WIDTH bound to: 1 - type: integer 
	Parameter C_S_AXIS_TUSER_WIDTH bound to: 4 - type: integer 
	Parameter C_M_AXIS_TUSER_WIDTH bound to: 8 - type: integer 
	Parameter C_AXIS_SIGNAL_SET bound to: 32'b00000000000000000000000000000011 
	Parameter C_RATIO bound to: 2 - type: integer 
	Parameter G_INDX_SS_TREADY bound to: 0 - type: integer 
	Parameter G_INDX_SS_TDATA bound to: 1 - type: integer 
	Parameter G_INDX_SS_TSTRB bound to: 2 - type: integer 
	Parameter G_INDX_SS_TKEEP bound to: 3 - type: integer 
	Parameter G_INDX_SS_TLAST bound to: 4 - type: integer 
	Parameter G_INDX_SS_TID bound to: 5 - type: integer 
	Parameter G_INDX_SS_TDEST bound to: 6 - type: integer 
	Parameter G_INDX_SS_TUSER bound to: 7 - type: integer 
	Parameter G_MASK_SS_TREADY bound to: 1 - type: integer 
	Parameter G_MASK_SS_TDATA bound to: 2 - type: integer 
	Parameter G_MASK_SS_TSTRB bound to: 4 - type: integer 
	Parameter G_MASK_SS_TKEEP bound to: 8 - type: integer 
	Parameter G_MASK_SS_TLAST bound to: 16 - type: integer 
	Parameter G_MASK_SS_TID bound to: 32 - type: integer 
	Parameter G_MASK_SS_TDEST bound to: 64 - type: integer 
	Parameter G_MASK_SS_TUSER bound to: 128 - type: integer 
	Parameter G_TASK_SEVERITY_ERR bound to: 2 - type: integer 
	Parameter G_TASK_SEVERITY_WARNING bound to: 1 - type: integer 
	Parameter G_TASK_SEVERITY_INFO bound to: 0 - type: integer 
	Parameter P_READY_EXIST bound to: 1'b1 
	Parameter P_DATA_EXIST bound to: 1'b1 
	Parameter P_STRB_EXIST bound to: 1'b0 
	Parameter P_KEEP_EXIST bound to: 1'b0 
	Parameter P_LAST_EXIST bound to: 1'b0 
	Parameter P_ID_EXIST bound to: 1'b0 
	Parameter P_DEST_EXIST bound to: 1'b0 
	Parameter P_USER_EXIST bound to: 1'b0 
	Parameter P_S_AXIS_TSTRB_WIDTH bound to: 4 - type: integer 
	Parameter P_M_AXIS_TSTRB_WIDTH bound to: 8 - type: integer 
	Parameter SM_RESET bound to: 3'b000 
	Parameter SM_IDLE bound to: 3'b001 
	Parameter SM_ACTIVE bound to: 3'b101 
	Parameter SM_END bound to: 3'b011 
	Parameter SM_END_TO_ACTIVE bound to: 3'b010 
INFO: [Synth 8-5534] Detected attribute (* fsm_encoding = "none" *) [/home/adi/repo/notes/sem3/ELD2024_LAB/eld_endsem/eld_endsem.srcs/sources_1/bd/design_1/ipshared/7d46/hdl/axis_dwidth_converter_v1_1_vl_rfs.v:525]
INFO: [Synth 8-6155] done synthesizing module 'axis_dwidth_converter_v1_1_18_axisc_upsizer' (1#1) [/home/adi/repo/notes/sem3/ELD2024_LAB/eld_endsem/eld_endsem.srcs/sources_1/bd/design_1/ipshared/7d46/hdl/axis_dwidth_converter_v1_1_vl_rfs.v:437]
INFO: [Synth 8-6157] synthesizing module 'axis_register_slice_v1_1_19_axis_register_slice' [/home/adi/repo/notes/sem3/ELD2024_LAB/eld_endsem/eld_endsem.srcs/sources_1/bd/design_1/ipshared/635c/hdl/axis_register_slice_v1_1_vl_rfs.v:2594]
	Parameter C_FAMILY bound to: zynq - type: string 
	Parameter C_AXIS_TDATA_WIDTH bound to: 32 - type: integer 
	Parameter C_AXIS_TID_WIDTH bound to: 1 - type: integer 
	Parameter C_AXIS_TDEST_WIDTH bound to: 1 - type: integer 
	Parameter C_AXIS_TUSER_WIDTH bound to: 4 - type: integer 
	Parameter C_AXIS_SIGNAL_SET bound to: 32'b00000000000000000000000000000011 
	Parameter C_REG_CONFIG bound to: 0 - type: integer 
	Parameter C_NUM_SLR_CROSSINGS bound to: 0 - type: integer 
	Parameter C_PIPELINES_MASTER bound to: 0 - type: integer 
	Parameter C_PIPELINES_SLAVE bound to: 0 - type: integer 
	Parameter C_PIPELINES_MIDDLE bound to: 0 - type: integer 
	Parameter G_INDX_SS_TREADY bound to: 0 - type: integer 
	Parameter G_INDX_SS_TDATA bound to: 1 - type: integer 
	Parameter G_INDX_SS_TSTRB bound to: 2 - type: integer 
	Parameter G_INDX_SS_TKEEP bound to: 3 - type: integer 
	Parameter G_INDX_SS_TLAST bound to: 4 - type: integer 
	Parameter G_INDX_SS_TID bound to: 5 - type: integer 
	Parameter G_INDX_SS_TDEST bound to: 6 - type: integer 
	Parameter G_INDX_SS_TUSER bound to: 7 - type: integer 
	Parameter G_MASK_SS_TREADY bound to: 1 - type: integer 
	Parameter G_MASK_SS_TDATA bound to: 2 - type: integer 
	Parameter G_MASK_SS_TSTRB bound to: 4 - type: integer 
	Parameter G_MASK_SS_TKEEP bound to: 8 - type: integer 
	Parameter G_MASK_SS_TLAST bound to: 16 - type: integer 
	Parameter G_MASK_SS_TID bound to: 32 - type: integer 
	Parameter G_MASK_SS_TDEST bound to: 64 - type: integer 
	Parameter G_MASK_SS_TUSER bound to: 128 - type: integer 
	Parameter G_TASK_SEVERITY_ERR bound to: 2 - type: integer 
	Parameter G_TASK_SEVERITY_WARNING bound to: 1 - type: integer 
	Parameter G_TASK_SEVERITY_INFO bound to: 0 - type: integer 
	Parameter P_TPAYLOAD_WIDTH bound to: 32 - type: integer 
INFO: [Synth 8-6157] synthesizing module 'axis_infrastructure_v1_1_0_util_axis2vector' [/home/adi/repo/notes/sem3/ELD2024_LAB/eld_endsem/eld_endsem.srcs/sources_1/bd/design_1/ipshared/8713/hdl/axis_infrastructure_v1_1_vl_rfs.v:810]
	Parameter C_TDATA_WIDTH bound to: 32 - type: integer 
	Parameter C_TID_WIDTH bound to: 1 - type: integer 
	Parameter C_TDEST_WIDTH bound to: 1 - type: integer 
	Parameter C_TUSER_WIDTH bound to: 4 - type: integer 
	Parameter C_TPAYLOAD_WIDTH bound to: 32 - type: integer 
	Parameter C_SIGNAL_SET bound to: 32'b00000000000000000000000000000011 
	Parameter G_INDX_SS_TREADY bound to: 0 - type: integer 
	Parameter G_INDX_SS_TDATA bound to: 1 - type: integer 
	Parameter G_INDX_SS_TSTRB bound to: 2 - type: integer 
	Parameter G_INDX_SS_TKEEP bound to: 3 - type: integer 
	Parameter G_INDX_SS_TLAST bound to: 4 - type: integer 
	Parameter G_INDX_SS_TID bound to: 5 - type: integer 
	Parameter G_INDX_SS_TDEST bound to: 6 - type: integer 
	Parameter G_INDX_SS_TUSER bound to: 7 - type: integer 
	Parameter G_MASK_SS_TREADY bound to: 1 - type: integer 
	Parameter G_MASK_SS_TDATA bound to: 2 - type: integer 
	Parameter G_MASK_SS_TSTRB bound to: 4 - type: integer 
	Parameter G_MASK_SS_TKEEP bound to: 8 - type: integer 
	Parameter G_MASK_SS_TLAST bound to: 16 - type: integer 
	Parameter G_MASK_SS_TID bound to: 32 - type: integer 
	Parameter G_MASK_SS_TDEST bound to: 64 - type: integer 
	Parameter G_MASK_SS_TUSER bound to: 128 - type: integer 
	Parameter G_TASK_SEVERITY_ERR bound to: 2 - type: integer 
	Parameter G_TASK_SEVERITY_WARNING bound to: 1 - type: integer 
	Parameter G_TASK_SEVERITY_INFO bound to: 0 - type: integer 
	Parameter P_TDATA_INDX bound to: 0 - type: integer 
	Parameter P_TSTRB_INDX bound to: 32 - type: integer 
	Parameter P_TKEEP_INDX bound to: 32 - type: integer 
	Parameter P_TLAST_INDX bound to: 32 - type: integer 
	Parameter P_TID_INDX bound to: 32 - type: integer 
	Parameter P_TDEST_INDX bound to: 32 - type: integer 
	Parameter P_TUSER_INDX bound to: 32 - type: integer 
INFO: [Synth 8-6155] done synthesizing module 'axis_infrastructure_v1_1_0_util_axis2vector' (2#1) [/home/adi/repo/notes/sem3/ELD2024_LAB/eld_endsem/eld_endsem.srcs/sources_1/bd/design_1/ipshared/8713/hdl/axis_infrastructure_v1_1_vl_rfs.v:810]
INFO: [Synth 8-6157] synthesizing module 'axis_register_slice_v1_1_19_axisc_register_slice' [/home/adi/repo/notes/sem3/ELD2024_LAB/eld_endsem/eld_endsem.srcs/sources_1/bd/design_1/ipshared/635c/hdl/axis_register_slice_v1_1_vl_rfs.v:1751]
	Parameter C_FAMILY bound to: zynq - type: string 
	Parameter C_DATA_WIDTH bound to: 32 - type: integer 
	Parameter C_REG_CONFIG bound to: 0 - type: integer 
	Parameter C_NUM_SLR_CROSSINGS bound to: 0 - type: integer 
	Parameter C_PIPELINES_MASTER bound to: 0 - type: integer 
	Parameter C_PIPELINES_SLAVE bound to: 0 - type: integer 
	Parameter C_PIPELINES_MIDDLE bound to: 0 - type: integer 
INFO: [Synth 8-6155] done synthesizing module 'axis_register_slice_v1_1_19_axisc_register_slice' (3#1) [/home/adi/repo/notes/sem3/ELD2024_LAB/eld_endsem/eld_endsem.srcs/sources_1/bd/design_1/ipshared/635c/hdl/axis_register_slice_v1_1_vl_rfs.v:1751]
INFO: [Synth 8-6157] synthesizing module 'axis_infrastructure_v1_1_0_util_vector2axis' [/home/adi/repo/notes/sem3/ELD2024_LAB/eld_endsem/eld_endsem.srcs/sources_1/bd/design_1/ipshared/8713/hdl/axis_infrastructure_v1_1_vl_rfs.v:992]
	Parameter C_TDATA_WIDTH bound to: 32 - type: integer 
	Parameter C_TID_WIDTH bound to: 1 - type: integer 
	Parameter C_TDEST_WIDTH bound to: 1 - type: integer 
	Parameter C_TUSER_WIDTH bound to: 4 - type: integer 
	Parameter C_TPAYLOAD_WIDTH bound to: 32 - type: integer 
	Parameter C_SIGNAL_SET bound to: 32'b00000000000000000000000000000011 
	Parameter G_INDX_SS_TREADY bound to: 0 - type: integer 
	Parameter G_INDX_SS_TDATA bound to: 1 - type: integer 
	Parameter G_INDX_SS_TSTRB bound to: 2 - type: integer 
	Parameter G_INDX_SS_TKEEP bound to: 3 - type: integer 
	Parameter G_INDX_SS_TLAST bound to: 4 - type: integer 
	Parameter G_INDX_SS_TID bound to: 5 - type: integer 
	Parameter G_INDX_SS_TDEST bound to: 6 - type: integer 
	Parameter G_INDX_SS_TUSER bound to: 7 - type: integer 
	Parameter G_MASK_SS_TREADY bound to: 1 - type: integer 
	Parameter G_MASK_SS_TDATA bound to: 2 - type: integer 
	Parameter G_MASK_SS_TSTRB bound to: 4 - type: integer 
	Parameter G_MASK_SS_TKEEP bound to: 8 - type: integer 
	Parameter G_MASK_SS_TLAST bound to: 16 - type: integer 
	Parameter G_MASK_SS_TID bound to: 32 - type: integer 
	Parameter G_MASK_SS_TDEST bound to: 64 - type: integer 
	Parameter G_MASK_SS_TUSER bound to: 128 - type: integer 
	Parameter G_TASK_SEVERITY_ERR bound to: 2 - type: integer 
	Parameter G_TASK_SEVERITY_WARNING bound to: 1 - type: integer 
	Parameter G_TASK_SEVERITY_INFO bound to: 0 - type: integer 
	Parameter P_TDATA_INDX bound to: 0 - type: integer 
	Parameter P_TSTRB_INDX bound to: 32 - type: integer 
	Parameter P_TKEEP_INDX bound to: 32 - type: integer 
	Parameter P_TLAST_INDX bound to: 32 - type: integer 
	Parameter P_TID_INDX bound to: 32 - type: integer 
	Parameter P_TDEST_INDX bound to: 32 - type: integer 
	Parameter P_TUSER_INDX bound to: 32 - type: integer 
INFO: [Synth 8-6155] done synthesizing module 'axis_infrastructure_v1_1_0_util_vector2axis' (4#1) [/home/adi/repo/notes/sem3/ELD2024_LAB/eld_endsem/eld_endsem.srcs/sources_1/bd/design_1/ipshared/8713/hdl/axis_infrastructure_v1_1_vl_rfs.v:992]
INFO: [Synth 8-6155] done synthesizing module 'axis_register_slice_v1_1_19_axis_register_slice' (5#1) [/home/adi/repo/notes/sem3/ELD2024_LAB/eld_endsem/eld_endsem.srcs/sources_1/bd/design_1/ipshared/635c/hdl/axis_register_slice_v1_1_vl_rfs.v:2594]
INFO: [Synth 8-6157] synthesizing module 'axis_register_slice_v1_1_19_axis_register_slice__parameterized0' [/home/adi/repo/notes/sem3/ELD2024_LAB/eld_endsem/eld_endsem.srcs/sources_1/bd/design_1/ipshared/635c/hdl/axis_register_slice_v1_1_vl_rfs.v:2594]
	Parameter C_FAMILY bound to: zynq - type: string 
	Parameter C_AXIS_TDATA_WIDTH bound to: 64 - type: integer 
	Parameter C_AXIS_TID_WIDTH bound to: 1 - type: integer 
	Parameter C_AXIS_TDEST_WIDTH bound to: 1 - type: integer 
	Parameter C_AXIS_TUSER_WIDTH bound to: 8 - type: integer 
	Parameter C_AXIS_SIGNAL_SET bound to: 32'b00000000000000000000000000000011 
	Parameter C_REG_CONFIG bound to: 0 - type: integer 
	Parameter C_NUM_SLR_CROSSINGS bound to: 0 - type: integer 
	Parameter C_PIPELINES_MASTER bound to: 0 - type: integer 
	Parameter C_PIPELINES_SLAVE bound to: 0 - type: integer 
	Parameter C_PIPELINES_MIDDLE bound to: 0 - type: integer 
	Parameter G_INDX_SS_TREADY bound to: 0 - type: integer 
	Parameter G_INDX_SS_TDATA bound to: 1 - type: integer 
	Parameter G_INDX_SS_TSTRB bound to: 2 - type: integer 
	Parameter G_INDX_SS_TKEEP bound to: 3 - type: integer 
	Parameter G_INDX_SS_TLAST bound to: 4 - type: integer 
	Parameter G_INDX_SS_TID bound to: 5 - type: integer 
	Parameter G_INDX_SS_TDEST bound to: 6 - type: integer 
	Parameter G_INDX_SS_TUSER bound to: 7 - type: integer 
	Parameter G_MASK_SS_TREADY bound to: 1 - type: integer 
	Parameter G_MASK_SS_TDATA bound to: 2 - type: integer 
	Parameter G_MASK_SS_TSTRB bound to: 4 - type: integer 
	Parameter G_MASK_SS_TKEEP bound to: 8 - type: integer 
	Parameter G_MASK_SS_TLAST bound to: 16 - type: integer 
	Parameter G_MASK_SS_TID bound to: 32 - type: integer 
	Parameter G_MASK_SS_TDEST bound to: 64 - type: integer 
	Parameter G_MASK_SS_TUSER bound to: 128 - type: integer 
	Parameter G_TASK_SEVERITY_ERR bound to: 2 - type: integer 
	Parameter G_TASK_SEVERITY_WARNING bound to: 1 - type: integer 
	Parameter G_TASK_SEVERITY_INFO bound to: 0 - type: integer 
	Parameter P_TPAYLOAD_WIDTH bound to: 64 - type: integer 
INFO: [Synth 8-6157] synthesizing module 'axis_infrastructure_v1_1_0_util_axis2vector__parameterized0' [/home/adi/repo/notes/sem3/ELD2024_LAB/eld_endsem/eld_endsem.srcs/sources_1/bd/design_1/ipshared/8713/hdl/axis_infrastructure_v1_1_vl_rfs.v:810]
	Parameter C_TDATA_WIDTH bound to: 64 - type: integer 
	Parameter C_TID_WIDTH bound to: 1 - type: integer 
	Parameter C_TDEST_WIDTH bound to: 1 - type: integer 
	Parameter C_TUSER_WIDTH bound to: 8 - type: integer 
	Parameter C_TPAYLOAD_WIDTH bound to: 64 - type: integer 
	Parameter C_SIGNAL_SET bound to: 32'b00000000000000000000000000000011 
	Parameter G_INDX_SS_TREADY bound to: 0 - type: integer 
	Parameter G_INDX_SS_TDATA bound to: 1 - type: integer 
	Parameter G_INDX_SS_TSTRB bound to: 2 - type: integer 
	Parameter G_INDX_SS_TKEEP bound to: 3 - type: integer 
	Parameter G_INDX_SS_TLAST bound to: 4 - type: integer 
	Parameter G_INDX_SS_TID bound to: 5 - type: integer 
	Parameter G_INDX_SS_TDEST bound to: 6 - type: integer 
	Parameter G_INDX_SS_TUSER bound to: 7 - type: integer 
	Parameter G_MASK_SS_TREADY bound to: 1 - type: integer 
	Parameter G_MASK_SS_TDATA bound to: 2 - type: integer 
	Parameter G_MASK_SS_TSTRB bound to: 4 - type: integer 
	Parameter G_MASK_SS_TKEEP bound to: 8 - type: integer 
	Parameter G_MASK_SS_TLAST bound to: 16 - type: integer 
	Parameter G_MASK_SS_TID bound to: 32 - type: integer 
	Parameter G_MASK_SS_TDEST bound to: 64 - type: integer 
	Parameter G_MASK_SS_TUSER bound to: 128 - type: integer 
	Parameter G_TASK_SEVERITY_ERR bound to: 2 - type: integer 
	Parameter G_TASK_SEVERITY_WARNING bound to: 1 - type: integer 
	Parameter G_TASK_SEVERITY_INFO bound to: 0 - type: integer 
	Parameter P_TDATA_INDX bound to: 0 - type: integer 
	Parameter P_TSTRB_INDX bound to: 64 - type: integer 
	Parameter P_TKEEP_INDX bound to: 64 - type: integer 
	Parameter P_TLAST_INDX bound to: 64 - type: integer 
	Parameter P_TID_INDX bound to: 64 - type: integer 
	Parameter P_TDEST_INDX bound to: 64 - type: integer 
	Parameter P_TUSER_INDX bound to: 64 - type: integer 
INFO: [Synth 8-6155] done synthesizing module 'axis_infrastructure_v1_1_0_util_axis2vector__parameterized0' (5#1) [/home/adi/repo/notes/sem3/ELD2024_LAB/eld_endsem/eld_endsem.srcs/sources_1/bd/design_1/ipshared/8713/hdl/axis_infrastructure_v1_1_vl_rfs.v:810]
INFO: [Synth 8-6157] synthesizing module 'axis_register_slice_v1_1_19_axisc_register_slice__parameterized0' [/home/adi/repo/notes/sem3/ELD2024_LAB/eld_endsem/eld_endsem.srcs/sources_1/bd/design_1/ipshared/635c/hdl/axis_register_slice_v1_1_vl_rfs.v:1751]
	Parameter C_FAMILY bound to: zynq - type: string 
	Parameter C_DATA_WIDTH bound to: 64 - type: integer 
	Parameter C_REG_CONFIG bound to: 0 - type: integer 
	Parameter C_NUM_SLR_CROSSINGS bound to: 0 - type: integer 
	Parameter C_PIPELINES_MASTER bound to: 0 - type: integer 
	Parameter C_PIPELINES_SLAVE bound to: 0 - type: integer 
	Parameter C_PIPELINES_MIDDLE bound to: 0 - type: integer 
INFO: [Synth 8-6155] done synthesizing module 'axis_register_slice_v1_1_19_axisc_register_slice__parameterized0' (5#1) [/home/adi/repo/notes/sem3/ELD2024_LAB/eld_endsem/eld_endsem.srcs/sources_1/bd/design_1/ipshared/635c/hdl/axis_register_slice_v1_1_vl_rfs.v:1751]
INFO: [Synth 8-6157] synthesizing module 'axis_infrastructure_v1_1_0_util_vector2axis__parameterized0' [/home/adi/repo/notes/sem3/ELD2024_LAB/eld_endsem/eld_endsem.srcs/sources_1/bd/design_1/ipshared/8713/hdl/axis_infrastructure_v1_1_vl_rfs.v:992]
	Parameter C_TDATA_WIDTH bound to: 64 - type: integer 
	Parameter C_TID_WIDTH bound to: 1 - type: integer 
	Parameter C_TDEST_WIDTH bound to: 1 - type: integer 
	Parameter C_TUSER_WIDTH bound to: 8 - type: integer 
	Parameter C_TPAYLOAD_WIDTH bound to: 64 - type: integer 
	Parameter C_SIGNAL_SET bound to: 32'b00000000000000000000000000000011 
	Parameter G_INDX_SS_TREADY bound to: 0 - type: integer 
	Parameter G_INDX_SS_TDATA bound to: 1 - type: integer 
	Parameter G_INDX_SS_TSTRB bound to: 2 - type: integer 
	Parameter G_INDX_SS_TKEEP bound to: 3 - type: integer 
	Parameter G_INDX_SS_TLAST bound to: 4 - type: integer 
	Parameter G_INDX_SS_TID bound to: 5 - type: integer 
	Parameter G_INDX_SS_TDEST bound to: 6 - type: integer 
	Parameter G_INDX_SS_TUSER bound to: 7 - type: integer 
	Parameter G_MASK_SS_TREADY bound to: 1 - type: integer 
	Parameter G_MASK_SS_TDATA bound to: 2 - type: integer 
	Parameter G_MASK_SS_TSTRB bound to: 4 - type: integer 
	Parameter G_MASK_SS_TKEEP bound to: 8 - type: integer 
	Parameter G_MASK_SS_TLAST bound to: 16 - type: integer 
	Parameter G_MASK_SS_TID bound to: 32 - type: integer 
	Parameter G_MASK_SS_TDEST bound to: 64 - type: integer 
	Parameter G_MASK_SS_TUSER bound to: 128 - type: integer 
	Parameter G_TASK_SEVERITY_ERR bound to: 2 - type: integer 
	Parameter G_TASK_SEVERITY_WARNING bound to: 1 - type: integer 
	Parameter G_TASK_SEVERITY_INFO bound to: 0 - type: integer 
	Parameter P_TDATA_INDX bound to: 0 - type: integer 
	Parameter P_TSTRB_INDX bound to: 64 - type: integer 
	Parameter P_TKEEP_INDX bound to: 64 - type: integer 
	Parameter P_TLAST_INDX bound to: 64 - type: integer 
	Parameter P_TID_INDX bound to: 64 - type: integer 
	Parameter P_TDEST_INDX bound to: 64 - type: integer 
	Parameter P_TUSER_INDX bound to: 64 - type: integer 
INFO: [Synth 8-6155] done synthesizing module 'axis_infrastructure_v1_1_0_util_vector2axis__parameterized0' (5#1) [/home/adi/repo/notes/sem3/ELD2024_LAB/eld_endsem/eld_endsem.srcs/sources_1/bd/design_1/ipshared/8713/hdl/axis_infrastructure_v1_1_vl_rfs.v:992]
INFO: [Synth 8-6155] done synthesizing module 'axis_register_slice_v1_1_19_axis_register_slice__parameterized0' (5#1) [/home/adi/repo/notes/sem3/ELD2024_LAB/eld_endsem/eld_endsem.srcs/sources_1/bd/design_1/ipshared/635c/hdl/axis_register_slice_v1_1_vl_rfs.v:2594]
INFO: [Synth 8-6155] done synthesizing module 'axis_dwidth_converter_v1_1_18_axis_dwidth_converter' (6#1) [/home/adi/repo/notes/sem3/ELD2024_LAB/eld_endsem/eld_endsem.srcs/sources_1/bd/design_1/ipshared/7d46/hdl/axis_dwidth_converter_v1_1_vl_rfs.v:810]
INFO: [Synth 8-6155] done synthesizing module 'design_1_axis_dwidth_converter_0_0' (7#1) [/home/adi/repo/notes/sem3/ELD2024_LAB/eld_endsem/eld_endsem.srcs/sources_1/bd/design_1/ip/design_1_axis_dwidth_converter_0_0/synth/design_1_axis_dwidth_converter_0_0.v:57]
WARNING: [Synth 8-3331] design axis_register_slice_v1_1_19_axisc_register_slice__parameterized0 has unconnected port ACLK
WARNING: [Synth 8-3331] design axis_register_slice_v1_1_19_axisc_register_slice__parameterized0 has unconnected port ACLK2X
WARNING: [Synth 8-3331] design axis_register_slice_v1_1_19_axisc_register_slice__parameterized0 has unconnected port ARESET
WARNING: [Synth 8-3331] design axis_register_slice_v1_1_19_axisc_register_slice__parameterized0 has unconnected port ACLKEN
WARNING: [Synth 8-3331] design axis_infrastructure_v1_1_0_util_axis2vector__parameterized0 has unconnected port TSTRB[7]
WARNING: [Synth 8-3331] design axis_infrastructure_v1_1_0_util_axis2vector__parameterized0 has unconnected port TSTRB[6]
WARNING: [Synth 8-3331] design axis_infrastructure_v1_1_0_util_axis2vector__parameterized0 has unconnected port TSTRB[5]
WARNING: [Synth 8-3331] design axis_infrastructure_v1_1_0_util_axis2vector__parameterized0 has unconnected port TSTRB[4]
WARNING: [Synth 8-3331] design axis_infrastructure_v1_1_0_util_axis2vector__parameterized0 has unconnected port TSTRB[3]
WARNING: [Synth 8-3331] design axis_infrastructure_v1_1_0_util_axis2vector__parameterized0 has unconnected port TSTRB[2]
WARNING: [Synth 8-3331] design axis_infrastructure_v1_1_0_util_axis2vector__parameterized0 has unconnected port TSTRB[1]
WARNING: [Synth 8-3331] design axis_infrastructure_v1_1_0_util_axis2vector__parameterized0 has unconnected port TSTRB[0]
WARNING: [Synth 8-3331] design axis_infrastructure_v1_1_0_util_axis2vector__parameterized0 has unconnected port TKEEP[7]
WARNING: [Synth 8-3331] design axis_infrastructure_v1_1_0_util_axis2vector__parameterized0 has unconnected port TKEEP[6]
WARNING: [Synth 8-3331] design axis_infrastructure_v1_1_0_util_axis2vector__parameterized0 has unconnected port TKEEP[5]
WARNING: [Synth 8-3331] design axis_infrastructure_v1_1_0_util_axis2vector__parameterized0 has unconnected port TKEEP[4]
WARNING: [Synth 8-3331] design axis_infrastructure_v1_1_0_util_axis2vector__parameterized0 has unconnected port TKEEP[3]
WARNING: [Synth 8-3331] design axis_infrastructure_v1_1_0_util_axis2vector__parameterized0 has unconnected port TKEEP[2]
WARNING: [Synth 8-3331] design axis_infrastructure_v1_1_0_util_axis2vector__parameterized0 has unconnected port TKEEP[1]
WARNING: [Synth 8-3331] design axis_infrastructure_v1_1_0_util_axis2vector__parameterized0 has unconnected port TKEEP[0]
WARNING: [Synth 8-3331] design axis_infrastructure_v1_1_0_util_axis2vector__parameterized0 has unconnected port TLAST
WARNING: [Synth 8-3331] design axis_infrastructure_v1_1_0_util_axis2vector__parameterized0 has unconnected port TID[0]
WARNING: [Synth 8-3331] design axis_infrastructure_v1_1_0_util_axis2vector__parameterized0 has unconnected port TDEST[0]
WARNING: [Synth 8-3331] design axis_infrastructure_v1_1_0_util_axis2vector__parameterized0 has unconnected port TUSER[7]
WARNING: [Synth 8-3331] design axis_infrastructure_v1_1_0_util_axis2vector__parameterized0 has unconnected port TUSER[6]
WARNING: [Synth 8-3331] design axis_infrastructure_v1_1_0_util_axis2vector__parameterized0 has unconnected port TUSER[5]
WARNING: [Synth 8-3331] design axis_infrastructure_v1_1_0_util_axis2vector__parameterized0 has unconnected port TUSER[4]
WARNING: [Synth 8-3331] design axis_infrastructure_v1_1_0_util_axis2vector__parameterized0 has unconnected port TUSER[3]
WARNING: [Synth 8-3331] design axis_infrastructure_v1_1_0_util_axis2vector__parameterized0 has unconnected port TUSER[2]
WARNING: [Synth 8-3331] design axis_infrastructure_v1_1_0_util_axis2vector__parameterized0 has unconnected port TUSER[1]
WARNING: [Synth 8-3331] design axis_infrastructure_v1_1_0_util_axis2vector__parameterized0 has unconnected port TUSER[0]
WARNING: [Synth 8-3331] design axis_register_slice_v1_1_19_axisc_register_slice has unconnected port ACLK
WARNING: [Synth 8-3331] design axis_register_slice_v1_1_19_axisc_register_slice has unconnected port ACLK2X
WARNING: [Synth 8-3331] design axis_register_slice_v1_1_19_axisc_register_slice has unconnected port ARESET
WARNING: [Synth 8-3331] design axis_register_slice_v1_1_19_axisc_register_slice has unconnected port ACLKEN
WARNING: [Synth 8-3331] design axis_infrastructure_v1_1_0_util_axis2vector has unconnected port TSTRB[3]
WARNING: [Synth 8-3331] design axis_infrastructure_v1_1_0_util_axis2vector has unconnected port TSTRB[2]
WARNING: [Synth 8-3331] design axis_infrastructure_v1_1_0_util_axis2vector has unconnected port TSTRB[1]
WARNING: [Synth 8-3331] design axis_infrastructure_v1_1_0_util_axis2vector has unconnected port TSTRB[0]
WARNING: [Synth 8-3331] design axis_infrastructure_v1_1_0_util_axis2vector has unconnected port TKEEP[3]
WARNING: [Synth 8-3331] design axis_infrastructure_v1_1_0_util_axis2vector has unconnected port TKEEP[2]
WARNING: [Synth 8-3331] design axis_infrastructure_v1_1_0_util_axis2vector has unconnected port TKEEP[1]
WARNING: [Synth 8-3331] design axis_infrastructure_v1_1_0_util_axis2vector has unconnected port TKEEP[0]
WARNING: [Synth 8-3331] design axis_infrastructure_v1_1_0_util_axis2vector has unconnected port TLAST
WARNING: [Synth 8-3331] design axis_infrastructure_v1_1_0_util_axis2vector has unconnected port TID[0]
WARNING: [Synth 8-3331] design axis_infrastructure_v1_1_0_util_axis2vector has unconnected port TDEST[0]
WARNING: [Synth 8-3331] design axis_infrastructure_v1_1_0_util_axis2vector has unconnected port TUSER[3]
WARNING: [Synth 8-3331] design axis_infrastructure_v1_1_0_util_axis2vector has unconnected port TUSER[2]
WARNING: [Synth 8-3331] design axis_infrastructure_v1_1_0_util_axis2vector has unconnected port TUSER[1]
WARNING: [Synth 8-3331] design axis_infrastructure_v1_1_0_util_axis2vector has unconnected port TUSER[0]
WARNING: [Synth 8-3331] design axis_dwidth_converter_v1_1_18_axis_dwidth_converter has unconnected port s_axis_tkeep[3]
WARNING: [Synth 8-3331] design axis_dwidth_converter_v1_1_18_axis_dwidth_converter has unconnected port s_axis_tkeep[2]
WARNING: [Synth 8-3331] design axis_dwidth_converter_v1_1_18_axis_dwidth_converter has unconnected port s_axis_tkeep[1]
WARNING: [Synth 8-3331] design axis_dwidth_converter_v1_1_18_axis_dwidth_converter has unconnected port s_axis_tkeep[0]
WARNING: [Synth 8-3331] design axis_dwidth_converter_v1_1_18_axis_dwidth_converter has unconnected port s_axis_tuser[0]
---------------------------------------------------------------------------------
Finished RTL Elaboration : Time (s): cpu = 00:00:04 ; elapsed = 00:00:07 . Memory (MB): peak = 1843.125 ; gain = 213.156 ; free physical = 2590 ; free virtual = 5499
---------------------------------------------------------------------------------

Report Check Netlist: 
+------+------------------+-------+---------+-------+------------------+
|      |Item              |Errors |Warnings |Status |Description       |
+------+------------------+-------+---------+-------+------------------+
|1     |multi_driven_nets |      0|        0|Passed |Multi driven nets |
+------+------------------+-------+---------+-------+------------------+
---------------------------------------------------------------------------------
Start Handling Custom Attributes
---------------------------------------------------------------------------------
---------------------------------------------------------------------------------
Finished Handling Custom Attributes : Time (s): cpu = 00:00:05 ; elapsed = 00:00:07 . Memory (MB): peak = 1846.094 ; gain = 216.125 ; free physical = 2565 ; free virtual = 5474
---------------------------------------------------------------------------------
---------------------------------------------------------------------------------
Finished RTL Optimization Phase 1 : Time (s): cpu = 00:00:05 ; elapsed = 00:00:07 . Memory (MB): peak = 1846.094 ; gain = 216.125 ; free physical = 2565 ; free virtual = 5474
---------------------------------------------------------------------------------
INFO: [Project 1-570] Preparing netlist for logic optimization

Processing XDC Constraints
Initializing timing engine
Parsing XDC File [/home/adi/repo/notes/sem3/ELD2024_LAB/eld_endsem/eld_endsem.srcs/sources_1/bd/design_1/ip/design_1_axis_dwidth_converter_0_0/design_1_axis_dwidth_converter_0_0_ooc.xdc] for cell 'inst'
Finished Parsing XDC File [/home/adi/repo/notes/sem3/ELD2024_LAB/eld_endsem/eld_endsem.srcs/sources_1/bd/design_1/ip/design_1_axis_dwidth_converter_0_0/design_1_axis_dwidth_converter_0_0_ooc.xdc] for cell 'inst'
Parsing XDC File [/home/adi/repo/notes/sem3/ELD2024_LAB/eld_endsem/eld_endsem.runs/design_1_axis_dwidth_converter_0_0_synth_1/dont_touch.xdc]
Finished Parsing XDC File [/home/adi/repo/notes/sem3/ELD2024_LAB/eld_endsem/eld_endsem.runs/design_1_axis_dwidth_converter_0_0_synth_1/dont_touch.xdc]
Completed Processing XDC Constraints

Netlist sorting complete. Time (s): cpu = 00:00:00 ; elapsed = 00:00:00 . Memory (MB): peak = 2017.812 ; gain = 0.000 ; free physical = 2043 ; free virtual = 4965
INFO: [Project 1-111] Unisim Transformation Summary:
No Unisim elements were transformed.

Constraint Validation Runtime : Time (s): cpu = 00:00:00.02 ; elapsed = 00:00:00.03 . Memory (MB): peak = 2024.750 ; gain = 6.938 ; free physical = 2041 ; free virtual = 4963
---------------------------------------------------------------------------------
Finished Constraint Validation : Time (s): cpu = 00:00:08 ; elapsed = 00:00:12 . Memory (MB): peak = 2024.750 ; gain = 394.781 ; free physical = 2363 ; free virtual = 5292
---------------------------------------------------------------------------------
---------------------------------------------------------------------------------
Start Loading Part and Timing Information
---------------------------------------------------------------------------------
Loading part: xc7z020clg484-1
---------------------------------------------------------------------------------
Finished Loading Part and Timing Information : Time (s): cpu = 00:00:08 ; elapsed = 00:00:12 . Memory (MB): peak = 2024.750 ; gain = 394.781 ; free physical = 2363 ; free virtual = 5292
---------------------------------------------------------------------------------
---------------------------------------------------------------------------------
Start Applying 'set_property' XDC Constraints
---------------------------------------------------------------------------------
Applied set_property DONT_TOUCH = true for inst. (constraint file  /home/adi/repo/notes/sem3/ELD2024_LAB/eld_endsem/eld_endsem.runs/design_1_axis_dwidth_converter_0_0_synth_1/dont_touch.xdc, line 9).
---------------------------------------------------------------------------------
Finished applying 'set_property' XDC Constraints : Time (s): cpu = 00:00:08 ; elapsed = 00:00:12 . Memory (MB): peak = 2024.750 ; gain = 394.781 ; free physical = 2365 ; free virtual = 5293
---------------------------------------------------------------------------------
INFO: [Synth 8-4490] FSM extraction disabled for register 'state_reg' through user attribute
---------------------------------------------------------------------------------
Finished RTL Optimization Phase 2 : Time (s): cpu = 00:00:08 ; elapsed = 00:00:13 . Memory (MB): peak = 2024.750 ; gain = 394.781 ; free physical = 2402 ; free virtual = 5332
---------------------------------------------------------------------------------

Report RTL Partitions: 
+-+--------------+------------+----------+
| |RTL Partition |Replication |Instances |
+-+--------------+------------+----------+
+-+--------------+------------+----------+
---------------------------------------------------------------------------------
Start RTL Component Statistics 
---------------------------------------------------------------------------------
Detailed RTL Component Info : 
+---Registers : 
	               32 Bit    Registers := 3     
	                4 Bit    Registers := 9     
	                3 Bit    Registers := 1     
	                2 Bit    Registers := 1     
	                1 Bit    Registers := 9     
+---Muxes : 
	   3 Input      3 Bit        Muxes := 2     
	   2 Input      3 Bit        Muxes := 3     
	   2 Input      2 Bit        Muxes := 5     
	   2 Input      1 Bit        Muxes := 3     
---------------------------------------------------------------------------------
Finished RTL Component Statistics 
---------------------------------------------------------------------------------
---------------------------------------------------------------------------------
Start RTL Hierarchical Component Statistics 
---------------------------------------------------------------------------------
Hierarchical RTL Component report 
Module axis_dwidth_converter_v1_1_18_axisc_upsizer 
Detailed RTL Component Info : 
+---Registers : 
	               32 Bit    Registers := 3     
	                4 Bit    Registers := 9     
	                3 Bit    Registers := 1     
	                2 Bit    Registers := 1     
	                1 Bit    Registers := 6     
+---Muxes : 
	   3 Input      3 Bit        Muxes := 2     
	   2 Input      3 Bit        Muxes := 3     
	   2 Input      2 Bit        Muxes := 5     
	   2 Input      1 Bit        Muxes := 3     
Module axis_register_slice_v1_1_19_axis_register_slice 
Detailed RTL Component Info : 
+---Registers : 
	                1 Bit    Registers := 1     
Module axis_register_slice_v1_1_19_axis_register_slice__parameterized0 
Detailed RTL Component Info : 
+---Registers : 
	                1 Bit    Registers := 1     
Module axis_dwidth_converter_v1_1_18_axis_dwidth_converter 
Detailed RTL Component Info : 
+---Registers : 
	                1 Bit    Registers := 1     
---------------------------------------------------------------------------------
Finished RTL Hierarchical Component Statistics
---------------------------------------------------------------------------------
---------------------------------------------------------------------------------
Start Part Resource Summary
---------------------------------------------------------------------------------
Part Resources:
DSPs: 220 (col length:60)
BRAMs: 280 (col length: RAMB18 60 RAMB36 30)
---------------------------------------------------------------------------------
Finished Part Resource Summary
---------------------------------------------------------------------------------
---------------------------------------------------------------------------------
Start Cross Boundary and Area Optimization
---------------------------------------------------------------------------------
Warning: Parallel synthesis criteria is not met 
INFO: [Synth 8-4471] merging register 'gen_upsizer_conversion.axisc_upsizer_0/r0_dest_reg[0:0]' into 'gen_upsizer_conversion.axisc_upsizer_0/r0_id_reg[0:0]' [/home/adi/repo/notes/sem3/ELD2024_LAB/eld_endsem/eld_endsem.srcs/sources_1/bd/design_1/ipshared/7d46/hdl/axis_dwidth_converter_v1_1_vl_rfs.v:707]
INFO: [Synth 8-4471] merging register 'gen_upsizer_conversion.axisc_upsizer_0/r0_user_reg[3:0]' into 'gen_upsizer_conversion.axisc_upsizer_0/r0_strb_reg[3:0]' [/home/adi/repo/notes/sem3/ELD2024_LAB/eld_endsem/eld_endsem.srcs/sources_1/bd/design_1/ipshared/7d46/hdl/axis_dwidth_converter_v1_1_vl_rfs.v:708]
WARNING: [Synth 8-3331] design axis_dwidth_converter_v1_1_18_axis_dwidth_converter has unconnected port s_axis_tstrb[3]
WARNING: [Synth 8-3331] design axis_dwidth_converter_v1_1_18_axis_dwidth_converter has unconnected port s_axis_tstrb[2]
WARNING: [Synth 8-3331] design axis_dwidth_converter_v1_1_18_axis_dwidth_converter has unconnected port s_axis_tstrb[1]
WARNING: [Synth 8-3331] design axis_dwidth_converter_v1_1_18_axis_dwidth_converter has unconnected port s_axis_tstrb[0]
WARNING: [Synth 8-3331] design axis_dwidth_converter_v1_1_18_axis_dwidth_converter has unconnected port s_axis_tkeep[3]
WARNING: [Synth 8-3331] design axis_dwidth_converter_v1_1_18_axis_dwidth_converter has unconnected port s_axis_tkeep[2]
WARNING: [Synth 8-3331] design axis_dwidth_converter_v1_1_18_axis_dwidth_converter has unconnected port s_axis_tkeep[1]
WARNING: [Synth 8-3331] design axis_dwidth_converter_v1_1_18_axis_dwidth_converter has unconnected port s_axis_tkeep[0]
WARNING: [Synth 8-3331] design axis_dwidth_converter_v1_1_18_axis_dwidth_converter has unconnected port s_axis_tlast
WARNING: [Synth 8-3331] design axis_dwidth_converter_v1_1_18_axis_dwidth_converter has unconnected port s_axis_tid[0]
WARNING: [Synth 8-3331] design axis_dwidth_converter_v1_1_18_axis_dwidth_converter has unconnected port s_axis_tdest[0]
WARNING: [Synth 8-3331] design axis_dwidth_converter_v1_1_18_axis_dwidth_converter has unconnected port s_axis_tuser[0]
INFO: [Synth 8-3333] propagating constant 0 across sequential element (inst/\gen_upsizer_conversion.axisc_upsizer_0/r0_last_reg )
---------------------------------------------------------------------------------
Finished Cross Boundary and Area Optimization : Time (s): cpu = 00:00:09 ; elapsed = 00:00:13 . Memory (MB): peak = 2024.750 ; gain = 394.781 ; free physical = 2346 ; free virtual = 5307
---------------------------------------------------------------------------------

Report RTL Partitions: 
+-+--------------+------------+----------+
| |RTL Partition |Replication |Instances |
+-+--------------+------------+----------+
+-+--------------+------------+----------+
---------------------------------------------------------------------------------
Start Applying XDC Timing Constraints
---------------------------------------------------------------------------------
---------------------------------------------------------------------------------
Finished Applying XDC Timing Constraints : Time (s): cpu = 00:00:12 ; elapsed = 00:00:16 . Memory (MB): peak = 2024.750 ; gain = 394.781 ; free physical = 1815 ; free virtual = 4762
---------------------------------------------------------------------------------
---------------------------------------------------------------------------------
Start Timing Optimization
---------------------------------------------------------------------------------
---------------------------------------------------------------------------------
Finished Timing Optimization : Time (s): cpu = 00:00:12 ; elapsed = 00:00:16 . Memory (MB): peak = 2024.750 ; gain = 394.781 ; free physical = 1811 ; free virtual = 4757
---------------------------------------------------------------------------------

Report RTL Partitions: 
+-+--------------+------------+----------+
| |RTL Partition |Replication |Instances |
+-+--------------+------------+----------+
+-+--------------+------------+----------+
---------------------------------------------------------------------------------
Start Technology Mapping
---------------------------------------------------------------------------------
---------------------------------------------------------------------------------
Finished Technology Mapping : Time (s): cpu = 00:00:12 ; elapsed = 00:00:16 . Memory (MB): peak = 2024.750 ; gain = 394.781 ; free physical = 1805 ; free virtual = 4752
---------------------------------------------------------------------------------

Report RTL Partitions: 
+-+--------------+------------+----------+
| |RTL Partition |Replication |Instances |
+-+--------------+------------+----------+
+-+--------------+------------+----------+
---------------------------------------------------------------------------------
Start IO Insertion
---------------------------------------------------------------------------------
---------------------------------------------------------------------------------
Start Flattening Before IO Insertion
---------------------------------------------------------------------------------
---------------------------------------------------------------------------------
Finished Flattening Before IO Insertion
---------------------------------------------------------------------------------
---------------------------------------------------------------------------------
Start Final Netlist Cleanup
---------------------------------------------------------------------------------
---------------------------------------------------------------------------------
Finished Final Netlist Cleanup
---------------------------------------------------------------------------------
---------------------------------------------------------------------------------
Finished IO Insertion : Time (s): cpu = 00:00:13 ; elapsed = 00:00:17 . Memory (MB): peak = 2024.750 ; gain = 394.781 ; free physical = 1519 ; free virtual = 4465
---------------------------------------------------------------------------------

Report Check Netlist: 
+------+------------------+-------+---------+-------+------------------+
|      |Item              |Errors |Warnings |Status |Description       |
+------+------------------+-------+---------+-------+------------------+
|1     |multi_driven_nets |      0|        0|Passed |Multi driven nets |
+------+------------------+-------+---------+-------+------------------+
---------------------------------------------------------------------------------
Start Renaming Generated Instances
---------------------------------------------------------------------------------
---------------------------------------------------------------------------------
Finished Renaming Generated Instances : Time (s): cpu = 00:00:13 ; elapsed = 00:00:17 . Memory (MB): peak = 2024.750 ; gain = 394.781 ; free physical = 1524 ; free virtual = 4470
---------------------------------------------------------------------------------

Report RTL Partitions: 
+-+--------------+------------+----------+
| |RTL Partition |Replication |Instances |
+-+--------------+------------+----------+
+-+--------------+------------+----------+
---------------------------------------------------------------------------------
Start Rebuilding User Hierarchy
---------------------------------------------------------------------------------
---------------------------------------------------------------------------------
Finished Rebuilding User Hierarchy : Time (s): cpu = 00:00:13 ; elapsed = 00:00:17 . Memory (MB): peak = 2024.750 ; gain = 394.781 ; free physical = 1525 ; free virtual = 4471
---------------------------------------------------------------------------------
---------------------------------------------------------------------------------
Start Renaming Generated Ports
---------------------------------------------------------------------------------
---------------------------------------------------------------------------------
Finished Renaming Generated Ports : Time (s): cpu = 00:00:13 ; elapsed = 00:00:17 . Memory (MB): peak = 2024.750 ; gain = 394.781 ; free physical = 1527 ; free virtual = 4474
---------------------------------------------------------------------------------
---------------------------------------------------------------------------------
Start Handling Custom Attributes
---------------------------------------------------------------------------------
---------------------------------------------------------------------------------
Finished Handling Custom Attributes : Time (s): cpu = 00:00:13 ; elapsed = 00:00:17 . Memory (MB): peak = 2024.750 ; gain = 394.781 ; free physical = 1529 ; free virtual = 4476
---------------------------------------------------------------------------------
---------------------------------------------------------------------------------
Start Renaming Generated Nets
---------------------------------------------------------------------------------
---------------------------------------------------------------------------------
Finished Renaming Generated Nets : Time (s): cpu = 00:00:13 ; elapsed = 00:00:17 . Memory (MB): peak = 2024.750 ; gain = 394.781 ; free physical = 1531 ; free virtual = 4477
---------------------------------------------------------------------------------
---------------------------------------------------------------------------------
Start Writing Synthesis Report
---------------------------------------------------------------------------------

Report BlackBoxes: 
+-+--------------+----------+
| |BlackBox name |Instances |
+-+--------------+----------+
+-+--------------+----------+

Report Cell Usage: 
+------+-----+------+
|      |Cell |Count |
+------+-----+------+
|1     |LUT1 |     1|
|2     |LUT2 |     2|
|3     |LUT3 |     2|
|4     |LUT4 |     1|
|5     |LUT5 |     4|
|6     |LUT6 |     5|
|7     |FDRE |   102|
+------+-----+------+

Report Instance Areas: 
+------+---------------------------------------------+----------------------------------------------------+------+
|      |Instance                                     |Module                                              |Cells |
+------+---------------------------------------------+----------------------------------------------------+------+
|1     |top                                          |                                                    |   117|
|2     |  inst                                       |axis_dwidth_converter_v1_1_18_axis_dwidth_converter |   117|
|3     |    \gen_upsizer_conversion.axisc_upsizer_0  |axis_dwidth_converter_v1_1_18_axisc_upsizer         |   115|
+------+---------------------------------------------+----------------------------------------------------+------+
---------------------------------------------------------------------------------
Finished Writing Synthesis Report : Time (s): cpu = 00:00:13 ; elapsed = 00:00:17 . Memory (MB): peak = 2024.750 ; gain = 394.781 ; free physical = 1532 ; free virtual = 4478
---------------------------------------------------------------------------------
Synthesis finished with 0 errors, 0 critical warnings and 12 warnings.
Synthesis Optimization Runtime : Time (s): cpu = 00:00:11 ; elapsed = 00:00:15 . Memory (MB): peak = 2024.750 ; gain = 216.125 ; free physical = 1569 ; free virtual = 4516
Synthesis Optimization Complete : Time (s): cpu = 00:00:13 ; elapsed = 00:00:17 . Memory (MB): peak = 2024.750 ; gain = 394.781 ; free physical = 1569 ; free virtual = 4516
INFO: [Project 1-571] Translating synthesized netlist
INFO: [Project 1-570] Preparing netlist for logic optimization
INFO: [Opt 31-138] Pushed 0 inverter(s) to 0 load pin(s).
Netlist sorting complete. Time (s): cpu = 00:00:00 ; elapsed = 00:00:00 . Memory (MB): peak = 2024.750 ; gain = 0.000 ; free physical = 1495 ; free virtual = 4439
INFO: [Project 1-111] Unisim Transformation Summary:
No Unisim elements were transformed.

INFO: [Common 17-83] Releasing license: Synthesis
36 Infos, 67 Warnings, 0 Critical Warnings and 0 Errors encountered.
synth_design completed successfully
synth_design: Time (s): cpu = 00:00:17 ; elapsed = 00:00:34 . Memory (MB): peak = 2024.750 ; gain = 618.141 ; free physical = 1621 ; free virtual = 4565
Netlist sorting complete. Time (s): cpu = 00:00:00 ; elapsed = 00:00:00 . Memory (MB): peak = 2024.750 ; gain = 0.000 ; free physical = 1622 ; free virtual = 4566
WARNING: [Constraints 18-5210] No constraints selected for write.
Resolution: This message can indicate that there are no constraints for the design, or it can indicate that the used_in flags are set such that the constraints are ignored. This later case is used when running synth_design to not write synthesis constraints to the resulting checkpoint. Instead, project constraints are read when the synthesized design is opened.
INFO: [Common 17-1381] The checkpoint '/home/adi/repo/notes/sem3/ELD2024_LAB/eld_endsem/eld_endsem.runs/design_1_axis_dwidth_converter_0_0_synth_1/design_1_axis_dwidth_converter_0_0.dcp' has been generated.
WARNING: [Common 17-576] 'use_project_ipc' is deprecated. This option is deprecated and no longer used.
INFO: [Coretcl 2-1648] Added synthesis output to IP cache for IP design_1_axis_dwidth_converter_0_0, cache-ID = 7fc0d80b0aa8f02f
INFO: [Coretcl 2-1174] Renamed 2 cell refs.
Netlist sorting complete. Time (s): cpu = 00:00:00 ; elapsed = 00:00:00 . Memory (MB): peak = 2048.762 ; gain = 0.000 ; free physical = 2371 ; free virtual = 5315
WARNING: [Constraints 18-5210] No constraints selected for write.
Resolution: This message can indicate that there are no constraints for the design, or it can indicate that the used_in flags are set such that the constraints are ignored. This later case is used when running synth_design to not write synthesis constraints to the resulting checkpoint. Instead, project constraints are read when the synthesized design is opened.
INFO: [Common 17-1381] The checkpoint '/home/adi/repo/notes/sem3/ELD2024_LAB/eld_endsem/eld_endsem.runs/design_1_axis_dwidth_converter_0_0_synth_1/design_1_axis_dwidth_converter_0_0.dcp' has been generated.
INFO: [runtcl-4] Executing : report_utilization -file design_1_axis_dwidth_converter_0_0_utilization_synth.rpt -pb design_1_axis_dwidth_converter_0_0_utilization_synth.pb
INFO: [Common 17-206] Exiting Vivado at Sat Dec  7 13:00:50 2024...
